{"/Users/sercancelenk/development/workspaces/projects/leeadman/src/core/actions/index.ts": {"path":"/Users/sercancelenk/development/workspaces/projects/leeadman/src/core/actions/index.ts","statementMap":{"0":{"start":{"line":26,"column":8},"end":{"line":26,"column":null}},"1":{"start":{"line":27,"column":8},"end":{"line":27,"column":null}},"2":{"start":{"line":28,"column":8},"end":{"line":28,"column":null}},"3":{"start":{"line":29,"column":8},"end":{"line":29,"column":null}},"4":{"start":{"line":30,"column":21},"end":{"line":30,"column":null}},"5":{"start":{"line":31,"column":23},"end":{"line":38,"column":null}},"6":{"start":{"line":39,"column":25},"end":{"line":45,"column":null}},"7":{"start":{"line":46,"column":2},"end":{"line":51,"column":null}},"8":{"start":{"line":55,"column":2},"end":{"line":66,"column":null}},"9":{"start":{"line":58,"column":6},"end":{"line":64,"column":null}},"10":{"start":{"line":70,"column":20},"end":{"line":70,"column":null}},"11":{"start":{"line":70,"column":54},"end":{"line":70,"column":73}},"12":{"start":{"line":70,"column":86},"end":{"line":70,"column":90}},"13":{"start":{"line":71,"column":16},"end":{"line":71,"column":null}},"14":{"start":{"line":71,"column":41},"end":{"line":71,"column":56}},"15":{"start":{"line":72,"column":17},"end":{"line":72,"column":null}},"16":{"start":{"line":72,"column":43},"end":{"line":72,"column":62}},"17":{"start":{"line":73,"column":16},"end":{"line":73,"column":null}},"18":{"start":{"line":73,"column":42},"end":{"line":73,"column":69}},"19":{"start":{"line":75,"column":4},"end":{"line":77,"column":null}},"20":{"start":{"line":75,"column":85},"end":{"line":75,"column":109}},"21":{"start":{"line":78,"column":18},"end":{"line":83,"column":null}},"22":{"start":{"line":81,"column":69},"end":{"line":81,"column":82}},"23":{"start":{"line":84,"column":2},"end":{"line":96,"column":null}},"24":{"start":{"line":91,"column":12},"end":{"line":91,"column":null}},"25":{"start":{"line":92,"column":17},"end":{"line":92,"column":null}},"26":{"start":{"line":92,"column":40},"end":{"line":92,"column":55}},"27":{"start":{"line":93,"column":6},"end":{"line":93,"column":null}},"28":{"start":{"line":100,"column":2},"end":{"line":100,"column":null}},"29":{"start":{"line":100,"column":30},"end":{"line":100,"column":45}},"30":{"start":{"line":100,"column":48},"end":{"line":100,"column":null}},"31":{"start":{"line":101,"column":8},"end":{"line":101,"column":null}},"32":{"start":{"line":102,"column":20},"end":{"line":109,"column":null}},"33":{"start":{"line":110,"column":2},"end":{"line":110,"column":null}},"34":{"start":{"line":118,"column":2},"end":{"line":139,"column":null}},"35":{"start":{"line":121,"column":6},"end":{"line":121,"column":null}},"36":{"start":{"line":121,"column":23},"end":{"line":121,"column":null}},"37":{"start":{"line":122,"column":6},"end":{"line":130,"column":null}},"38":{"start":{"line":123,"column":8},"end":{"line":129,"column":null}},"39":{"start":{"line":131,"column":6},"end":{"line":137,"column":null}},"40":{"start":{"line":143,"column":12},"end":{"line":143,"column":null}},"41":{"start":{"line":143,"column":36},"end":{"line":143,"column":47}},"42":{"start":{"line":144,"column":2},"end":{"line":144,"column":null}},"43":{"start":{"line":144,"column":50},"end":{"line":144,"column":null}},"44":{"start":{"line":145,"column":2},"end":{"line":154,"column":null}},"45":{"start":{"line":147,"column":38},"end":{"line":147,"column":49}},"46":{"start":{"line":148,"column":37},"end":{"line":148,"column":55}},"47":{"start":{"line":150,"column":12},"end":{"line":150,"column":null}},"48":{"start":{"line":151,"column":17},"end":{"line":151,"column":null}},"49":{"start":{"line":151,"column":40},"end":{"line":151,"column":55}},"50":{"start":{"line":152,"column":6},"end":{"line":152,"column":null}},"51":{"start":{"line":158,"column":2},"end":{"line":158,"column":null}},"52":{"start":{"line":158,"column":40},"end":{"line":158,"column":55}},"53":{"start":{"line":158,"column":58},"end":{"line":158,"column":null}},"54":{"start":{"line":159,"column":2},"end":{"line":159,"column":null}},"55":{"start":{"line":182,"column":2},"end":{"line":182,"column":null}},"56":{"start":{"line":182,"column":31},"end":{"line":182,"column":48}},"57":{"start":{"line":182,"column":51},"end":{"line":182,"column":null}},"58":{"start":{"line":183,"column":8},"end":{"line":183,"column":null}},"59":{"start":{"line":184,"column":36},"end":{"line":184,"column":null}},"60":{"start":{"line":186,"column":4},"end":{"line":190,"column":null}},"61":{"start":{"line":191,"column":42},"end":{"line":191,"column":null}},"62":{"start":{"line":193,"column":4},"end":{"line":197,"column":null}},"63":{"start":{"line":198,"column":42},"end":{"line":198,"column":null}},"64":{"start":{"line":200,"column":4},"end":{"line":202,"column":null}},"65":{"start":{"line":203,"column":21},"end":{"line":220,"column":null}},"66":{"start":{"line":221,"column":2},"end":{"line":225,"column":null}},"67":{"start":{"line":224,"column":64},"end":{"line":224,"column":77}},"68":{"start":{"line":229,"column":2},"end":{"line":242,"column":null}},"69":{"start":{"line":231,"column":6},"end":{"line":231,"column":null}},"70":{"start":{"line":233,"column":6},"end":{"line":233,"column":null}},"71":{"start":{"line":235,"column":6},"end":{"line":235,"column":null}},"72":{"start":{"line":237,"column":6},"end":{"line":237,"column":null}},"73":{"start":{"line":239,"column":6},"end":{"line":239,"column":null}},"74":{"start":{"line":241,"column":6},"end":{"line":241,"column":null}},"75":{"start":{"line":265,"column":22},"end":{"line":265,"column":null}},"76":{"start":{"line":266,"column":16},"end":{"line":330,"column":null}},"77":{"start":{"line":267,"column":4},"end":{"line":267,"column":null}},"78":{"start":{"line":267,"column":22},"end":{"line":267,"column":null}},"79":{"start":{"line":268,"column":4},"end":{"line":273,"column":null}},"80":{"start":{"line":272,"column":6},"end":{"line":272,"column":null}},"81":{"start":{"line":275,"column":18},"end":{"line":275,"column":null}},"82":{"start":{"line":276,"column":17},"end":{"line":276,"column":null}},"83":{"start":{"line":277,"column":18},"end":{"line":277,"column":null}},"84":{"start":{"line":279,"column":6},"end":{"line":279,"column":null}},"85":{"start":{"line":280,"column":21},"end":{"line":280,"column":null}},"86":{"start":{"line":282,"column":6},"end":{"line":282,"column":null}},"87":{"start":{"line":283,"column":16},"end":{"line":283,"column":null}},"88":{"start":{"line":284,"column":21},"end":{"line":284,"column":null}},"89":{"start":{"line":286,"column":6},"end":{"line":290,"column":null}},"90":{"start":{"line":292,"column":15},"end":{"line":292,"column":null}},"91":{"start":{"line":293,"column":17},"end":{"line":293,"column":null}},"92":{"start":{"line":294,"column":21},"end":{"line":294,"column":null}},"93":{"start":{"line":296,"column":4},"end":{"line":312,"column":null}},"94":{"start":{"line":297,"column":6},"end":{"line":305,"column":null}},"95":{"start":{"line":298,"column":8},"end":{"line":298,"column":null}},"96":{"start":{"line":299,"column":8},"end":{"line":299,"column":null}},"97":{"start":{"line":300,"column":8},"end":{"line":300,"column":null}},"98":{"start":{"line":301,"column":13},"end":{"line":305,"column":null}},"99":{"start":{"line":302,"column":8},"end":{"line":302,"column":null}},"100":{"start":{"line":303,"column":8},"end":{"line":303,"column":null}},"101":{"start":{"line":304,"column":8},"end":{"line":304,"column":null}},"102":{"start":{"line":306,"column":11},"end":{"line":312,"column":null}},"103":{"start":{"line":307,"column":6},"end":{"line":307,"column":null}},"104":{"start":{"line":308,"column":6},"end":{"line":308,"column":null}},"105":{"start":{"line":309,"column":11},"end":{"line":312,"column":null}},"106":{"start":{"line":310,"column":6},"end":{"line":310,"column":null}},"107":{"start":{"line":311,"column":6},"end":{"line":311,"column":null}},"108":{"start":{"line":314,"column":4},"end":{"line":329,"column":null}},"109":{"start":{"line":331,"column":17},"end":{"line":333,"column":null}},"110":{"start":{"line":334,"column":23},"end":{"line":334,"column":null}},"111":{"start":{"line":334,"column":47},"end":{"line":334,"column":94}},"112":{"start":{"line":335,"column":2},"end":{"line":335,"column":null}},"113":{"start":{"line":335,"column":20},"end":{"line":335,"column":null}},"114":{"start":{"line":335,"column":54},"end":{"line":335,"column":72}},"115":{"start":{"line":336,"column":2},"end":{"line":340,"column":null}},"116":{"start":{"line":344,"column":13},"end":{"line":344,"column":null}},"117":{"start":{"line":344,"column":36},"end":{"line":344,"column":47}},"118":{"start":{"line":345,"column":2},"end":{"line":345,"column":null}},"119":{"start":{"line":345,"column":57},"end":{"line":345,"column":null}},"120":{"start":{"line":346,"column":2},"end":{"line":349,"column":null}},"121":{"start":{"line":347,"column":21},"end":{"line":347,"column":null}},"122":{"start":{"line":348,"column":4},"end":{"line":348,"column":null}},"123":{"start":{"line":350,"column":2},"end":{"line":350,"column":null}},"124":{"start":{"line":354,"column":2},"end":{"line":358,"column":null}},"125":{"start":{"line":356,"column":36},"end":{"line":356,"column":47}},"126":{"start":{"line":365,"column":12},"end":{"line":365,"column":null}},"127":{"start":{"line":367,"column":4},"end":{"line":371,"column":null}},"128":{"start":{"line":372,"column":2},"end":{"line":383,"column":null}},"129":{"start":{"line":390,"column":30},"end":{"line":390,"column":null}},"130":{"start":{"line":391,"column":27},"end":{"line":411,"column":null}},"131":{"start":{"line":412,"column":18},"end":{"line":412,"column":null}},"132":{"start":{"line":413,"column":2},"end":{"line":413,"column":null}},"133":{"start":{"line":417,"column":2},"end":{"line":417,"column":null}},"134":{"start":{"line":417,"column":30},"end":{"line":417,"column":45}},"135":{"start":{"line":417,"column":48},"end":{"line":417,"column":null}},"136":{"start":{"line":418,"column":12},"end":{"line":418,"column":null}},"137":{"start":{"line":419,"column":14},"end":{"line":419,"column":null}},"138":{"start":{"line":419,"column":47},"end":{"line":419,"column":82}},"139":{"start":{"line":419,"column":70},"end":{"line":419,"column":81}},"140":{"start":{"line":420,"column":14},"end":{"line":420,"column":null}},"141":{"start":{"line":421,"column":15},"end":{"line":421,"column":null}},"142":{"start":{"line":421,"column":39},"end":{"line":421,"column":51}},"143":{"start":{"line":421,"column":85},"end":{"line":421,"column":97}},"144":{"start":{"line":422,"column":2},"end":{"line":422,"column":null}},"145":{"start":{"line":426,"column":8},"end":{"line":426,"column":null}},"146":{"start":{"line":427,"column":19},"end":{"line":427,"column":null}},"147":{"start":{"line":427,"column":61},"end":{"line":427,"column":72}},"148":{"start":{"line":428,"column":23},"end":{"line":433,"column":null}},"149":{"start":{"line":434,"column":2},"end":{"line":434,"column":null}},"150":{"start":{"line":442,"column":2},"end":{"line":455,"column":null}},"151":{"start":{"line":445,"column":6},"end":{"line":453,"column":null}},"152":{"start":{"line":459,"column":2},"end":{"line":459,"column":null}},"153":{"start":{"line":459,"column":35},"end":{"line":459,"column":null}},"154":{"start":{"line":460,"column":19},"end":{"line":460,"column":null}},"155":{"start":{"line":460,"column":47},"end":{"line":460,"column":63}},"156":{"start":{"line":461,"column":2},"end":{"line":461,"column":null}},"157":{"start":{"line":461,"column":17},"end":{"line":461,"column":null}},"158":{"start":{"line":462,"column":21},"end":{"line":462,"column":null}},"159":{"start":{"line":462,"column":51},"end":{"line":462,"column":67}},"160":{"start":{"line":463,"column":2},"end":{"line":463,"column":null}},"161":{"start":{"line":463,"column":31},"end":{"line":463,"column":null}},"162":{"start":{"line":464,"column":20},"end":{"line":464,"column":null}},"163":{"start":{"line":464,"column":47},"end":{"line":464,"column":103}},"164":{"start":{"line":465,"column":2},"end":{"line":465,"column":null}},"165":{"start":{"line":481,"column":17},"end":{"line":481,"column":null}},"166":{"start":{"line":481,"column":45},"end":{"line":481,"column":61}},"167":{"start":{"line":482,"column":2},"end":{"line":482,"column":null}},"168":{"start":{"line":482,"column":15},"end":{"line":482,"column":null}},"169":{"start":{"line":483,"column":2},"end":{"line":483,"column":null}},"170":{"start":{"line":483,"column":33},"end":{"line":483,"column":null}},"171":{"start":{"line":485,"column":17},"end":{"line":485,"column":null}},"172":{"start":{"line":485,"column":61},"end":{"line":485,"column":83}},"173":{"start":{"line":486,"column":21},"end":{"line":486,"column":null}},"174":{"start":{"line":487,"column":23},"end":{"line":487,"column":null}},"175":{"start":{"line":489,"column":24},"end":{"line":489,"column":null}},"176":{"start":{"line":490,"column":28},"end":{"line":490,"column":null}},"177":{"start":{"line":492,"column":16},"end":{"line":494,"column":null}},"178":{"start":{"line":493,"column":19},"end":{"line":493,"column":97}},"179":{"start":{"line":494,"column":20},"end":{"line":494,"column":45}},"180":{"start":{"line":496,"column":19},"end":{"line":496,"column":null}},"181":{"start":{"line":496,"column":51},"end":{"line":496,"column":69}},"182":{"start":{"line":497,"column":31},"end":{"line":505,"column":null}},"183":{"start":{"line":509,"column":17},"end":{"line":509,"column":null}},"184":{"start":{"line":510,"column":24},"end":{"line":510,"column":null}},"185":{"start":{"line":511,"column":18},"end":{"line":511,"column":null}},"186":{"start":{"line":512,"column":2},"end":{"line":514,"column":null}},"187":{"start":{"line":513,"column":4},"end":{"line":513,"column":null}},"188":{"start":{"line":516,"column":2},"end":{"line":530,"column":null}},"189":{"start":{"line":519,"column":6},"end":{"line":526,"column":null}},"190":{"start":{"line":520,"column":8},"end":{"line":525,"column":null}},"191":{"start":{"line":527,"column":19},"end":{"line":527,"column":null}},"192":{"start":{"line":528,"column":6},"end":{"line":528,"column":null}},"193":{"start":{"line":539,"column":17},"end":{"line":539,"column":null}},"194":{"start":{"line":539,"column":45},"end":{"line":539,"column":61}},"195":{"start":{"line":540,"column":2},"end":{"line":540,"column":null}},"196":{"start":{"line":540,"column":15},"end":{"line":540,"column":null}},"197":{"start":{"line":541,"column":16},"end":{"line":543,"column":null}},"198":{"start":{"line":542,"column":19},"end":{"line":542,"column":87}},"199":{"start":{"line":543,"column":20},"end":{"line":543,"column":45}},"200":{"start":{"line":544,"column":14},"end":{"line":544,"column":null}},"201":{"start":{"line":544,"column":37},"end":{"line":544,"column":53}},"202":{"start":{"line":545,"column":2},"end":{"line":545,"column":null}},"203":{"start":{"line":545,"column":15},"end":{"line":545,"column":null}},"204":{"start":{"line":546,"column":19},"end":{"line":546,"column":null}},"205":{"start":{"line":547,"column":2},"end":{"line":547,"column":null}},"206":{"start":{"line":547,"column":17},"end":{"line":547,"column":null}},"207":{"start":{"line":548,"column":12},"end":{"line":548,"column":null}},"208":{"start":{"line":549,"column":12},"end":{"line":549,"column":null}},"209":{"start":{"line":550,"column":2},"end":{"line":557,"column":null}},"210":{"start":{"line":553,"column":6},"end":{"line":553,"column":null}},"211":{"start":{"line":553,"column":30},"end":{"line":553,"column":null}},"212":{"start":{"line":554,"column":6},"end":{"line":554,"column":null}},"213":{"start":{"line":554,"column":32},"end":{"line":554,"column":null}},"214":{"start":{"line":555,"column":6},"end":{"line":555,"column":null}},"215":{"start":{"line":567,"column":2},"end":{"line":572,"column":null}},"216":{"start":{"line":570,"column":13},"end":{"line":570,"column":null}},"217":{"start":{"line":581,"column":8},"end":{"line":581,"column":null}},"218":{"start":{"line":582,"column":2},"end":{"line":589,"column":null}},"219":{"start":{"line":585,"column":6},"end":{"line":587,"column":null}},"220":{"start":{"line":605,"column":14},"end":{"line":605,"column":null}},"221":{"start":{"line":605,"column":42},"end":{"line":605,"column":58}},"222":{"start":{"line":606,"column":2},"end":{"line":606,"column":null}},"223":{"start":{"line":606,"column":12},"end":{"line":606,"column":null}},"224":{"start":{"line":607,"column":8},"end":{"line":607,"column":null}},"225":{"start":{"line":611,"column":19},"end":{"line":613,"column":null}},"226":{"start":{"line":612,"column":19},"end":{"line":612,"column":36}},"227":{"start":{"line":613,"column":24},"end":{"line":613,"column":57}},"228":{"start":{"line":618,"column":22},"end":{"line":618,"column":null}},"229":{"start":{"line":619,"column":15},"end":{"line":619,"column":null}},"230":{"start":{"line":626,"column":4},"end":{"line":630,"column":null}},"231":{"start":{"line":627,"column":31},"end":{"line":627,"column":59}},"232":{"start":{"line":631,"column":25},"end":{"line":646,"column":null}},"233":{"start":{"line":647,"column":2},"end":{"line":647,"column":null}},"234":{"start":{"line":685,"column":22},"end":{"line":685,"column":null}},"235":{"start":{"line":686,"column":20},"end":{"line":773,"column":null}},"236":{"start":{"line":687,"column":6},"end":{"line":687,"column":null}},"237":{"start":{"line":687,"column":23},"end":{"line":687,"column":null}},"238":{"start":{"line":688,"column":6},"end":{"line":693,"column":null}},"239":{"start":{"line":692,"column":8},"end":{"line":692,"column":null}},"240":{"start":{"line":695,"column":8},"end":{"line":695,"column":null}},"241":{"start":{"line":695,"column":67},"end":{"line":695,"column":89}},"242":{"start":{"line":696,"column":12},"end":{"line":696,"column":null}},"243":{"start":{"line":701,"column":35},"end":{"line":701,"column":null}},"244":{"start":{"line":702,"column":6},"end":{"line":706,"column":null}},"245":{"start":{"line":703,"column":8},"end":{"line":703,"column":null}},"246":{"start":{"line":704,"column":13},"end":{"line":706,"column":null}},"247":{"start":{"line":705,"column":8},"end":{"line":705,"column":null}},"248":{"start":{"line":707,"column":23},"end":{"line":707,"column":null}},"249":{"start":{"line":711,"column":23},"end":{"line":711,"column":null}},"250":{"start":{"line":712,"column":6},"end":{"line":713,"column":null}},"251":{"start":{"line":712,"column":31},"end":{"line":712,"column":null}},"252":{"start":{"line":713,"column":11},"end":{"line":713,"column":null}},"253":{"start":{"line":713,"column":26},"end":{"line":713,"column":null}},"254":{"start":{"line":716,"column":8},"end":{"line":716,"column":null}},"255":{"start":{"line":724,"column":8},"end":{"line":724,"column":null}},"256":{"start":{"line":726,"column":8},"end":{"line":726,"column":null}},"257":{"start":{"line":732,"column":6},"end":{"line":735,"column":null}},"258":{"start":{"line":733,"column":8},"end":{"line":733,"column":null}},"259":{"start":{"line":734,"column":8},"end":{"line":734,"column":null}},"260":{"start":{"line":743,"column":41},"end":{"line":743,"column":null}},"261":{"start":{"line":744,"column":6},"end":{"line":747,"column":null}},"262":{"start":{"line":745,"column":24},"end":{"line":745,"column":null}},"263":{"start":{"line":746,"column":8},"end":{"line":746,"column":null}},"264":{"start":{"line":749,"column":8},"end":{"line":749,"column":null}},"265":{"start":{"line":751,"column":8},"end":{"line":751,"column":null}},"266":{"start":{"line":752,"column":6},"end":{"line":755,"column":null}},"267":{"start":{"line":753,"column":8},"end":{"line":753,"column":null}},"268":{"start":{"line":754,"column":8},"end":{"line":754,"column":null}},"269":{"start":{"line":757,"column":6},"end":{"line":772,"column":null}},"270":{"start":{"line":774,"column":30},"end":{"line":776,"column":null}},"271":{"start":{"line":777,"column":2},"end":{"line":781,"column":null}},"272":{"start":{"line":791,"column":2},"end":{"line":791,"column":null}},"273":{"start":{"line":807,"column":17},"end":{"line":807,"column":null}},"274":{"start":{"line":807,"column":44},"end":{"line":807,"column":59}},"275":{"start":{"line":808,"column":2},"end":{"line":808,"column":null}},"276":{"start":{"line":808,"column":15},"end":{"line":808,"column":null}},"277":{"start":{"line":809,"column":2},"end":{"line":809,"column":null}},"278":{"start":{"line":809,"column":31},"end":{"line":809,"column":null}},"279":{"start":{"line":810,"column":2},"end":{"line":810,"column":null}},"280":{"start":{"line":810,"column":35},"end":{"line":810,"column":57}},"281":{"start":{"line":810,"column":60},"end":{"line":810,"column":null}},"282":{"start":{"line":812,"column":16},"end":{"line":814,"column":null}},"283":{"start":{"line":813,"column":19},"end":{"line":813,"column":65}},"284":{"start":{"line":814,"column":14},"end":{"line":814,"column":59}},"285":{"start":{"line":816,"column":19},"end":{"line":818,"column":null}},"286":{"start":{"line":817,"column":29},"end":{"line":817,"column":50}},"287":{"start":{"line":820,"column":30},"end":{"line":824,"column":null}},"288":{"start":{"line":828,"column":20},"end":{"line":828,"column":null}},"289":{"start":{"line":829,"column":2},"end":{"line":829,"column":null}},"290":{"start":{"line":829,"column":30},"end":{"line":829,"column":59}},"291":{"start":{"line":831,"column":2},"end":{"line":844,"column":null}},"292":{"start":{"line":834,"column":24},"end":{"line":834,"column":null}},"293":{"start":{"line":835,"column":6},"end":{"line":835,"column":null}},"294":{"start":{"line":835,"column":35},"end":{"line":835,"column":null}},"295":{"start":{"line":836,"column":20},"end":{"line":836,"column":null}},"296":{"start":{"line":837,"column":6},"end":{"line":842,"column":null}},"297":{"start":{"line":852,"column":2},"end":{"line":855,"column":null}},"298":{"start":{"line":854,"column":44},"end":{"line":854,"column":86}},"299":{"start":{"line":859,"column":12},"end":{"line":859,"column":null}},"300":{"start":{"line":859,"column":39},"end":{"line":859,"column":50}},"301":{"start":{"line":860,"column":2},"end":{"line":860,"column":null}},"302":{"start":{"line":860,"column":10},"end":{"line":860,"column":null}},"303":{"start":{"line":861,"column":2},"end":{"line":861,"column":null}},"304":{"start":{"line":865,"column":2},"end":{"line":869,"column":null}},"305":{"start":{"line":867,"column":44},"end":{"line":867,"column":55}},"306":{"start":{"line":885,"column":8},"end":{"line":885,"column":null}},"307":{"start":{"line":886,"column":21},"end":{"line":894,"column":null}},"308":{"start":{"line":895,"column":2},"end":{"line":895,"column":null}},"309":{"start":{"line":899,"column":2},"end":{"line":902,"column":null}},"310":{"start":{"line":901,"column":34},"end":{"line":901,"column":90}},"311":{"start":{"line":916,"column":4},"end":{"line":920,"column":null}},"312":{"start":{"line":921,"column":2},"end":{"line":929,"column":null}},"313":{"start":{"line":924,"column":6},"end":{"line":924,"column":null}},"314":{"start":{"line":924,"column":23},"end":{"line":924,"column":null}},"315":{"start":{"line":925,"column":25},"end":{"line":925,"column":null}},"316":{"start":{"line":926,"column":6},"end":{"line":926,"column":null}},"317":{"start":{"line":926,"column":27},"end":{"line":926,"column":null}},"318":{"start":{"line":927,"column":6},"end":{"line":927,"column":null}},"319":{"start":{"line":933,"column":2},"end":{"line":933,"column":null}},"320":{"start":{"line":933,"column":52},"end":{"line":933,"column":63}},"321":{"start":{"line":937,"column":2},"end":{"line":940,"column":null}},"322":{"start":{"line":938,"column":42},"end":{"line":938,"column":null}},"323":{"start":{"line":939,"column":4},"end":{"line":939,"column":null}},"324":{"start":{"line":941,"column":2},"end":{"line":941,"column":null}},"325":{"start":{"line":948,"column":32},"end":{"line":951,"column":null}},"326":{"start":{"line":952,"column":2},"end":{"line":959,"column":null}},"327":{"start":{"line":966,"column":38},"end":{"line":970,"column":null}},"328":{"start":{"line":972,"column":4},"end":{"line":972,"column":null}},"329":{"start":{"line":973,"column":2},"end":{"line":981,"column":null}}},"fnMap":{"0":{"name":"addTeam","decl":{"start":{"line":25,"column":16},"end":{"line":25,"column":24}},"loc":{"start":{"line":25,"column":62},"end":{"line":52,"column":null}},"line":25},"1":{"name":"updateTeam","decl":{"start":{"line":54,"column":16},"end":{"line":54,"column":27}},"loc":{"start":{"line":54,"column":114},"end":{"line":67,"column":null}},"line":54},"2":{"name":"(anonymous_2)","decl":{"start":{"line":57,"column":22},"end":{"line":57,"column":27}},"loc":{"start":{"line":58,"column":6},"end":{"line":64,"column":null}},"line":58},"3":{"name":"removeTeam","decl":{"start":{"line":69,"column":16},"end":{"line":69,"column":27}},"loc":{"start":{"line":69,"column":67},"end":{"line":97,"column":null}},"line":69},"4":{"name":"(anonymous_4)","decl":{"start":{"line":70,"column":40},"end":{"line":70,"column":48}},"loc":{"start":{"line":70,"column":54},"end":{"line":70,"column":73}},"line":70},"5":{"name":"(anonymous_5)","decl":{"start":{"line":70,"column":75},"end":{"line":70,"column":80}},"loc":{"start":{"line":70,"column":86},"end":{"line":70,"column":90}},"line":70},"6":{"name":"(anonymous_6)","decl":{"start":{"line":71,"column":27},"end":{"line":71,"column":35}},"loc":{"start":{"line":71,"column":41},"end":{"line":71,"column":56}},"line":71},"7":{"name":"(anonymous_7)","decl":{"start":{"line":72,"column":29},"end":{"line":72,"column":37}},"loc":{"start":{"line":72,"column":43},"end":{"line":72,"column":62}},"line":72},"8":{"name":"(anonymous_8)","decl":{"start":{"line":73,"column":27},"end":{"line":73,"column":35}},"loc":{"start":{"line":73,"column":42},"end":{"line":73,"column":69}},"line":73},"9":{"name":"(anonymous_9)","decl":{"start":{"line":75,"column":73},"end":{"line":75,"column":79}},"loc":{"start":{"line":75,"column":85},"end":{"line":75,"column":109}},"line":75},"10":{"name":"(anonymous_10)","decl":{"start":{"line":81,"column":54},"end":{"line":81,"column":62}},"loc":{"start":{"line":81,"column":69},"end":{"line":81,"column":82}},"line":81},"11":{"name":"(anonymous_11)","decl":{"start":{"line":90,"column":50},"end":{"line":90,"column":58}},"loc":{"start":{"line":90,"column":66},"end":{"line":94,"column":5}},"line":90},"12":{"name":"(anonymous_12)","decl":{"start":{"line":92,"column":28},"end":{"line":92,"column":34}},"loc":{"start":{"line":92,"column":40},"end":{"line":92,"column":55}},"line":92},"13":{"name":"addPerson","decl":{"start":{"line":99,"column":16},"end":{"line":99,"column":26}},"loc":{"start":{"line":99,"column":96},"end":{"line":111,"column":null}},"line":99},"14":{"name":"(anonymous_14)","decl":{"start":{"line":100,"column":18},"end":{"line":100,"column":24}},"loc":{"start":{"line":100,"column":30},"end":{"line":100,"column":45}},"line":100},"15":{"name":"updatePerson","decl":{"start":{"line":113,"column":16},"end":{"line":113,"column":null}},"loc":{"start":{"line":117,"column":11},"end":{"line":140,"column":null}},"line":117},"16":{"name":"(anonymous_16)","decl":{"start":{"line":120,"column":24},"end":{"line":120,"column":29}},"loc":{"start":{"line":120,"column":35},"end":{"line":138,"column":5}},"line":120},"17":{"name":"removePerson","decl":{"start":{"line":142,"column":16},"end":{"line":142,"column":29}},"loc":{"start":{"line":142,"column":65},"end":{"line":155,"column":null}},"line":142},"18":{"name":"(anonymous_18)","decl":{"start":{"line":143,"column":24},"end":{"line":143,"column":30}},"loc":{"start":{"line":143,"column":36},"end":{"line":143,"column":47}},"line":143},"19":{"name":"(anonymous_19)","decl":{"start":{"line":147,"column":24},"end":{"line":147,"column":32}},"loc":{"start":{"line":147,"column":38},"end":{"line":147,"column":49}},"line":147},"20":{"name":"(anonymous_20)","decl":{"start":{"line":148,"column":22},"end":{"line":148,"column":30}},"loc":{"start":{"line":148,"column":37},"end":{"line":148,"column":55}},"line":148},"21":{"name":"(anonymous_21)","decl":{"start":{"line":149,"column":50},"end":{"line":149,"column":58}},"loc":{"start":{"line":149,"column":66},"end":{"line":153,"column":5}},"line":149},"22":{"name":"(anonymous_22)","decl":{"start":{"line":151,"column":28},"end":{"line":151,"column":34}},"loc":{"start":{"line":151,"column":40},"end":{"line":151,"column":55}},"line":151},"23":{"name":"setLastTeamId","decl":{"start":{"line":157,"column":16},"end":{"line":157,"column":30}},"loc":{"start":{"line":157,"column":82},"end":{"line":160,"column":null}},"line":157},"24":{"name":"(anonymous_24)","decl":{"start":{"line":158,"column":28},"end":{"line":158,"column":34}},"loc":{"start":{"line":158,"column":40},"end":{"line":158,"column":55}},"line":158},"25":{"name":"addItem","decl":{"start":{"line":162,"column":16},"end":{"line":162,"column":null}},"loc":{"start":{"line":181,"column":11},"end":{"line":226,"column":null}},"line":181},"26":{"name":"(anonymous_26)","decl":{"start":{"line":182,"column":19},"end":{"line":182,"column":25}},"loc":{"start":{"line":182,"column":31},"end":{"line":182,"column":48}},"line":182},"27":{"name":"(anonymous_27)","decl":{"start":{"line":224,"column":50},"end":{"line":224,"column":58}},"loc":{"start":{"line":224,"column":64},"end":{"line":224,"column":77}},"line":224},"28":{"name":"defaultTitle","decl":{"start":{"line":228,"column":9},"end":{"line":228,"column":22}},"loc":{"start":{"line":228,"column":46},"end":{"line":243,"column":null}},"line":228},"29":{"name":"updateItem","decl":{"start":{"line":245,"column":16},"end":{"line":245,"column":null}},"loc":{"start":{"line":264,"column":11},"end":{"line":341,"column":null}},"line":264},"30":{"name":"(anonymous_30)","decl":{"start":{"line":266,"column":27},"end":{"line":266,"column":32}},"loc":{"start":{"line":266,"column":39},"end":{"line":330,"column":3}},"line":266},"31":{"name":"(anonymous_31)","decl":{"start":{"line":334,"column":34},"end":{"line":334,"column":40}},"loc":{"start":{"line":334,"column":47},"end":{"line":334,"column":94}},"line":334},"32":{"name":"(anonymous_32)","decl":{"start":{"line":335,"column":40},"end":{"line":335,"column":48}},"loc":{"start":{"line":335,"column":54},"end":{"line":335,"column":72}},"line":335},"33":{"name":"toggleItemDone","decl":{"start":{"line":343,"column":16},"end":{"line":343,"column":31}},"loc":{"start":{"line":343,"column":67},"end":{"line":351,"column":null}},"line":343},"34":{"name":"(anonymous_34)","decl":{"start":{"line":344,"column":24},"end":{"line":344,"column":30}},"loc":{"start":{"line":344,"column":36},"end":{"line":344,"column":47}},"line":344},"35":{"name":"removeItem","decl":{"start":{"line":353,"column":16},"end":{"line":353,"column":27}},"loc":{"start":{"line":353,"column":63},"end":{"line":359,"column":null}},"line":353},"36":{"name":"(anonymous_36)","decl":{"start":{"line":356,"column":22},"end":{"line":356,"column":30}},"loc":{"start":{"line":356,"column":36},"end":{"line":356,"column":47}},"line":356},"37":{"name":"updateUserProfile","decl":{"start":{"line":361,"column":16},"end":{"line":361,"column":null}},"loc":{"start":{"line":364,"column":11},"end":{"line":384,"column":null}},"line":364},"38":{"name":"updateAISettings","decl":{"start":{"line":386,"column":16},"end":{"line":386,"column":null}},"loc":{"start":{"line":389,"column":11},"end":{"line":414,"column":null}},"line":389},"39":{"name":"toggleFavoriteTeam","decl":{"start":{"line":416,"column":16},"end":{"line":416,"column":35}},"loc":{"start":{"line":416,"column":75},"end":{"line":423,"column":null}},"line":416},"40":{"name":"(anonymous_40)","decl":{"start":{"line":417,"column":18},"end":{"line":417,"column":24}},"loc":{"start":{"line":417,"column":30},"end":{"line":417,"column":45}},"line":417},"41":{"name":"(anonymous_41)","decl":{"start":{"line":419,"column":32},"end":{"line":419,"column":40}},"loc":{"start":{"line":419,"column":47},"end":{"line":419,"column":82}},"line":419},"42":{"name":"(anonymous_42)","decl":{"start":{"line":419,"column":58},"end":{"line":419,"column":64}},"loc":{"start":{"line":419,"column":70},"end":{"line":419,"column":81}},"line":419},"43":{"name":"(anonymous_43)","decl":{"start":{"line":421,"column":25},"end":{"line":421,"column":33}},"loc":{"start":{"line":421,"column":39},"end":{"line":421,"column":51}},"line":421},"44":{"name":"(anonymous_44)","decl":{"start":{"line":421,"column":71},"end":{"line":421,"column":79}},"loc":{"start":{"line":421,"column":85},"end":{"line":421,"column":97}},"line":421},"45":{"name":"addTodoGroup","decl":{"start":{"line":425,"column":16},"end":{"line":425,"column":29}},"loc":{"start":{"line":425,"column":80},"end":{"line":435,"column":null}},"line":425},"46":{"name":"(anonymous_46)","decl":{"start":{"line":427,"column":50},"end":{"line":427,"column":55}},"loc":{"start":{"line":427,"column":61},"end":{"line":427,"column":72}},"line":427},"47":{"name":"updateTodoGroup","decl":{"start":{"line":437,"column":16},"end":{"line":437,"column":null}},"loc":{"start":{"line":441,"column":11},"end":{"line":456,"column":null}},"line":441},"48":{"name":"(anonymous_48)","decl":{"start":{"line":444,"column":32},"end":{"line":444,"column":37}},"loc":{"start":{"line":445,"column":6},"end":{"line":453,"column":null}},"line":445},"49":{"name":"removeTodoGroup","decl":{"start":{"line":458,"column":16},"end":{"line":458,"column":32}},"loc":{"start":{"line":458,"column":73},"end":{"line":466,"column":null}},"line":458},"50":{"name":"(anonymous_50)","decl":{"start":{"line":460,"column":35},"end":{"line":460,"column":41}},"loc":{"start":{"line":460,"column":47},"end":{"line":460,"column":63}},"line":460},"51":{"name":"(anonymous_51)","decl":{"start":{"line":462,"column":37},"end":{"line":462,"column":45}},"loc":{"start":{"line":462,"column":51},"end":{"line":462,"column":67}},"line":462},"52":{"name":"(anonymous_52)","decl":{"start":{"line":464,"column":35},"end":{"line":464,"column":40}},"loc":{"start":{"line":464,"column":47},"end":{"line":464,"column":103}},"line":464},"53":{"name":"reorderTodoGroup","decl":{"start":{"line":476,"column":16},"end":{"line":476,"column":null}},"loc":{"start":{"line":480,"column":11},"end":{"line":531,"column":null}},"line":480},"54":{"name":"(anonymous_54)","decl":{"start":{"line":481,"column":33},"end":{"line":481,"column":39}},"loc":{"start":{"line":481,"column":45},"end":{"line":481,"column":61}},"line":481},"55":{"name":"(anonymous_55)","decl":{"start":{"line":485,"column":49},"end":{"line":485,"column":55}},"loc":{"start":{"line":485,"column":61},"end":{"line":485,"column":83}},"line":485},"56":{"name":"(anonymous_56)","decl":{"start":{"line":493,"column":5},"end":{"line":493,"column":13}},"loc":{"start":{"line":493,"column":19},"end":{"line":493,"column":97}},"line":493},"57":{"name":"(anonymous_57)","decl":{"start":{"line":494,"column":5},"end":{"line":494,"column":11}},"loc":{"start":{"line":494,"column":20},"end":{"line":494,"column":45}},"line":494},"58":{"name":"(anonymous_58)","decl":{"start":{"line":496,"column":34},"end":{"line":496,"column":45}},"loc":{"start":{"line":496,"column":51},"end":{"line":496,"column":69}},"line":496},"59":{"name":"(anonymous_59)","decl":{"start":{"line":512,"column":10},"end":{"line":512,"column":19}},"loc":{"start":{"line":512,"column":30},"end":{"line":514,"column":3}},"line":512},"60":{"name":"(anonymous_60)","decl":{"start":{"line":518,"column":32},"end":{"line":518,"column":37}},"loc":{"start":{"line":518,"column":43},"end":{"line":529,"column":5}},"line":518},"61":{"name":"moveTodoGroup","decl":{"start":{"line":538,"column":16},"end":{"line":538,"column":30}},"loc":{"start":{"line":538,"column":97},"end":{"line":558,"column":null}},"line":538},"62":{"name":"(anonymous_62)","decl":{"start":{"line":539,"column":33},"end":{"line":539,"column":39}},"loc":{"start":{"line":539,"column":45},"end":{"line":539,"column":61}},"line":539},"63":{"name":"(anonymous_63)","decl":{"start":{"line":542,"column":5},"end":{"line":542,"column":13}},"loc":{"start":{"line":542,"column":19},"end":{"line":542,"column":87}},"line":542},"64":{"name":"(anonymous_64)","decl":{"start":{"line":543,"column":5},"end":{"line":543,"column":11}},"loc":{"start":{"line":543,"column":20},"end":{"line":543,"column":45}},"line":543},"65":{"name":"(anonymous_65)","decl":{"start":{"line":544,"column":20},"end":{"line":544,"column":31}},"loc":{"start":{"line":544,"column":37},"end":{"line":544,"column":53}},"line":544},"66":{"name":"(anonymous_66)","decl":{"start":{"line":552,"column":32},"end":{"line":552,"column":37}},"loc":{"start":{"line":552,"column":43},"end":{"line":556,"column":5}},"line":552},"67":{"name":"clearCompletedInGroup","decl":{"start":{"line":566,"column":16},"end":{"line":566,"column":38}},"loc":{"start":{"line":566,"column":79},"end":{"line":573,"column":null}},"line":566},"68":{"name":"(anonymous_68)","decl":{"start":{"line":569,"column":30},"end":{"line":569,"column":null}},"loc":{"start":{"line":570,"column":13},"end":{"line":570,"column":null}},"line":570},"69":{"name":"markAllCompleteInGroup","decl":{"start":{"line":580,"column":16},"end":{"line":580,"column":39}},"loc":{"start":{"line":580,"column":80},"end":{"line":590,"column":null}},"line":580},"70":{"name":"(anonymous_70)","decl":{"start":{"line":584,"column":30},"end":{"line":584,"column":35}},"loc":{"start":{"line":585,"column":6},"end":{"line":587,"column":null}},"line":585},"71":{"name":"addTodoItem","decl":{"start":{"line":592,"column":16},"end":{"line":592,"column":null}},"loc":{"start":{"line":604,"column":11},"end":{"line":648,"column":null}},"line":604},"72":{"name":"(anonymous_72)","decl":{"start":{"line":605,"column":30},"end":{"line":605,"column":36}},"loc":{"start":{"line":605,"column":42},"end":{"line":605,"column":58}},"line":605},"73":{"name":"(anonymous_73)","decl":{"start":{"line":612,"column":5},"end":{"line":612,"column":13}},"loc":{"start":{"line":612,"column":19},"end":{"line":612,"column":36}},"line":612},"74":{"name":"(anonymous_74)","decl":{"start":{"line":613,"column":5},"end":{"line":613,"column":13}},"loc":{"start":{"line":613,"column":24},"end":{"line":613,"column":57}},"line":613},"75":{"name":"(anonymous_75)","decl":{"start":{"line":627,"column":19},"end":{"line":627,"column":25}},"loc":{"start":{"line":627,"column":31},"end":{"line":627,"column":59}},"line":627},"76":{"name":"updateTodoItem","decl":{"start":{"line":665,"column":16},"end":{"line":665,"column":null}},"loc":{"start":{"line":684,"column":11},"end":{"line":782,"column":null}},"line":684},"77":{"name":"(anonymous_77)","decl":{"start":{"line":686,"column":35},"end":{"line":686,"column":40}},"loc":{"start":{"line":686,"column":46},"end":{"line":773,"column":5}},"line":686},"78":{"name":"(anonymous_78)","decl":{"start":{"line":695,"column":55},"end":{"line":695,"column":61}},"loc":{"start":{"line":695,"column":67},"end":{"line":695,"column":89}},"line":695},"79":{"name":"setTodoStatus","decl":{"start":{"line":790,"column":16},"end":{"line":790,"column":30}},"loc":{"start":{"line":790,"column":86},"end":{"line":792,"column":null}},"line":790},"80":{"name":"reorderTodoItem","decl":{"start":{"line":801,"column":16},"end":{"line":801,"column":null}},"loc":{"start":{"line":806,"column":11},"end":{"line":845,"column":null}},"line":806},"81":{"name":"(anonymous_81)","decl":{"start":{"line":807,"column":32},"end":{"line":807,"column":38}},"loc":{"start":{"line":807,"column":44},"end":{"line":807,"column":59}},"line":807},"82":{"name":"(anonymous_82)","decl":{"start":{"line":810,"column":23},"end":{"line":810,"column":29}},"loc":{"start":{"line":810,"column":35},"end":{"line":810,"column":57}},"line":810},"83":{"name":"(anonymous_83)","decl":{"start":{"line":813,"column":5},"end":{"line":813,"column":13}},"loc":{"start":{"line":813,"column":19},"end":{"line":813,"column":65}},"line":813},"84":{"name":"(anonymous_84)","decl":{"start":{"line":814,"column":5},"end":{"line":814,"column":11}},"loc":{"start":{"line":814,"column":14},"end":{"line":814,"column":59}},"line":814},"85":{"name":"(anonymous_85)","decl":{"start":{"line":817,"column":12},"end":{"line":817,"column":23}},"loc":{"start":{"line":817,"column":29},"end":{"line":817,"column":50}},"line":817},"86":{"name":"(anonymous_86)","decl":{"start":{"line":829,"column":10},"end":{"line":829,"column":19}},"loc":{"start":{"line":829,"column":30},"end":{"line":829,"column":59}},"line":829},"87":{"name":"(anonymous_87)","decl":{"start":{"line":833,"column":30},"end":{"line":833,"column":35}},"loc":{"start":{"line":833,"column":41},"end":{"line":843,"column":5}},"line":833},"88":{"name":"updateTodoGroupPriority","decl":{"start":{"line":847,"column":16},"end":{"line":847,"column":null}},"loc":{"start":{"line":851,"column":11},"end":{"line":856,"column":null}},"line":851},"89":{"name":"(anonymous_89)","decl":{"start":{"line":854,"column":32},"end":{"line":854,"column":37}},"loc":{"start":{"line":854,"column":44},"end":{"line":854,"column":86}},"line":854},"90":{"name":"toggleTodoItem","decl":{"start":{"line":858,"column":16},"end":{"line":858,"column":31}},"loc":{"start":{"line":858,"column":67},"end":{"line":862,"column":null}},"line":858},"91":{"name":"(anonymous_91)","decl":{"start":{"line":859,"column":27},"end":{"line":859,"column":33}},"loc":{"start":{"line":859,"column":39},"end":{"line":859,"column":50}},"line":859},"92":{"name":"removeTodoItem","decl":{"start":{"line":864,"column":16},"end":{"line":864,"column":31}},"loc":{"start":{"line":864,"column":67},"end":{"line":870,"column":null}},"line":864},"93":{"name":"(anonymous_93)","decl":{"start":{"line":867,"column":30},"end":{"line":867,"column":38}},"loc":{"start":{"line":867,"column":44},"end":{"line":867,"column":55}},"line":867},"94":{"name":"addNote","decl":{"start":{"line":884,"column":16},"end":{"line":884,"column":24}},"loc":{"start":{"line":884,"column":60},"end":{"line":896,"column":null}},"line":884},"95":{"name":"replaceNote","decl":{"start":{"line":898,"column":16},"end":{"line":898,"column":28}},"loc":{"start":{"line":898,"column":64},"end":{"line":903,"column":null}},"line":898},"96":{"name":"(anonymous_96)","decl":{"start":{"line":901,"column":22},"end":{"line":901,"column":27}},"loc":{"start":{"line":901,"column":34},"end":{"line":901,"column":90}},"line":901},"97":{"name":"patchNote","decl":{"start":{"line":905,"column":16},"end":{"line":905,"column":null}},"loc":{"start":{"line":914,"column":11},"end":{"line":930,"column":null}},"line":914},"98":{"name":"(anonymous_98)","decl":{"start":{"line":923,"column":22},"end":{"line":923,"column":27}},"loc":{"start":{"line":923,"column":33},"end":{"line":928,"column":5}},"line":923},"99":{"name":"removeNote","decl":{"start":{"line":932,"column":16},"end":{"line":932,"column":27}},"loc":{"start":{"line":932,"column":63},"end":{"line":934,"column":null}},"line":932},"100":{"name":"(anonymous_100)","decl":{"start":{"line":933,"column":38},"end":{"line":933,"column":46}},"loc":{"start":{"line":933,"column":52},"end":{"line":933,"column":63}},"line":933},"101":{"name":"setNotesLock","decl":{"start":{"line":936,"column":16},"end":{"line":936,"column":29}},"loc":{"start":{"line":936,"column":82},"end":{"line":942,"column":null}},"line":936},"102":{"name":"patchUtilityDocument","decl":{"start":{"line":944,"column":16},"end":{"line":944,"column":null}},"loc":{"start":{"line":947,"column":11},"end":{"line":960,"column":null}},"line":947},"103":{"name":"patchUtilityStructuredText","decl":{"start":{"line":962,"column":16},"end":{"line":962,"column":null}},"loc":{"start":{"line":965,"column":11},"end":{"line":982,"column":null}},"line":965}},"branchMap":{"0":{"loc":{"start":{"line":30,"column":41},"end":{"line":30,"column":68}},"type":"binary-expr","locations":[{"start":{"line":30,"column":41},"end":{"line":30,"column":56}},{"start":{"line":30,"column":56},"end":{"line":30,"column":68}}],"line":30},"1":{"loc":{"start":{"line":58,"column":6},"end":{"line":64,"column":null}},"type":"cond-expr","locations":[{"start":{"line":59,"column":10},"end":{"line":63,"column":null}},{"start":{"line":64,"column":10},"end":{"line":64,"column":null}}],"line":58},"2":{"loc":{"start":{"line":61,"column":18},"end":{"line":61,"column":null}},"type":"cond-expr","locations":[{"start":{"line":61,"column":45},"end":{"line":61,"column":75}},{"start":{"line":61,"column":75},"end":{"line":61,"column":null}}],"line":61},"3":{"loc":{"start":{"line":61,"column":45},"end":{"line":61,"column":75}},"type":"binary-expr","locations":[{"start":{"line":61,"column":45},"end":{"line":61,"column":66}},{"start":{"line":61,"column":66},"end":{"line":61,"column":75}}],"line":61},"4":{"loc":{"start":{"line":62,"column":20},"end":{"line":62,"column":null}},"type":"cond-expr","locations":[{"start":{"line":62,"column":49},"end":{"line":62,"column":64}},{"start":{"line":62,"column":64},"end":{"line":62,"column":null}}],"line":62},"5":{"loc":{"start":{"line":75,"column":4},"end":{"line":77,"column":null}},"type":"cond-expr","locations":[{"start":{"line":75,"column":33},"end":{"line":75,"column":48}},{"start":{"line":75,"column":48},"end":{"line":77,"column":null}}],"line":75},"6":{"loc":{"start":{"line":75,"column":48},"end":{"line":77,"column":null}},"type":"cond-expr","locations":[{"start":{"line":76,"column":8},"end":{"line":76,"column":null}},{"start":{"line":77,"column":8},"end":{"line":77,"column":null}}],"line":75},"7":{"loc":{"start":{"line":75,"column":48},"end":{"line":75,"column":null}},"type":"binary-expr","locations":[{"start":{"line":75,"column":48},"end":{"line":75,"column":67}},{"start":{"line":75,"column":67},"end":{"line":75,"column":null}}],"line":75},"8":{"loc":{"start":{"line":78,"column":18},"end":{"line":83,"column":null}},"type":"cond-expr","locations":[{"start":{"line":79,"column":6},"end":{"line":82,"column":null}},{"start":{"line":83,"column":6},"end":{"line":83,"column":null}}],"line":78},"9":{"loc":{"start":{"line":93,"column":13},"end":{"line":93,"column":null}},"type":"binary-expr","locations":[{"start":{"line":93,"column":13},"end":{"line":93,"column":20}},{"start":{"line":93,"column":20},"end":{"line":93,"column":null}}],"line":93},"10":{"loc":{"start":{"line":100,"column":2},"end":{"line":100,"column":null}},"type":"if","locations":[{"start":{"line":100,"column":2},"end":{"line":100,"column":null}},{"start":{},"end":{}}],"line":100},"11":{"loc":{"start":{"line":105,"column":10},"end":{"line":105,"column":null}},"type":"binary-expr","locations":[{"start":{"line":105,"column":10},"end":{"line":105,"column":25}},{"start":{"line":105,"column":25},"end":{"line":105,"column":null}}],"line":105},"12":{"loc":{"start":{"line":106,"column":11},"end":{"line":106,"column":null}},"type":"binary-expr","locations":[{"start":{"line":106,"column":11},"end":{"line":106,"column":28}},{"start":{"line":106,"column":28},"end":{"line":106,"column":null}}],"line":106},"13":{"loc":{"start":{"line":121,"column":6},"end":{"line":121,"column":null}},"type":"if","locations":[{"start":{"line":121,"column":6},"end":{"line":121,"column":null}},{"start":{},"end":{}}],"line":121},"14":{"loc":{"start":{"line":122,"column":6},"end":{"line":130,"column":null}},"type":"if","locations":[{"start":{"line":122,"column":6},"end":{"line":130,"column":null}},{"start":{},"end":{}}],"line":122},"15":{"loc":{"start":{"line":122,"column":6},"end":{"line":122,"column":48}},"type":"binary-expr","locations":[{"start":{"line":122,"column":6},"end":{"line":122,"column":29}},{"start":{"line":122,"column":24},"end":{"line":122,"column":48}}],"line":122},"16":{"loc":{"start":{"line":125,"column":16},"end":{"line":125,"column":null}},"type":"cond-expr","locations":[{"start":{"line":125,"column":37},"end":{"line":125,"column":57}},{"start":{"line":125,"column":57},"end":{"line":125,"column":null}}],"line":125},"17":{"loc":{"start":{"line":126,"column":17},"end":{"line":126,"column":null}},"type":"cond-expr","locations":[{"start":{"line":126,"column":45},"end":{"line":126,"column":79}},{"start":{"line":126,"column":79},"end":{"line":126,"column":null}}],"line":126},"18":{"loc":{"start":{"line":126,"column":45},"end":{"line":126,"column":79}},"type":"binary-expr","locations":[{"start":{"line":126,"column":45},"end":{"line":126,"column":67}},{"start":{"line":126,"column":67},"end":{"line":126,"column":79}}],"line":126},"19":{"loc":{"start":{"line":127,"column":22},"end":{"line":127,"column":null}},"type":"cond-expr","locations":[{"start":{"line":127,"column":55},"end":{"line":127,"column":74}},{"start":{"line":127,"column":74},"end":{"line":127,"column":null}}],"line":127},"20":{"loc":{"start":{"line":128,"column":18},"end":{"line":128,"column":null}},"type":"cond-expr","locations":[{"start":{"line":128,"column":47},"end":{"line":128,"column":62}},{"start":{"line":128,"column":62},"end":{"line":128,"column":null}}],"line":128},"21":{"loc":{"start":{"line":133,"column":14},"end":{"line":133,"column":null}},"type":"cond-expr","locations":[{"start":{"line":133,"column":41},"end":{"line":133,"column":71}},{"start":{"line":133,"column":71},"end":{"line":133,"column":null}}],"line":133},"22":{"loc":{"start":{"line":133,"column":41},"end":{"line":133,"column":71}},"type":"binary-expr","locations":[{"start":{"line":133,"column":41},"end":{"line":133,"column":62}},{"start":{"line":133,"column":62},"end":{"line":133,"column":71}}],"line":133},"23":{"loc":{"start":{"line":134,"column":15},"end":{"line":134,"column":null}},"type":"cond-expr","locations":[{"start":{"line":134,"column":43},"end":{"line":134,"column":77}},{"start":{"line":134,"column":77},"end":{"line":134,"column":null}}],"line":134},"24":{"loc":{"start":{"line":134,"column":43},"end":{"line":134,"column":77}},"type":"binary-expr","locations":[{"start":{"line":134,"column":43},"end":{"line":134,"column":65}},{"start":{"line":134,"column":65},"end":{"line":134,"column":77}}],"line":134},"25":{"loc":{"start":{"line":135,"column":20},"end":{"line":135,"column":null}},"type":"cond-expr","locations":[{"start":{"line":135,"column":53},"end":{"line":135,"column":72}},{"start":{"line":135,"column":72},"end":{"line":135,"column":null}}],"line":135},"26":{"loc":{"start":{"line":136,"column":16},"end":{"line":136,"column":null}},"type":"cond-expr","locations":[{"start":{"line":136,"column":45},"end":{"line":136,"column":60}},{"start":{"line":136,"column":60},"end":{"line":136,"column":null}}],"line":136},"27":{"loc":{"start":{"line":144,"column":2},"end":{"line":144,"column":null}},"type":"if","locations":[{"start":{"line":144,"column":2},"end":{"line":144,"column":null}},{"start":{},"end":{}}],"line":144},"28":{"loc":{"start":{"line":144,"column":6},"end":{"line":144,"column":50}},"type":"binary-expr","locations":[{"start":{"line":144,"column":6},"end":{"line":144,"column":12}},{"start":{"line":144,"column":7},"end":{"line":144,"column":31}},{"start":{"line":144,"column":26},"end":{"line":144,"column":50}}],"line":144},"29":{"loc":{"start":{"line":152,"column":13},"end":{"line":152,"column":null}},"type":"binary-expr","locations":[{"start":{"line":152,"column":13},"end":{"line":152,"column":20}},{"start":{"line":152,"column":20},"end":{"line":152,"column":null}}],"line":152},"30":{"loc":{"start":{"line":158,"column":2},"end":{"line":158,"column":null}},"type":"if","locations":[{"start":{"line":158,"column":2},"end":{"line":158,"column":null}},{"start":{},"end":{}}],"line":158},"31":{"loc":{"start":{"line":158,"column":6},"end":{"line":158,"column":58}},"type":"binary-expr","locations":[{"start":{"line":158,"column":6},"end":{"line":158,"column":16}},{"start":{"line":158,"column":16},"end":{"line":158,"column":58}}],"line":158},"32":{"loc":{"start":{"line":182,"column":2},"end":{"line":182,"column":null}},"type":"if","locations":[{"start":{"line":182,"column":2},"end":{"line":182,"column":null}},{"start":{},"end":{}}],"line":182},"33":{"loc":{"start":{"line":186,"column":4},"end":{"line":190,"column":null}},"type":"cond-expr","locations":[{"start":{"line":187,"column":8},"end":{"line":189,"column":null}},{"start":{"line":190,"column":8},"end":{"line":190,"column":null}}],"line":186},"34":{"loc":{"start":{"line":187,"column":8},"end":{"line":189,"column":null}},"type":"cond-expr","locations":[{"start":{"line":188,"column":10},"end":{"line":188,"column":null}},{"start":{"line":189,"column":10},"end":{"line":189,"column":null}}],"line":187},"35":{"loc":{"start":{"line":187,"column":8},"end":{"line":187,"column":null}},"type":"binary-expr","locations":[{"start":{"line":187,"column":8},"end":{"line":187,"column":29}},{"start":{"line":187,"column":29},"end":{"line":187,"column":null}}],"line":187},"36":{"loc":{"start":{"line":193,"column":4},"end":{"line":197,"column":null}},"type":"cond-expr","locations":[{"start":{"line":194,"column":8},"end":{"line":196,"column":null}},{"start":{"line":197,"column":8},"end":{"line":197,"column":null}}],"line":193},"37":{"loc":{"start":{"line":194,"column":8},"end":{"line":196,"column":null}},"type":"cond-expr","locations":[{"start":{"line":195,"column":10},"end":{"line":195,"column":null}},{"start":{"line":196,"column":10},"end":{"line":196,"column":null}}],"line":194},"38":{"loc":{"start":{"line":194,"column":8},"end":{"line":194,"column":null}},"type":"binary-expr","locations":[{"start":{"line":194,"column":8},"end":{"line":194,"column":31}},{"start":{"line":194,"column":31},"end":{"line":194,"column":null}}],"line":194},"39":{"loc":{"start":{"line":200,"column":4},"end":{"line":202,"column":null}},"type":"cond-expr","locations":[{"start":{"line":201,"column":8},"end":{"line":201,"column":null}},{"start":{"line":202,"column":8},"end":{"line":202,"column":null}}],"line":200},"40":{"loc":{"start":{"line":200,"column":4},"end":{"line":200,"column":null}},"type":"binary-expr","locations":[{"start":{"line":200,"column":4},"end":{"line":200,"column":23}},{"start":{"line":200,"column":23},"end":{"line":200,"column":46}},{"start":{"line":200,"column":46},"end":{"line":200,"column":null}}],"line":200},"41":{"loc":{"start":{"line":207,"column":11},"end":{"line":207,"column":null}},"type":"binary-expr","locations":[{"start":{"line":207,"column":11},"end":{"line":207,"column":35}},{"start":{"line":207,"column":35},"end":{"line":207,"column":null}}],"line":207},"42":{"loc":{"start":{"line":208,"column":10},"end":{"line":208,"column":null}},"type":"binary-expr","locations":[{"start":{"line":208,"column":10},"end":{"line":208,"column":33}},{"start":{"line":208,"column":33},"end":{"line":208,"column":null}}],"line":208},"43":{"loc":{"start":{"line":209,"column":14},"end":{"line":209,"column":null}},"type":"binary-expr","locations":[{"start":{"line":209,"column":14},"end":{"line":209,"column":41}},{"start":{"line":209,"column":41},"end":{"line":209,"column":null}}],"line":209},"44":{"loc":{"start":{"line":210,"column":11},"end":{"line":210,"column":null}},"type":"binary-expr","locations":[{"start":{"line":210,"column":11},"end":{"line":210,"column":27}},{"start":{"line":210,"column":27},"end":{"line":210,"column":null}}],"line":210},"45":{"loc":{"start":{"line":211,"column":13},"end":{"line":211,"column":null}},"type":"cond-expr","locations":[{"start":{"line":211,"column":49},"end":{"line":211,"column":66}},{"start":{"line":211,"column":66},"end":{"line":211,"column":null}}],"line":211},"46":{"loc":{"start":{"line":211,"column":13},"end":{"line":211,"column":49}},"type":"binary-expr","locations":[{"start":{"line":211,"column":13},"end":{"line":211,"column":32}},{"start":{"line":211,"column":32},"end":{"line":211,"column":49}}],"line":211},"47":{"loc":{"start":{"line":214,"column":14},"end":{"line":214,"column":null}},"type":"binary-expr","locations":[{"start":{"line":214,"column":14},"end":{"line":214,"column":33}},{"start":{"line":214,"column":33},"end":{"line":214,"column":null}}],"line":214},"48":{"loc":{"start":{"line":216,"column":9},"end":{"line":216,"column":null}},"type":"cond-expr","locations":[{"start":{"line":216,"column":31},"end":{"line":216,"column":65}},{"start":{"line":216,"column":65},"end":{"line":216,"column":null}}],"line":216},"49":{"loc":{"start":{"line":216,"column":31},"end":{"line":216,"column":65}},"type":"binary-expr","locations":[{"start":{"line":216,"column":31},"end":{"line":216,"column":53}},{"start":{"line":216,"column":53},"end":{"line":216,"column":65}}],"line":216},"50":{"loc":{"start":{"line":217,"column":10},"end":{"line":217,"column":null}},"type":"cond-expr","locations":[{"start":{"line":217,"column":28},"end":{"line":217,"column":57}},{"start":{"line":217,"column":57},"end":{"line":217,"column":null}}],"line":217},"51":{"loc":{"start":{"line":229,"column":2},"end":{"line":242,"column":null}},"type":"switch","locations":[{"start":{"line":230,"column":4},"end":{"line":231,"column":null}},{"start":{"line":232,"column":4},"end":{"line":233,"column":null}},{"start":{"line":234,"column":4},"end":{"line":235,"column":null}},{"start":{"line":236,"column":4},"end":{"line":237,"column":null}},{"start":{"line":238,"column":4},"end":{"line":239,"column":null}},{"start":{"line":240,"column":4},"end":{"line":241,"column":null}}],"line":229},"52":{"loc":{"start":{"line":267,"column":4},"end":{"line":267,"column":null}},"type":"if","locations":[{"start":{"line":267,"column":4},"end":{"line":267,"column":null}},{"start":{},"end":{}}],"line":267},"53":{"loc":{"start":{"line":268,"column":4},"end":{"line":273,"column":null}},"type":"if","locations":[{"start":{"line":268,"column":4},"end":{"line":273,"column":null}},{"start":{},"end":{}}],"line":268},"54":{"loc":{"start":{"line":269,"column":7},"end":{"line":270,"column":null}},"type":"binary-expr","locations":[{"start":{"line":269,"column":7},"end":{"line":269,"column":30}},{"start":{"line":269,"column":30},"end":{"line":269,"column":null}},{"start":{"line":270,"column":7},"end":{"line":270,"column":34}},{"start":{"line":270,"column":34},"end":{"line":270,"column":null}}],"line":269},"55":{"loc":{"start":{"line":275,"column":18},"end":{"line":275,"column":null}},"type":"cond-expr","locations":[{"start":{"line":275,"column":46},"end":{"line":275,"column":79}},{"start":{"line":275,"column":79},"end":{"line":275,"column":null}}],"line":275},"56":{"loc":{"start":{"line":275,"column":46},"end":{"line":275,"column":79}},"type":"binary-expr","locations":[{"start":{"line":275,"column":46},"end":{"line":275,"column":68}},{"start":{"line":275,"column":68},"end":{"line":275,"column":79}}],"line":275},"57":{"loc":{"start":{"line":276,"column":17},"end":{"line":276,"column":null}},"type":"cond-expr","locations":[{"start":{"line":276,"column":44},"end":{"line":276,"column":57}},{"start":{"line":276,"column":57},"end":{"line":276,"column":null}}],"line":276},"58":{"loc":{"start":{"line":277,"column":18},"end":{"line":277,"column":null}},"type":"cond-expr","locations":[{"start":{"line":277,"column":46},"end":{"line":277,"column":73}},{"start":{"line":277,"column":73},"end":{"line":277,"column":null}}],"line":277},"59":{"loc":{"start":{"line":277,"column":46},"end":{"line":277,"column":73}},"type":"binary-expr","locations":[{"start":{"line":277,"column":46},"end":{"line":277,"column":61}},{"start":{"line":277,"column":61},"end":{"line":277,"column":73}}],"line":277},"60":{"loc":{"start":{"line":279,"column":6},"end":{"line":279,"column":null}},"type":"cond-expr","locations":[{"start":{"line":279,"column":28},"end":{"line":279,"column":101}},{"start":{"line":279,"column":101},"end":{"line":279,"column":null}}],"line":279},"61":{"loc":{"start":{"line":279,"column":28},"end":{"line":279,"column":101}},"type":"cond-expr","locations":[{"start":{"line":279,"column":58},"end":{"line":279,"column":87}},{"start":{"line":279,"column":87},"end":{"line":279,"column":101}}],"line":279},"62":{"loc":{"start":{"line":279,"column":58},"end":{"line":279,"column":87}},"type":"binary-expr","locations":[{"start":{"line":279,"column":58},"end":{"line":279,"column":75}},{"start":{"line":279,"column":75},"end":{"line":279,"column":87}}],"line":279},"63":{"loc":{"start":{"line":280,"column":21},"end":{"line":280,"column":null}},"type":"cond-expr","locations":[{"start":{"line":280,"column":52},"end":{"line":280,"column":82}},{"start":{"line":280,"column":82},"end":{"line":280,"column":null}}],"line":280},"64":{"loc":{"start":{"line":280,"column":52},"end":{"line":280,"column":82}},"type":"binary-expr","locations":[{"start":{"line":280,"column":52},"end":{"line":280,"column":70}},{"start":{"line":280,"column":70},"end":{"line":280,"column":82}}],"line":280},"65":{"loc":{"start":{"line":282,"column":6},"end":{"line":282,"column":null}},"type":"cond-expr","locations":[{"start":{"line":282,"column":41},"end":{"line":282,"column":75}},{"start":{"line":282,"column":75},"end":{"line":282,"column":null}}],"line":282},"66":{"loc":{"start":{"line":282,"column":41},"end":{"line":282,"column":75}},"type":"binary-expr","locations":[{"start":{"line":282,"column":41},"end":{"line":282,"column":63}},{"start":{"line":282,"column":63},"end":{"line":282,"column":75}}],"line":282},"67":{"loc":{"start":{"line":283,"column":16},"end":{"line":283,"column":null}},"type":"cond-expr","locations":[{"start":{"line":283,"column":42},"end":{"line":283,"column":67}},{"start":{"line":283,"column":67},"end":{"line":283,"column":null}}],"line":283},"68":{"loc":{"start":{"line":283,"column":42},"end":{"line":283,"column":67}},"type":"binary-expr","locations":[{"start":{"line":283,"column":42},"end":{"line":283,"column":55}},{"start":{"line":283,"column":55},"end":{"line":283,"column":67}}],"line":283},"69":{"loc":{"start":{"line":284,"column":21},"end":{"line":284,"column":null}},"type":"cond-expr","locations":[{"start":{"line":284,"column":52},"end":{"line":284,"column":90}},{"start":{"line":284,"column":90},"end":{"line":284,"column":null}}],"line":284},"70":{"loc":{"start":{"line":284,"column":52},"end":{"line":284,"column":90}},"type":"binary-expr","locations":[{"start":{"line":284,"column":52},"end":{"line":284,"column":78}},{"start":{"line":284,"column":78},"end":{"line":284,"column":90}}],"line":284},"71":{"loc":{"start":{"line":286,"column":6},"end":{"line":290,"column":null}},"type":"cond-expr","locations":[{"start":{"line":287,"column":10},"end":{"line":289,"column":null}},{"start":{"line":290,"column":10},"end":{"line":290,"column":null}}],"line":286},"72":{"loc":{"start":{"line":287,"column":10},"end":{"line":289,"column":null}},"type":"cond-expr","locations":[{"start":{"line":288,"column":12},"end":{"line":288,"column":null}},{"start":{"line":289,"column":12},"end":{"line":289,"column":null}}],"line":287},"73":{"loc":{"start":{"line":289,"column":12},"end":{"line":289,"column":null}},"type":"binary-expr","locations":[{"start":{"line":289,"column":12},"end":{"line":289,"column":31}},{"start":{"line":289,"column":31},"end":{"line":289,"column":null}}],"line":289},"74":{"loc":{"start":{"line":294,"column":21},"end":{"line":294,"column":null}},"type":"cond-expr","locations":[{"start":{"line":294,"column":42},"end":{"line":294,"column":58}},{"start":{"line":294,"column":58},"end":{"line":294,"column":null}}],"line":294},"75":{"loc":{"start":{"line":296,"column":4},"end":{"line":312,"column":null}},"type":"if","locations":[{"start":{"line":296,"column":4},"end":{"line":312,"column":null}},{"start":{"line":306,"column":11},"end":{"line":312,"column":null}}],"line":296},"76":{"loc":{"start":{"line":297,"column":6},"end":{"line":305,"column":null}},"type":"if","locations":[{"start":{"line":297,"column":6},"end":{"line":305,"column":null}},{"start":{"line":301,"column":13},"end":{"line":305,"column":null}}],"line":297},"77":{"loc":{"start":{"line":300,"column":17},"end":{"line":300,"column":null}},"type":"cond-expr","locations":[{"start":{"line":300,"column":24},"end":{"line":300,"column":48}},{"start":{"line":300,"column":48},"end":{"line":300,"column":null}}],"line":300},"78":{"loc":{"start":{"line":300,"column":24},"end":{"line":300,"column":48}},"type":"binary-expr","locations":[{"start":{"line":300,"column":24},"end":{"line":300,"column":37}},{"start":{"line":300,"column":27},"end":{"line":300,"column":48}}],"line":300},"79":{"loc":{"start":{"line":301,"column":13},"end":{"line":305,"column":null}},"type":"if","locations":[{"start":{"line":301,"column":13},"end":{"line":305,"column":null}},{"start":{},"end":{}}],"line":301},"80":{"loc":{"start":{"line":303,"column":21},"end":{"line":303,"column":null}},"type":"cond-expr","locations":[{"start":{"line":303,"column":28},"end":{"line":303,"column":42}},{"start":{"line":303,"column":42},"end":{"line":303,"column":null}}],"line":303},"81":{"loc":{"start":{"line":304,"column":17},"end":{"line":304,"column":null}},"type":"cond-expr","locations":[{"start":{"line":304,"column":24},"end":{"line":304,"column":48}},{"start":{"line":304,"column":48},"end":{"line":304,"column":null}}],"line":304},"82":{"loc":{"start":{"line":304,"column":24},"end":{"line":304,"column":48}},"type":"binary-expr","locations":[{"start":{"line":304,"column":24},"end":{"line":304,"column":37}},{"start":{"line":304,"column":27},"end":{"line":304,"column":48}}],"line":304},"83":{"loc":{"start":{"line":306,"column":11},"end":{"line":312,"column":null}},"type":"if","locations":[{"start":{"line":306,"column":11},"end":{"line":312,"column":null}},{"start":{"line":309,"column":11},"end":{"line":312,"column":null}}],"line":306},"84":{"loc":{"start":{"line":306,"column":15},"end":{"line":306,"column":48}},"type":"binary-expr","locations":[{"start":{"line":306,"column":15},"end":{"line":306,"column":38}},{"start":{"line":306,"column":38},"end":{"line":306,"column":48}}],"line":306},"85":{"loc":{"start":{"line":309,"column":11},"end":{"line":312,"column":null}},"type":"if","locations":[{"start":{"line":309,"column":11},"end":{"line":312,"column":null}},{"start":{},"end":{}}],"line":309},"86":{"loc":{"start":{"line":321,"column":20},"end":{"line":321,"column":null}},"type":"cond-expr","locations":[{"start":{"line":321,"column":31},"end":{"line":321,"column":46}},{"start":{"line":321,"column":46},"end":{"line":321,"column":null}}],"line":321},"87":{"loc":{"start":{"line":324,"column":18},"end":{"line":324,"column":null}},"type":"cond-expr","locations":[{"start":{"line":324,"column":39},"end":{"line":324,"column":52}},{"start":{"line":324,"column":52},"end":{"line":324,"column":null}}],"line":324},"88":{"loc":{"start":{"line":331,"column":17},"end":{"line":333,"column":null}},"type":"cond-expr","locations":[{"start":{"line":331,"column":17},"end":{"line":332,"column":null}},{"start":{"line":333,"column":6},"end":{"line":333,"column":null}}],"line":331},"89":{"loc":{"start":{"line":334,"column":47},"end":{"line":334,"column":94}},"type":"binary-expr","locations":[{"start":{"line":334,"column":47},"end":{"line":334,"column":63}},{"start":{"line":334,"column":63},"end":{"line":334,"column":86}},{"start":{"line":334,"column":86},"end":{"line":334,"column":94}}],"line":334},"90":{"loc":{"start":{"line":335,"column":2},"end":{"line":335,"column":null}},"type":"if","locations":[{"start":{"line":335,"column":2},"end":{"line":335,"column":null}},{"start":{},"end":{}}],"line":335},"91":{"loc":{"start":{"line":345,"column":2},"end":{"line":345,"column":null}},"type":"if","locations":[{"start":{"line":345,"column":2},"end":{"line":345,"column":null}},{"start":{},"end":{}}],"line":345},"92":{"loc":{"start":{"line":345,"column":6},"end":{"line":345,"column":57}},"type":"binary-expr","locations":[{"start":{"line":345,"column":6},"end":{"line":345,"column":14}},{"start":{"line":345,"column":14},"end":{"line":345,"column":36}},{"start":{"line":345,"column":36},"end":{"line":345,"column":57}}],"line":345},"93":{"loc":{"start":{"line":346,"column":2},"end":{"line":349,"column":null}},"type":"if","locations":[{"start":{"line":346,"column":2},"end":{"line":349,"column":null}},{"start":{},"end":{}}],"line":346},"94":{"loc":{"start":{"line":348,"column":62},"end":{"line":348,"column":96}},"type":"cond-expr","locations":[{"start":{"line":348,"column":73},"end":{"line":348,"column":87}},{"start":{"line":348,"column":87},"end":{"line":348,"column":96}}],"line":348},"95":{"loc":{"start":{"line":365,"column":12},"end":{"line":365,"column":null}},"type":"binary-expr","locations":[{"start":{"line":365,"column":12},"end":{"line":365,"column":28}},{"start":{"line":365,"column":28},"end":{"line":365,"column":null}}],"line":365},"96":{"loc":{"start":{"line":367,"column":4},"end":{"line":371,"column":null}},"type":"cond-expr","locations":[{"start":{"line":368,"column":8},"end":{"line":370,"column":null}},{"start":{"line":371,"column":8},"end":{"line":371,"column":null}}],"line":367},"97":{"loc":{"start":{"line":368,"column":8},"end":{"line":370,"column":null}},"type":"cond-expr","locations":[{"start":{"line":369,"column":10},"end":{"line":369,"column":null}},{"start":{"line":370,"column":10},"end":{"line":370,"column":null}}],"line":368},"98":{"loc":{"start":{"line":368,"column":8},"end":{"line":368,"column":null}},"type":"binary-expr","locations":[{"start":{"line":368,"column":8},"end":{"line":368,"column":31}},{"start":{"line":368,"column":31},"end":{"line":368,"column":null}}],"line":368},"99":{"loc":{"start":{"line":376,"column":19},"end":{"line":376,"column":null}},"type":"cond-expr","locations":[{"start":{"line":376,"column":54},"end":{"line":376,"column":125}},{"start":{"line":376,"column":125},"end":{"line":376,"column":null}}],"line":376},"100":{"loc":{"start":{"line":376,"column":54},"end":{"line":376,"column":125}},"type":"cond-expr","locations":[{"start":{"line":376,"column":81},"end":{"line":376,"column":108}},{"start":{"line":376,"column":108},"end":{"line":376,"column":125}}],"line":376},"101":{"loc":{"start":{"line":377,"column":16},"end":{"line":377,"column":null}},"type":"cond-expr","locations":[{"start":{"line":377,"column":47},"end":{"line":377,"column":84}},{"start":{"line":377,"column":84},"end":{"line":377,"column":null}}],"line":377},"102":{"loc":{"start":{"line":377,"column":47},"end":{"line":377,"column":84}},"type":"binary-expr","locations":[{"start":{"line":377,"column":47},"end":{"line":377,"column":72}},{"start":{"line":377,"column":72},"end":{"line":377,"column":84}}],"line":377},"103":{"loc":{"start":{"line":378,"column":18},"end":{"line":378,"column":null}},"type":"cond-expr","locations":[{"start":{"line":378,"column":51},"end":{"line":378,"column":90}},{"start":{"line":378,"column":90},"end":{"line":378,"column":null}}],"line":378},"104":{"loc":{"start":{"line":378,"column":51},"end":{"line":378,"column":90}},"type":"binary-expr","locations":[{"start":{"line":378,"column":51},"end":{"line":378,"column":78}},{"start":{"line":378,"column":78},"end":{"line":378,"column":90}}],"line":378},"105":{"loc":{"start":{"line":379,"column":13},"end":{"line":379,"column":null}},"type":"cond-expr","locations":[{"start":{"line":379,"column":41},"end":{"line":379,"column":75}},{"start":{"line":379,"column":75},"end":{"line":379,"column":null}}],"line":379},"106":{"loc":{"start":{"line":379,"column":41},"end":{"line":379,"column":75}},"type":"binary-expr","locations":[{"start":{"line":379,"column":41},"end":{"line":379,"column":63}},{"start":{"line":379,"column":63},"end":{"line":379,"column":75}}],"line":379},"107":{"loc":{"start":{"line":380,"column":11},"end":{"line":380,"column":null}},"type":"cond-expr","locations":[{"start":{"line":380,"column":37},"end":{"line":380,"column":69}},{"start":{"line":380,"column":69},"end":{"line":380,"column":null}}],"line":380},"108":{"loc":{"start":{"line":380,"column":37},"end":{"line":380,"column":69}},"type":"binary-expr","locations":[{"start":{"line":380,"column":37},"end":{"line":380,"column":57}},{"start":{"line":380,"column":57},"end":{"line":380,"column":69}}],"line":380},"109":{"loc":{"start":{"line":390,"column":30},"end":{"line":390,"column":null}},"type":"binary-expr","locations":[{"start":{"line":390,"column":30},"end":{"line":390,"column":49}},{"start":{"line":390,"column":49},"end":{"line":390,"column":null}}],"line":390},"110":{"loc":{"start":{"line":392,"column":14},"end":{"line":392,"column":null}},"type":"cond-expr","locations":[{"start":{"line":392,"column":45},"end":{"line":392,"column":75}},{"start":{"line":392,"column":75},"end":{"line":392,"column":null}}],"line":392},"111":{"loc":{"start":{"line":392,"column":45},"end":{"line":392,"column":75}},"type":"binary-expr","locations":[{"start":{"line":392,"column":45},"end":{"line":392,"column":63}},{"start":{"line":392,"column":63},"end":{"line":392,"column":75}}],"line":392},"112":{"loc":{"start":{"line":394,"column":6},"end":{"line":398,"column":null}},"type":"cond-expr","locations":[{"start":{"line":395,"column":10},"end":{"line":397,"column":null}},{"start":{"line":398,"column":10},"end":{"line":398,"column":null}}],"line":394},"113":{"loc":{"start":{"line":395,"column":10},"end":{"line":397,"column":null}},"type":"cond-expr","locations":[{"start":{"line":396,"column":12},"end":{"line":396,"column":null}},{"start":{"line":397,"column":12},"end":{"line":397,"column":null}}],"line":395},"114":{"loc":{"start":{"line":400,"column":6},"end":{"line":404,"column":null}},"type":"cond-expr","locations":[{"start":{"line":401,"column":10},"end":{"line":403,"column":null}},{"start":{"line":404,"column":10},"end":{"line":404,"column":null}}],"line":400},"115":{"loc":{"start":{"line":401,"column":10},"end":{"line":403,"column":null}},"type":"cond-expr","locations":[{"start":{"line":402,"column":12},"end":{"line":402,"column":null}},{"start":{"line":403,"column":12},"end":{"line":403,"column":null}}],"line":401},"116":{"loc":{"start":{"line":406,"column":6},"end":{"line":410,"column":null}},"type":"cond-expr","locations":[{"start":{"line":407,"column":10},"end":{"line":409,"column":null}},{"start":{"line":410,"column":10},"end":{"line":410,"column":null}}],"line":406},"117":{"loc":{"start":{"line":407,"column":10},"end":{"line":409,"column":null}},"type":"cond-expr","locations":[{"start":{"line":408,"column":12},"end":{"line":408,"column":null}},{"start":{"line":409,"column":12},"end":{"line":409,"column":null}}],"line":407},"118":{"loc":{"start":{"line":412,"column":18},"end":{"line":412,"column":null}},"type":"binary-expr","locations":[{"start":{"line":412,"column":18},"end":{"line":412,"column":36}},{"start":{"line":412,"column":36},"end":{"line":412,"column":52}},{"start":{"line":412,"column":52},"end":{"line":412,"column":67}},{"start":{"line":412,"column":67},"end":{"line":412,"column":null}}],"line":412},"119":{"loc":{"start":{"line":413,"column":32},"end":{"line":413,"column":59}},"type":"cond-expr","locations":[{"start":{"line":413,"column":42},"end":{"line":413,"column":54}},{"start":{"line":413,"column":54},"end":{"line":413,"column":59}}],"line":413},"120":{"loc":{"start":{"line":417,"column":2},"end":{"line":417,"column":null}},"type":"if","locations":[{"start":{"line":417,"column":2},"end":{"line":417,"column":null}},{"start":{},"end":{}}],"line":417},"121":{"loc":{"start":{"line":418,"column":12},"end":{"line":418,"column":null}},"type":"binary-expr","locations":[{"start":{"line":418,"column":12},"end":{"line":418,"column":28}},{"start":{"line":418,"column":28},"end":{"line":418,"column":null}}],"line":418},"122":{"loc":{"start":{"line":421,"column":15},"end":{"line":421,"column":null}},"type":"cond-expr","locations":[{"start":{"line":421,"column":21},"end":{"line":421,"column":55}},{"start":{"line":421,"column":55},"end":{"line":421,"column":null}}],"line":421},"123":{"loc":{"start":{"line":429,"column":8},"end":{"line":429,"column":null}},"type":"binary-expr","locations":[{"start":{"line":429,"column":8},"end":{"line":429,"column":14}},{"start":{"line":429,"column":8},"end":{"line":429,"column":null}}],"line":429},"124":{"loc":{"start":{"line":430,"column":10},"end":{"line":430,"column":null}},"type":"binary-expr","locations":[{"start":{"line":430,"column":10},"end":{"line":430,"column":25}},{"start":{"line":430,"column":25},"end":{"line":430,"column":null}}],"line":430},"125":{"loc":{"start":{"line":445,"column":6},"end":{"line":453,"column":null}},"type":"cond-expr","locations":[{"start":{"line":446,"column":10},"end":{"line":452,"column":null}},{"start":{"line":453,"column":10},"end":{"line":453,"column":null}}],"line":445},"126":{"loc":{"start":{"line":448,"column":18},"end":{"line":448,"column":null}},"type":"cond-expr","locations":[{"start":{"line":448,"column":45},"end":{"line":448,"column":75}},{"start":{"line":448,"column":75},"end":{"line":448,"column":null}}],"line":448},"127":{"loc":{"start":{"line":448,"column":45},"end":{"line":448,"column":75}},"type":"binary-expr","locations":[{"start":{"line":448,"column":45},"end":{"line":448,"column":66}},{"start":{"line":448,"column":66},"end":{"line":448,"column":75}}],"line":448},"128":{"loc":{"start":{"line":449,"column":23},"end":{"line":449,"column":null}},"type":"cond-expr","locations":[{"start":{"line":449,"column":55},"end":{"line":449,"column":73}},{"start":{"line":449,"column":73},"end":{"line":449,"column":null}}],"line":449},"129":{"loc":{"start":{"line":450,"column":20},"end":{"line":450,"column":null}},"type":"cond-expr","locations":[{"start":{"line":450,"column":50},"end":{"line":450,"column":85}},{"start":{"line":450,"column":85},"end":{"line":450,"column":null}}],"line":450},"130":{"loc":{"start":{"line":450,"column":50},"end":{"line":450,"column":85}},"type":"cond-expr","locations":[{"start":{"line":450,"column":65},"end":{"line":450,"column":72}},{"start":{"line":450,"column":72},"end":{"line":450,"column":85}}],"line":450},"131":{"loc":{"start":{"line":451,"column":22},"end":{"line":451,"column":null}},"type":"cond-expr","locations":[{"start":{"line":451,"column":54},"end":{"line":451,"column":91}},{"start":{"line":451,"column":91},"end":{"line":451,"column":null}}],"line":451},"132":{"loc":{"start":{"line":451,"column":54},"end":{"line":451,"column":91}},"type":"cond-expr","locations":[{"start":{"line":451,"column":71},"end":{"line":451,"column":78}},{"start":{"line":451,"column":78},"end":{"line":451,"column":91}}],"line":451},"133":{"loc":{"start":{"line":459,"column":2},"end":{"line":459,"column":null}},"type":"if","locations":[{"start":{"line":459,"column":2},"end":{"line":459,"column":null}},{"start":{},"end":{}}],"line":459},"134":{"loc":{"start":{"line":461,"column":2},"end":{"line":461,"column":null}},"type":"if","locations":[{"start":{"line":461,"column":2},"end":{"line":461,"column":null}},{"start":{},"end":{}}],"line":461},"135":{"loc":{"start":{"line":463,"column":2},"end":{"line":463,"column":null}},"type":"if","locations":[{"start":{"line":463,"column":2},"end":{"line":463,"column":null}},{"start":{},"end":{}}],"line":463},"136":{"loc":{"start":{"line":464,"column":47},"end":{"line":464,"column":103}},"type":"cond-expr","locations":[{"start":{"line":464,"column":71},"end":{"line":464,"column":101}},{"start":{"line":464,"column":101},"end":{"line":464,"column":103}}],"line":464},"137":{"loc":{"start":{"line":482,"column":2},"end":{"line":482,"column":null}},"type":"if","locations":[{"start":{"line":482,"column":2},"end":{"line":482,"column":null}},{"start":{},"end":{}}],"line":482},"138":{"loc":{"start":{"line":483,"column":2},"end":{"line":483,"column":null}},"type":"if","locations":[{"start":{"line":483,"column":2},"end":{"line":483,"column":null}},{"start":{},"end":{}}],"line":483},"139":{"loc":{"start":{"line":485,"column":17},"end":{"line":485,"column":null}},"type":"cond-expr","locations":[{"start":{"line":485,"column":33},"end":{"line":485,"column":87}},{"start":{"line":485,"column":87},"end":{"line":485,"column":null}}],"line":485},"140":{"loc":{"start":{"line":486,"column":21},"end":{"line":486,"column":null}},"type":"cond-expr","locations":[{"start":{"line":486,"column":30},"end":{"line":486,"column":48}},{"start":{"line":486,"column":48},"end":{"line":486,"column":null}}],"line":486},"141":{"loc":{"start":{"line":487,"column":23},"end":{"line":487,"column":null}},"type":"cond-expr","locations":[{"
[...]
":{"line":63,"column":null}},"17":{"start":{"line":63,"column":20},"end":{"line":63,"column":null}},"18":{"start":{"line":64,"column":2},"end":{"line":64,"column":null}},"19":{"start":{"line":64,"column":23},"end":{"line":64,"column":null}},"20":{"start":{"line":65,"column":2},"end":{"line":65,"column":null}},"21":{"start":{"line":75,"column":2},"end":{"line":75,"column":null}},"22":{"start":{"line":75,"column":37},"end":{"line":75,"column":null}},"23":{"start":{"line":76,"column":8},"end":{"line":76,"column":null}},"24":{"start":{"line":76,"column":25},"end":{"line":76,"column":null}},"25":{"start":{"line":77,"column":8},"end":{"line":79,"column":null}},"26":{"start":{"line":78,"column":4},"end":{"line":78,"column":null}},"27":{"start":{"line":78,"column":38},"end":{"line":78,"column":null}},"28":{"start":{"line":80,"column":2},"end":{"line":80,"column":null}},"29":{"start":{"line":81,"column":2},"end":{"line":81,"column":null}},"30":{"start":{"line":82,"column":2},"end":{"line":85,"column":null}},"31":{"start":{"line":83,"column":4},"end":{"line":83,"column":null}},"32":{"start":{"line":84,"column":4},"end":{"line":84,"column":null}}},"fnMap":{"0":{"name":"getActiveBackendId","decl":{"start":{"line":29,"column":16},"end":{"line":29,"column":59}},"loc":{"start":{"line":29,"column":59},"end":{"line":43,"column":null}},"line":29},"1":{"name":"setActiveBackendId","decl":{"start":{"line":45,"column":16},"end":{"line":45,"column":35}},"loc":{"start":{"line":45,"column":67},"end":{"line":53,"column":null}},"line":45},"2":{"name":"getActiveBackend","decl":{"start":{"line":61,"column":16},"end":{"line":61,"column":55}},"loc":{"start":{"line":61,"column":55},"end":{"line":66,"column":null}},"line":61},"3":{"name":"subscribeActiveBackend","decl":{"start":{"line":74,"column":16},"end":{"line":74,"column":39}},"loc":{"start":{"line":74,"column":67},"end":{"line":86,"column":null}},"line":74},"4":{"name":"(anonymous_4)","decl":{"start":{"line":75,"column":37},"end":{"line":75,"column":50}},"loc":{"start":{"line":75,"column":50},"end":{"line":75,"column":null}},"line":75},"5":{"name":"(anonymous_5)","decl":{"start":{"line":76,"column":8},"end":{"line":76,"column":25}},"loc":{"start":{"line":76,"column":25},"end":{"line":76,"column":null}},"line":76},"6":{"name":"(anonymous_6)","decl":{"start":{"line":77,"column":8},"end":{"line":77,"column":21}},"loc":{"start":{"line":77,"column":41},"end":{"line":79,"column":null}},"line":77},"7":{"name":"(anonymous_7)","decl":{"start":{"line":82,"column":2},"end":{"line":82,"column":15}},"loc":{"start":{"line":82,"column":15},"end":{"line":85,"column":null}},"line":82}},"branchMap":{"0":{"loc":{"start":{"line":30,"column":2},"end":{"line":30,"column":null}},"type":"if","locations":[{"start":{"line":30,"column":2},"end":{"line":30,"column":null}},{"start":{},"end":{}}],"line":30},"1":{"loc":{"start":{"line":30,"column":6},"end":{"line":30,"column":61}},"type":"binary-expr","locations":[{"start":{"line":30,"column":6},"end":{"line":30,"column":39}},{"start":{"line":30,"column":39},"end":{"line":30,"column":61}}],"line":30},"2":{"loc":{"start":{"line":32,"column":2},"end":{"line":32,"column":null}},"type":"if","locations":[{"start":{"line":32,"column":2},"end":{"line":32,"column":null}},{"start":{},"end":{}}],"line":32},"3":{"loc":{"start":{"line":32,"column":6},"end":{"line":32,"column":41}},"type":"binary-expr","locations":[{"start":{"line":32,"column":6},"end":{"line":32,"column":23}},{"start":{"line":32,"column":23},"end":{"line":32,"column":41}}],"line":32},"4":{"loc":{"start":{"line":42,"column":9},"end":{"line":42,"column":null}},"type":"cond-expr","locations":[{"start":{"line":42,"column":15},"end":{"line":42,"column":23}},{"start":{"line":42,"column":23},"end":{"line":42,"column":null}}],"line":42},"5":{"loc":{"start":{"line":46,"column":2},"end":{"line":46,"column":null}},"type":"if","locations":[{"start":{"line":46,"column":2},"end":{"line":46,"column":null}},{"start":{},"end":{}}],"line":46},"6":{"loc":{"start":{"line":46,"column":6},"end":{"line":46,"column":61}},"type":"binary-expr","locations":[{"start":{"line":46,"column":6},"end":{"line":46,"column":39}},{"start":{"line":46,"column":39},"end":{"line":46,"column":61}}],"line":46},"7":{"loc":{"start":{"line":47,"column":2},"end":{"line":48,"column":null}},"type":"if","locations":[{"start":{"line":47,"column":2},"end":{"line":48,"column":null}},{"start":{"line":48,"column":7},"end":{"line":48,"column":null}}],"line":47},"8":{"loc":{"start":{"line":63,"column":2},"end":{"line":63,"column":null}},"type":"if","locations":[{"start":{"line":63,"column":2},"end":{"line":63,"column":null}},{"start":{},"end":{}}],"line":63},"9":{"loc":{"start":{"line":64,"column":2},"end":{"line":64,"column":null}},"type":"if","locations":[{"start":{"line":64,"column":2},"end":{"line":64,"column":null}},{"start":{},"end":{}}],"line":64},"10":{"loc":{"start":{"line":75,"column":2},"end":{"line":75,"column":null}},"type":"if","locations":[{"start":{"line":75,"column":2},"end":{"line":75,"column":null}},{"start":{},"end":{}}],"line":75},"11":{"loc":{"start":{"line":78,"column":4},"end":{"line":78,"column":null}},"type":"if","locations":[{"start":{"line":78,"column":4},"end":{"line":78,"column":null}},{"start":{},"end":{}}],"line":78}},"s":{"0":2,"1":2,"2":9,"3":0,"4":9,"5":9,"6":5,"7":4,"8":4,"9":4,"10":0,"11":4,"12":3,"13":1,"14":4,"15":4,"16":4,"17":2,"18":2,"19":1,"20":1,"21":2,"22":0,"23":2,"24":1,"25":2,"26":2,"27":1,"28":2,"29":2,"30":2,"31":2,"32":2},"f":{"0":9,"1":4,"2":4,"3":2,"4":0,"5":1,"6":2,"7":2},"b":{"0":[0,9],"1":[9,9],"2":[5,4],"3":[9,6],"4":[2,2],"5":[0,4],"6":[4,4],"7":[3,1],"8":[2,2],"9":[1,1],"10":[0,2],"11":[1,1]},"meta":{"lastBranch":12,"lastFunction":8,"lastStatement":33,"seen":{"s:26:27:26:Infinity":0,"s:27:21:27:Infinity":1,"f:29:16:29:59":0,"b:30:2:30:Infinity:undefined:undefined:undefined:undefined":0,"s:30:2:30:Infinity":2,"b:30:6:30:39:30:39:30:61":1,"s:30:61:30:Infinity":3,"s:31:14:31:Infinity":4,"b:32:2:32:Infinity:undefined:undefined:undefined:undefined":2,"s:32:2:32:Infinity":5,"b:32:6:32:23:32:23:32:41":3,"s:32:41:32:Infinity":6,"s:41:8:41:Infinity":7,"s:42:2:42:Infinity":8,"b:42:15:42:23:42:23:42:Infinity":4,"f:45:16:45:35":1,"b:46:2:46:Infinity:undefined:undefined:undefined:undefined":5,"s:46:2:46:Infinity":9,"b:46:6:46:39:46:39:46:61":6,"s:46:61:46:Infinity":10,"b:47:2:48:Infinity:48:7:48:Infinity":7,"s:47:2:48:Infinity":11,"s:47:10:47:Infinity":12,"s:48:7:48:Infinity":13,"s:52:2:52:Infinity":14,"f:61:16:61:55":2,"s:62:13:62:Infinity":15,"b:63:2:63:Infinity:undefined:undefined:undefined:undefined":8,"s:63:2:63:Infinity":16,"s:63:20:63:Infinity":17,"b:64:2:64:Infinity:undefined:undefined:undefined:undefined":9,"s:64:2:64:Infinity":18,"s:64:23:64:Infinity":19,"s:65:2:65:Infinity":20,"f:74:16:74:39":3,"b:75:2:75:Infinity:undefined:undefined:undefined:undefined":10,"s:75:2:75:Infinity":21,"s:75:37:75:Infinity":22,"f:75:37:75:50":4,"s:76:8:76:Infinity":23,"f:76:8:76:25":5,"s:76:25:76:Infinity":24,"s:77:8:79:Infinity":25,"f:77:8:77:21":6,"b:78:4:78:Infinity:undefined:undefined:undefined:undefined":11,"s:78:4:78:Infinity":26,"s:78:38:78:Infinity":27,"s:80:2:80:Infinity":28,"s:81:2:81:Infinity":29,"s:82:2:85:Infinity":30,"f:82:2:82:15":7,"s:83:4:83:Infinity":31,"s:84:4:84:Infinity":32}}}
,"/Users/sercancelenk/development/workspaces/projects/leeadman/src/lib/syncBackends/lan.ts": {"path":"/Users/sercancelenk/development/workspaces/projects/leeadman/src/lib/syncBackends/lan.ts","statementMap":{"0":{"start":{"line":56,"column":2},"end":{"line":56,"column":null}},"1":{"start":{"line":56,"column":19},"end":{"line":56,"column":null}},"2":{"start":{"line":57,"column":2},"end":{"line":119,"column":null}},"3":{"start":{"line":63,"column":12},"end":{"line":63,"column":null}},"4":{"start":{"line":64,"column":6},"end":{"line":64,"column":null}},"5":{"start":{"line":64,"column":17},"end":{"line":64,"column":null}},"6":{"start":{"line":65,"column":6},"end":{"line":65,"column":null}},"7":{"start":{"line":65,"column":74},"end":{"line":65,"column":null}},"8":{"start":{"line":66,"column":6},"end":{"line":66,"column":null}},"9":{"start":{"line":70,"column":12},"end":{"line":70,"column":null}},"10":{"start":{"line":71,"column":6},"end":{"line":71,"column":null}},"11":{"start":{"line":71,"column":17},"end":{"line":71,"column":null}},"12":{"start":{"line":72,"column":22},"end":{"line":72,"column":null}},"13":{"start":{"line":73,"column":6},"end":{"line":73,"column":null}},"14":{"start":{"line":77,"column":12},"end":{"line":77,"column":null}},"15":{"start":{"line":78,"column":6},"end":{"line":78,"column":null}},"16":{"start":{"line":78,"column":17},"end":{"line":78,"column":null}},"17":{"start":{"line":79,"column":22},"end":{"line":79,"column":null}},"18":{"start":{"line":80,"column":6},"end":{"line":80,"column":null}},"19":{"start":{"line":84,"column":12},"end":{"line":84,"column":null}},"20":{"start":{"line":85,"column":6},"end":{"line":85,"column":null}},"21":{"start":{"line":85,"column":17},"end":{"line":85,"column":null}},"22":{"start":{"line":86,"column":6},"end":{"line":90,"column":null}},"23":{"start":{"line":94,"column":12},"end":{"line":94,"column":null}},"24":{"start":{"line":95,"column":6},"end":{"line":95,"column":null}},"25":{"start":{"line":95,"column":17},"end":{"line":95,"column":null}},"26":{"start":{"line":99,"column":78},"end":{"line":105,"column":null}},"27":{"start":{"line":106,"column":6},"end":{"line":106,"column":null}},"28":{"start":{"line":110,"column":12},"end":{"line":110,"column":null}},"29":{"start":{"line":111,"column":6},"end":{"line":111,"column":null}},"30":{"start":{"line":111,"column":17},"end":{"line":111,"column":null}},"31":{"start":{"line":112,"column":6},"end":{"line":117,"column":null}},"32":{"start":{"line":113,"column":18},"end":{"line":113,"column":null}},"33":{"start":{"line":114,"column":8},"end":{"line":114,"column":null}},"34":{"start":{"line":116,"column":8},"end":{"line":116,"column":null}},"35":{"start":{"line":129,"column":2},"end":{"line":129,"column":null}},"36":{"start":{"line":139,"column":2},"end":{"line":139,"column":null}},"37":{"start":{"line":157,"column":2},"end":{"line":173,"column":null}},"38":{"start":{"line":159,"column":6},"end":{"line":159,"column":null}},"39":{"start":{"line":161,"column":6},"end":{"line":161,"column":null}},"40":{"start":{"line":164,"column":6},"end":{"line":164,"column":null}},"41":{"start":{"line":166,"column":6},"end":{"line":166,"column":null}},"42":{"start":{"line":168,"column":6},"end":{"line":168,"column":null}},"43":{"start":{"line":170,"column":6},"end":{"line":170,"column":null}},"44":{"start":{"line":172,"column":6},"end":{"line":172,"column":null}},"45":{"start":{"line":177,"column":2},"end":{"line":198,"column":null}},"46":{"start":{"line":179,"column":6},"end":{"line":179,"column":null}},"47":{"start":{"line":181,"column":6},"end":{"line":185,"column":null}},"48":{"start":{"line":187,"column":6},"end":{"line":187,"column":null}},"49":{"start":{"line":189,"column":6},"end":{"line":189,"column":null}},"50":{"start":{"line":191,"column":6},"end":{"line":191,"column":null}},"51":{"start":{"line":193,"column":6},"end":{"line":193,"column":null}},"52":{"start":{"line":195,"column":6},"end":{"line":195,"column":null}},"53":{"start":{"line":197,"column":6},"end":{"line":197,"column":null}}},"fnMap":{"0":{"name":"createLanBackend","decl":{"start":{"line":55,"column":16},"end":{"line":55,"column":55}},"loc":{"start":{"line":55,"column":55},"end":{"line":120,"column":null}},"line":55},"1":{"name":"(anonymous_1)","decl":{"start":{"line":62,"column":10},"end":{"line":62,"column":40}},"loc":{"start":{"line":62,"column":40},"end":{"line":67,"column":null}},"line":62},"2":{"name":"(anonymous_2)","decl":{"start":{"line":69,"column":10},"end":{"line":69,"column":15}},"loc":{"start":{"line":69,"column":26},"end":{"line":74,"column":null}},"line":69},"3":{"name":"(anonymous_3)","decl":{"start":{"line":76,"column":10},"end":{"line":76,"column":15}},"loc":{"start":{"line":76,"column":34},"end":{"line":81,"column":null}},"line":76},"4":{"name":"(anonymous_4)","decl":{"start":{"line":83,"column":4},"end":{"line":83,"column":35}},"loc":{"start":{"line":83,"column":35},"end":{"line":91,"column":null}},"line":83},"5":{"name":"(anonymous_5)","decl":{"start":{"line":93,"column":4},"end":{"line":93,"column":14}},"loc":{"start":{"line":93,"column":22},"end":{"line":107,"column":null}},"line":93},"6":{"name":"(anonymous_6)","decl":{"start":{"line":109,"column":4},"end":{"line":109,"column":23}},"loc":{"start":{"line":109,"column":23},"end":{"line":118,"column":null}},"line":109},"7":{"name":"disconnectLan","decl":{"start":{"line":128,"column":16},"end":{"line":128,"column":38}},"loc":{"start":{"line":128,"column":38},"end":{"line":130,"column":null}},"line":128},"8":{"name":"lanRecordSync","decl":{"start":{"line":138,"column":16},"end":{"line":138,"column":30}},"loc":{"start":{"line":138,"column":62},"end":{"line":140,"column":null}},"line":138},"9":{"name":"mapPullOutcome","decl":{"start":{"line":156,"column":9},"end":{"line":156,"column":24}},"loc":{"start":{"line":156,"column":63},"end":{"line":174,"column":null}},"line":156},"10":{"name":"mapPushOutcome","decl":{"start":{"line":176,"column":9},"end":{"line":176,"column":24}},"loc":{"start":{"line":176,"column":63},"end":{"line":199,"column":null}},"line":176}},"branchMap":{"0":{"loc":{"start":{"line":56,"column":2},"end":{"line":56,"column":null}},"type":"if","locations":[{"start":{"line":56,"column":2},"end":{"line":56,"column":null}},{"start":{},"end":{}}],"line":56},"1":{"loc":{"start":{"line":64,"column":6},"end":{"line":64,"column":null}},"type":"if","locations":[{"start":{"line":64,"column":6},"end":{"line":64,"column":null}},{"start":{},"end":{}}],"line":64},"2":{"loc":{"start":{"line":65,"column":6},"end":{"line":65,"column":null}},"type":"if","locations":[{"start":{"line":65,"column":6},"end":{"line":65,"column":null}},{"start":{},"end":{}}],"line":65},"3":{"loc":{"start":{"line":65,"column":10},"end":{"line":65,"column":74}},"type":"binary-expr","locations":[{"start":{"line":65,"column":10},"end":{"line":65,"column":46}},{"start":{"line":65,"column":46},"end":{"line":65,"column":74}}],"line":65},"4":{"loc":{"start":{"line":71,"column":6},"end":{"line":71,"column":null}},"type":"if","locations":[{"start":{"line":71,"column":6},"end":{"line":71,"column":null}},{"start":{},"end":{}}],"line":71},"5":{"loc":{"start":{"line":78,"column":6},"end":{"line":78,"column":null}},"type":"if","locations":[{"start":{"line":78,"column":6},"end":{"line":78,"column":null}},{"start":{},"end":{}}],"line":78},"6":{"loc":{"start":{"line":85,"column":6},"end":{"line":85,"column":null}},"type":"if","locations":[{"start":{"line":85,"column":6},"end":{"line":85,"column":null}},{"start":{},"end":{}}],"line":85},"7":{"loc":{"start":{"line":95,"column":6},"end":{"line":95,"column":null}},"type":"if","locations":[{"start":{"line":95,"column":6},"end":{"line":95,"column":null}},{"start":{},"end":{}}],"line":95},"8":{"loc":{"start":{"line":111,"column":6},"end":{"line":111,"column":null}},"type":"if","locations":[{"start":{"line":111,"column":6},"end":{"line":111,"column":null}},{"start":{},"end":{}}],"line":111},"9":{"loc":{"start":{"line":157,"column":2},"end":{"line":173,"column":null}},"type":"switch","locations":[{"start":{"line":158,"column":4},"end":{"line":159,"column":null}},{"start":{"line":160,"column":4},"end":{"line":161,"column":null}},{"start":{"line":162,"column":4},"end":{"line":162,"column":null}},{"start":{"line":163,"column":4},"end":{"line":164,"column":null}},{"start":{"line":165,"column":4},"end":{"line":166,"column":null}},{"start":{"line":167,"column":4},"end":{"line":168,"column":null}},{"start":{"line":169,"column":4},"end":{"line":170,"column":null}},{"start":{"line":171,"column":4},"end":{"line":172,"column":null}}],"line":157},"10":{"loc":{"start":{"line":177,"column":2},"end":{"line":198,"column":null}},"type":"switch","locations":[{"start":{"line":178,"column":4},"end":{"line":179,"column":null}},{"start":{"line":180,"column":4},"end":{"line":185,"column":null}},{"start":{"line":186,"column":4},"end":{"line":187,"column":null}},{"start":{"line":188,"column":4},"end":{"line":189,"column":null}},{"start":{"line":190,"column":4},"end":{"line":191,"column":null}},{"start":{"line":192,"column":4},"end":{"line":193,"column":null}},{"start":{"line":194,"column":4},"end":{"line":195,"column":null}},{"start":{"line":196,"column":4},"end":{"line":197,"column":null}}],"line":177}},"s":{"0":27,"1":1,"2":26,"3":3,"4":3,"5":1,"6":2,"7":1,"8":1,"9":9,"10":9,"11":1,"12":8,"13":8,"14":9,"15":9,"16":1,"17":8,"18":8,"19":1,"20":1,"21":0,"22":1,"23":1,"24":1,"25":0,"26":1,"27":1,"28":3,"29":3,"30":1,"31":2,"32":2,"33":2,"34":1,"35":1,"36":1,"37":8,"38":1,"39":1,"40":2,"41":1,"42":1,"43":1,"44":1,"45":8,"46":1,"47":1,"48":1,"49":1,"50":1,"51":1,"52":1,"53":1},"f":{"0":27,"1":3,"2":9,"3":9,"4":1,"5":1,"6":3,"7":1,"8":1,"9":8,"10":8},"b":{"0":[1,26],"1":[1,2],"2":[1,1],"3":[2,2],"4":[1,8],"5":[1,8],"6":[0,1],"7":[0,1],"8":[1,2],"9":[1,1,1,2,1,1,1,1],"10":[1,1,1,1,1,1,1,1]},"meta":{"lastBranch":11,"lastFunction":11,"lastStatement":54,"seen":{"f:55:16:55:55":0,"b:56:2:56:Infinity:undefined:undefined:undefined:undefined":0,"s:56:2:56:Infinity":0,"s:56:19:56:Infinity":1,"s:57:2:119:Infinity":2,"f:62:10:62:40":1,"s:63:12:63:Infinity":3,"b:64:6:64:Infinity:undefined:undefined:undefined:undefined":1,"s:64:6:64:Infinity":4,"s:64:17:64:Infinity":5,"b:65:6:65:Infinity:undefined:undefined:undefined:undefined":2,"s:65:6:65:Infinity":6,"b:65:10:65:46:65:46:65:74":3,"s:65:74:65:Infinity":7,"s:66:6:66:Infinity":8,"f:69:10:69:15":2,"s:70:12:70:Infinity":9,"b:71:6:71:Infinity:undefined:undefined:undefined:undefined":4,"s:71:6:71:Infinity":10,"s:71:17:71:Infinity":11,"s:72:22:72:Infinity":12,"s:73:6:73:Infinity":13,"f:76:10:76:15":3,"s:77:12:77:Infinity":14,"b:78:6:78:Infinity:undefined:undefined:undefined:undefined":5,"s:78:6:78:Infinity":15,"s:78:17:78:Infinity":16,"s:79:22:79:Infinity":17,"s:80:6:80:Infinity":18,"f:83:4:83:35":4,"s:84:12:84:Infinity":19,"b:85:6:85:Infinity:undefined:undefined:undefined:undefined":6,"s:85:6:85:Infinity":20,"s:85:17:85:Infinity":21,"s:86:6:90:Infinity":22,"f:93:4:93:14":5,"s:94:12:94:Infinity":23,"b:95:6:95:Infinity:undefined:undefined:undefined:undefined":7,"s:95:6:95:Infinity":24,"s:95:17:95:Infinity":25,"s:99:78:105:Infinity":26,"s:106:6:106:Infinity":27,"f:109:4:109:23":6,"s:110:12:110:Infinity":28,"b:111:6:111:Infinity:undefined:undefined:undefined:undefined":8,"s:111:6:111:Infinity":29,"s:111:17:111:Infinity":30,"s:112:6:117:Infinity":31,"s:113:18:113:Infinity":32,"s:114:8:114:Infinity":33,"s:116:8:116:Infinity":34,"f:128:16:128:38":7,"s:129:2:129:Infinity":35,"f:138:16:138:30":8,"s:139:2:139:Infinity":36,"f:156:9:156:24":9,"b:158:4:159:Infinity:160:4:161:Infinity:162:4:162:Infinity:163:4:164:Infinity:165:4:166:Infinity:167:4:168:Infinity:169:4:170:Infinity:171:4:172:Infinity":9,"s:157:2:173:Infinity":37,"s:159:6:159:Infinity":38,"s:161:6:161:Infinity":39,"s:164:6:164:Infinity":40,"s:166:6:166:Infinity":41,"s:168:6:168:Infinity":42,"s:170:6:170:Infinity":43,"s:172:6:172:Infinity":44,"f:176:9:176:24":10,"b:178:4:179:Infinity:180:4:185:Infinity:186:4:187:Infinity:188:4:189:Infinity:190:4:191:Infinity:192:4:193:Infinity:194:4:195:Infinity:196:4:197:Infinity":10,"s:177:2:198:Infinity":45,"s:179:6:179:Infinity":46,"s:181:6:185:Infinity":47,"s:187:6:187:Infinity":48,"s:189:6:189:Infinity":49,"s:191:6:191:Infinity":50,"s:193:6:193:Infinity":51,"s:195:6:195:Infinity":52,"s:197:6:197:Infinity":53}}}
,"/Users/sercancelenk/development/workspaces/projects/leeadman/src/lib/syncBackends/types.ts": {"path":"/Users/sercancelenk/development/workspaces/projects/leeadman/src/lib/syncBackends/types.ts","statementMap":{},"fnMap":{},"branchMap":{},"s":{},"f":{},"b":{},"meta":{"lastBranch":0,"lastFunction":0,"lastStatement":0,"seen":{}}}
}
