<?xml version="1.0" encoding="UTF-8"?>
<coverage generated="1780606032294" clover="3.2.0">
  <project timestamp="1780606032294" name="All files">
    <metrics statements="2790" coveredstatements="2667" conditionals="2798" coveredconditionals="2262" methods="651" coveredmethods="611" elements="6239" coveredelements="5540" complexity="0" loc="2790" ncloc="2790" packages="5" files="60" classes="60"/>
    <package name="core.actions">
      <metrics statements="265" coveredstatements="264" conditionals="493" coveredconditionals="385" methods="104" coveredmethods="100"/>
      <file name="index.ts" path="/Users/sercancelenk/development/workspaces/projects/leeadman/src/core/actions/index.ts">
        <metrics statements="265" coveredstatements="264" conditionals="493" coveredconditionals="385" methods="104" coveredmethods="100"/>
        <line num="26" count="5" type="stmt"/>
        <line num="27" count="5" type="stmt"/>
        <line num="28" count="5" type="stmt"/>
        <line num="29" count="5" type="stmt"/>
        <line num="30" count="5" type="cond" truecount="2" falsecount="0"/>
        <line num="31" count="5" type="stmt"/>
        <line num="39" count="5" type="stmt"/>
        <line num="46" count="5" type="stmt"/>
        <line num="55" count="3" type="stmt"/>
        <line num="58" count="3" type="cond" truecount="1" falsecount="1"/>
        <line num="70" count="8" type="stmt"/>
        <line num="71" count="4" type="stmt"/>
        <line num="72" count="8" type="stmt"/>
        <line num="73" count="2" type="stmt"/>
        <line num="75" count="2" type="cond" truecount="1" falsecount="5"/>
        <line num="78" count="2" type="cond" truecount="1" falsecount="1"/>
        <line num="81" count="4" type="stmt"/>
        <line num="84" count="2" type="stmt"/>
        <line num="91" count="2" type="stmt"/>
        <line num="92" count="2" type="stmt"/>
        <line num="93" count="2" type="cond" truecount="2" falsecount="0"/>
        <line num="100" count="6" type="cond" truecount="2" falsecount="0"/>
        <line num="101" count="5" type="stmt"/>
        <line num="102" count="5" type="stmt"/>
        <line num="110" count="6" type="stmt"/>
        <line num="118" count="4" type="stmt"/>
        <line num="121" count="11" type="cond" truecount="2" falsecount="0"/>
        <line num="122" count="4" type="cond" truecount="4" falsecount="0"/>
        <line num="123" count="2" type="stmt"/>
        <line num="131" count="2" type="stmt"/>
        <line num="143" count="6" type="stmt"/>
        <line num="144" count="3" type="cond" truecount="5" falsecount="0"/>
        <line num="145" count="1" type="stmt"/>
        <line num="147" count="3" type="stmt"/>
        <line num="148" count="1" type="stmt"/>
        <line num="150" count="1" type="stmt"/>
        <line num="151" count="1" type="stmt"/>
        <line num="152" count="1" type="cond" truecount="2" falsecount="0"/>
        <line num="158" count="4" type="cond" truecount="4" falsecount="0"/>
        <line num="159" count="2" type="stmt"/>
        <line num="182" count="63" type="cond" truecount="2" falsecount="0"/>
        <line num="183" count="55" type="stmt"/>
        <line num="184" count="55" type="stmt"/>
        <line num="186" count="55" type="cond" truecount="2" falsecount="0"/>
        <line num="191" count="57" type="stmt"/>
        <line num="193" count="57" type="cond" truecount="2" falsecount="0"/>
        <line num="198" count="57" type="stmt"/>
        <line num="200" count="57" type="cond" truecount="5" falsecount="0"/>
        <line num="203" count="57" type="stmt"/>
        <line num="221" count="57" type="stmt"/>
        <line num="224" count="4" type="stmt"/>
        <line num="229" count="25" type="cond" truecount="6" falsecount="0"/>
        <line num="231" count="7" type="stmt"/>
        <line num="233" count="3" type="stmt"/>
        <line num="235" count="4" type="stmt"/>
        <line num="237" count="4" type="stmt"/>
        <line num="239" count="6" type="stmt"/>
        <line num="241" count="1" type="stmt"/>
        <line num="265" count="26" type="stmt"/>
        <line num="266" count="26" type="stmt"/>
        <line num="267" count="27" type="cond" truecount="2" falsecount="0"/>
        <line num="268" count="26" type="cond" truecount="2" falsecount="0"/>
        <line num="272" count="5" type="stmt"/>
        <line num="275" count="26" type="cond" truecount="1" falsecount="3"/>
        <line num="276" count="27" type="cond" truecount="1" falsecount="1"/>
        <line num="277" count="27" type="cond" truecount="3" falsecount="1"/>
        <line num="279" count="27" type="cond" truecount="3" falsecount="3"/>
        <line num="280" count="27" type="cond" truecount="4" falsecount="0"/>
        <line num="282" count="27" type="cond" truecount="3" falsecount="1"/>
        <line num="283" count="27" type="cond" truecount="1" falsecount="3"/>
        <line num="284" count="27" type="cond" truecount="1" falsecount="3"/>
        <line num="286" count="27" type="cond" truecount="2" falsecount="0"/>
        <line num="292" count="27" type="stmt"/>
        <line num="293" count="27" type="stmt"/>
        <line num="294" count="27" type="cond" truecount="2" falsecount="0"/>
        <line num="296" count="27" type="cond" truecount="2" falsecount="0"/>
        <line num="297" count="11" type="cond" truecount="2" falsecount="0"/>
        <line num="298" count="8" type="stmt"/>
        <line num="299" count="8" type="stmt"/>
        <line num="300" count="8" type="cond" truecount="4" falsecount="0"/>
        <line num="301" count="3" type="cond" truecount="1" falsecount="1"/>
        <line num="302" count="3" type="stmt"/>
        <line num="303" count="3" type="cond" truecount="2" falsecount="0"/>
        <line num="304" count="3" type="cond" truecount="4" falsecount="0"/>
        <line num="306" count="15" type="cond" truecount="4" falsecount="0"/>
        <line num="307" count="4" type="stmt"/>
        <line num="308" count="4" type="stmt"/>
        <line num="309" count="11" type="cond" truecount="2" falsecount="0"/>
        <line num="310" count="2" type="stmt"/>
        <line num="311" count="2" type="stmt"/>
        <line num="314" count="26" type="stmt"/>
        <line num="331" count="26" type="cond" truecount="2" falsecount="0"/>
        <line num="334" count="26" type="cond" truecount="3" falsecount="0"/>
        <line num="335" count="26" type="cond" truecount="2" falsecount="0"/>
        <line num="336" count="26" type="stmt"/>
        <line num="344" count="6" type="stmt"/>
        <line num="345" count="6" type="cond" truecount="5" falsecount="0"/>
        <line num="346" count="5" type="cond" truecount="2" falsecount="0"/>
        <line num="347" count="3" type="stmt"/>
        <line num="348" count="3" type="cond" truecount="2" falsecount="0"/>
        <line num="350" count="2" type="stmt"/>
        <line num="354" count="2" type="stmt"/>
        <line num="356" count="2" type="stmt"/>
        <line num="365" count="3" type="cond" truecount="1" falsecount="1"/>
        <line num="367" count="3" type="cond" truecount="2" falsecount="0"/>
        <line num="372" count="3" type="stmt"/>
        <line num="390" count="4" type="cond" truecount="2" falsecount="0"/>
        <line num="391" count="4" type="stmt"/>
        <line num="412" count="4" type="cond" truecount="4" falsecount="0"/>
        <line num="413" count="4" type="cond" truecount="2" falsecount="0"/>
        <line num="417" count="6" type="cond" truecount="2" falsecount="0"/>
        <line num="418" count="5" type="cond" truecount="1" falsecount="1"/>
        <line num="419" count="6" type="stmt"/>
        <line num="420" count="6" type="stmt"/>
        <line num="421" count="6" type="cond" truecount="2" falsecount="0"/>
        <line num="422" count="6" type="stmt"/>
        <line num="426" count="11" type="stmt"/>
        <line num="427" count="14" type="stmt"/>
        <line num="428" count="11" type="stmt"/>
        <line num="434" count="11" type="stmt"/>
        <line num="442" count="4" type="stmt"/>
        <line num="445" count="7" type="cond" truecount="2" falsecount="0"/>
        <line num="459" count="2" type="cond" truecount="2" falsecount="0"/>
        <line num="460" count="1" type="stmt"/>
        <line num="461" count="2" type="cond" truecount="1" falsecount="1"/>
        <line num="462" count="2" type="stmt"/>
        <line num="463" count="1" type="cond" truecount="1" falsecount="1"/>
        <line num="464" count="1" type="cond" truecount="1" falsecount="1"/>
        <line num="465" count="1" type="stmt"/>
        <line num="481" count="7" type="stmt"/>
        <line num="482" count="3" type="cond" truecount="1" falsecount="1"/>
        <line num="483" count="3" type="cond" truecount="2" falsecount="0"/>
        <line num="485" count="2" type="cond" truecount="2" falsecount="0"/>
        <line num="486" count="3" type="cond" truecount="2" falsecount="0"/>
        <line num="487" count="3" type="cond" truecount="2" falsecount="0"/>
        <line num="489" count="3" type="stmt"/>
        <line num="490" count="3" type="stmt"/>
        <line num="492" count="3" type="stmt"/>
        <line num="493" count="6" type="cond" truecount="3" falsecount="0"/>
        <line num="494" count="2" type="stmt"/>
        <line num="496" count="3" type="cond" truecount="2" falsecount="0"/>
        <line num="497" count="3" type="stmt"/>
        <line num="509" count="3" type="cond" truecount="1" falsecount="1"/>
        <line num="510" count="3" type="cond" truecount="1" falsecount="1"/>
        <line num="511" count="3" type="stmt"/>
        <line num="512" count="3" type="stmt"/>
        <line num="513" count="6" type="stmt"/>
        <line num="516" count="3" type="stmt"/>
        <line num="519" count="6" type="cond" truecount="2" falsecount="0"/>
        <line num="520" count="2" type="stmt"/>
        <line num="527" count="4" type="stmt"/>
        <line num="528" count="4" type="cond" truecount="1" falsecount="1"/>
        <line num="539" count="3" type="stmt"/>
        <line num="540" count="1" type="cond" truecount="1" falsecount="1"/>
        <line num="541" count="1" type="stmt"/>
        <line num="542" count="3" type="cond" truecount="2" falsecount="0"/>
        <line num="543" count="1" type="stmt"/>
        <line num="544" count="2" type="stmt"/>
        <line num="545" count="1" type="cond" truecount="1" falsecount="1"/>
        <line num="546" count="1" type="cond" truecount="1" falsecount="1"/>
        <line num="547" count="1" type="cond" truecount="1" falsecount="1"/>
        <line num="548" count="1" type="stmt"/>
        <line num="549" count="1" type="stmt"/>
        <line num="550" count="1" type="stmt"/>
        <line num="553" count="3" type="cond" truecount="2" falsecount="0"/>
        <line num="554" count="2" type="cond" truecount="2" falsecount="0"/>
        <line num="555" count="1" type="stmt"/>
        <line num="567" count="1" type="stmt"/>
        <line num="570" count="4" type="cond" truecount="3" falsecount="0"/>
        <line num="581" count="1" type="stmt"/>
        <line num="582" count="1" type="stmt"/>
        <line num="585" count="3" type="cond" truecount="5" falsecount="0"/>
        <line num="605" count="45" type="cond" truecount="2" falsecount="0"/>
        <line num="606" count="41" type="cond" truecount="1" falsecount="1"/>
        <line num="607" count="41" type="stmt"/>
        <line num="611" count="41" type="stmt"/>
        <line num="612" count="13" type="stmt"/>
        <line num="613" count="8" type="cond" truecount="1" falsecount="1"/>
        <line num="618" count="41" type="cond" truecount="2" falsecount="0"/>
        <line num="619" count="41" type="cond" truecount="4" falsecount="0"/>
        <line num="626" count="41" type="cond" truecount="4" falsecount="0"/>
        <line num="627" count="1" type="cond" truecount="2" falsecount="0"/>
        <line num="631" count="41" type="stmt"/>
        <line num="647" count="41" type="stmt"/>
        <line num="685" count="34" type="stmt"/>
        <line num="686" count="34" type="stmt"/>
        <line num="687" count="43" type="cond" truecount="2" falsecount="0"/>
        <line num="688" count="34" type="cond" truecount="2" falsecount="0"/>
        <line num="692" count="8" type="stmt"/>
        <line num="695" count="34" type="cond" truecount="2" falsecount="2"/>
        <line num="696" count="43" type="stmt"/>
        <line num="701" count="43" type="stmt"/>
        <line num="702" count="43" type="cond" truecount="2" falsecount="0"/>
        <line num="703" count="13" type="stmt"/>
        <line num="704" count="21" type="cond" truecount="2" falsecount="0"/>
        <line num="705" count="6" type="cond" truecount="2" falsecount="0"/>
        <line num="707" count="34" type="stmt"/>
        <line num="711" count="34" type="stmt"/>
        <line num="712" count="34" type="cond" truecount="4" falsecount="0"/>
        <line num="713" count="24" type="cond" truecount="2" falsecount="0"/>
        <line num="716" count="34" type="cond" truecount="1" falsecount="3"/>
        <line num="724" count="43" type="cond" truecount="3" falsecount="1"/>
        <line num="726" count="43" type="cond" truecount="3" falsecount="1"/>
        <line num="732" count="43" type="cond" truecount="4" falsecount="0"/>
        <line num="733" count="13" type="stmt"/>
        <line num="734" count="13" type="stmt"/>
        <line num="743" count="34" type="stmt"/>
        <line num="744" count="34" type="cond" truecount="2" falsecount="0"/>
        <line num="745" count="2" type="stmt"/>
        <line num="746" count="2" type="cond" truecount="1" falsecount="1"/>
        <line num="749" count="34" type="cond" truecount="1" falsecount="3"/>
        <line num="751" count="43" type="cond" truecount="1" falsecount="3"/>
        <line num="752" count="43" type="cond" truecount="2" falsecount="0"/>
        <line num="753" count="34" type="stmt"/>
        <line num="754" count="34" type="stmt"/>
        <line num="757" count="34" type="stmt"/>
        <line num="774" count="34" type="cond" truecount="2" falsecount="0"/>
        <line num="777" count="34" type="stmt"/>
        <line num="791" count="9" type="stmt"/>
        <line num="807" count="12" type="stmt"/>
        <line num="808" count="9" type="cond" truecount="2" falsecount="0"/>
        <line num="809" count="8" type="cond" truecount="2" falsecount="0"/>
        <line num="810" count="8" type="cond" truecount="2" falsecount="0"/>
        <line num="812" count="4" type="stmt"/>
        <line num="813" count="8" type="cond" truecount="2" falsecount="0"/>
        <line num="814" count="0" type="cond" truecount="0" falsecount="4"/>
        <line num="816" count="4" type="cond" truecount="2" falsecount="0"/>
        <line num="817" count="3" type="stmt"/>
        <line num="820" count="9" type="stmt"/>
        <line num="828" count="9" type="stmt"/>
        <line num="829" count="9" type="stmt"/>
        <line num="831" count="9" type="stmt"/>
        <line num="834" count="8" type="stmt"/>
        <line num="835" count="8" type="cond" truecount="1" falsecount="1"/>
        <line num="836" count="8" type="stmt"/>
        <line num="837" count="8" type="stmt"/>
        <line num="852" count="1" type="stmt"/>
        <line num="854" count="1" type="cond" truecount="1" falsecount="1"/>
        <line num="859" count="4" type="stmt"/>
        <line num="860" count="4" type="cond" truecount="1" falsecount="1"/>
        <line num="861" count="4" type="stmt"/>
        <line num="865" count="1" type="stmt"/>
        <line num="867" count="1" type="stmt"/>
        <line num="885" count="6" type="stmt"/>
        <line num="886" count="6" type="stmt"/>
        <line num="895" count="6" type="stmt"/>
        <line num="899" count="1" type="stmt"/>
        <line num="901" count="1" type="cond" truecount="1" falsecount="1"/>
        <line num="916" count="4" type="cond" truecount="5" falsecount="0"/>
        <line num="921" count="4" type="stmt"/>
        <line num="924" count="4" type="cond" truecount="1" falsecount="1"/>
        <line num="925" count="4" type="stmt"/>
        <line num="926" count="4" type="cond" truecount="2" falsecount="0"/>
        <line num="927" count="4" type="stmt"/>
        <line num="933" count="1" type="stmt"/>
        <line num="937" count="2" type="cond" truecount="2" falsecount="0"/>
        <line num="938" count="1" type="stmt"/>
        <line num="939" count="1" type="stmt"/>
        <line num="941" count="1" type="stmt"/>
        <line num="948" count="2" type="cond" truecount="2" falsecount="0"/>
        <line num="952" count="2" type="stmt"/>
        <line num="963" count="4" type="stmt"/>
        <line num="969" count="7" type="cond" truecount="2" falsecount="0"/>
        <line num="975" count="7" type="cond" truecount="4" falsecount="0"/>
        <line num="976" count="7" type="stmt"/>
      </file>
    </package>
    <package name="core.model">
      <metrics statements="257" coveredstatements="257" conditionals="446" coveredconditionals="400" methods="77" coveredmethods="76"/>
      <file name="index.ts" path="/Users/sercancelenk/development/workspaces/projects/leeadman/src/core/model/index.ts">
        <metrics statements="252" coveredstatements="252" conditionals="446" coveredconditionals="400" methods="75" coveredmethods="74"/>
        <line num="7" count="11" type="stmt"/>
        <line num="13" count="11" type="stmt"/>
        <line num="22" count="11" type="stmt"/>
        <line num="92" count="11" type="stmt"/>
        <line num="101" count="11" type="stmt"/>
        <line num="109" count="17" type="cond" truecount="2" falsecount="0"/>
        <line num="110" count="36" type="cond" truecount="2" falsecount="0"/>
        <line num="157" count="11" type="stmt"/>
        <line num="165" count="37" type="cond" truecount="2" falsecount="0"/>
        <line num="170" count="28" type="cond" truecount="2" falsecount="0"/>
        <line num="247" count="11" type="stmt"/>
        <line num="261" count="11" type="stmt"/>
        <line num="403" count="735" type="stmt"/>
        <line num="407" count="288" type="stmt"/>
        <line num="411" count="288" type="stmt"/>
        <line num="415" count="103" type="cond" truecount="2" falsecount="0"/>
        <line num="416" count="41" type="stmt"/>
        <line num="420" count="16" type="stmt"/>
        <line num="424" count="47" type="cond" truecount="2" falsecount="0"/>
        <line num="428" count="6" type="cond" truecount="2" falsecount="0"/>
        <line num="433" count="5" type="cond" truecount="3" falsecount="0"/>
        <line num="437" count="200" type="stmt"/>
        <line num="438" count="200" type="stmt"/>
        <line num="439" count="200" type="stmt"/>
        <line num="440" count="200" type="stmt"/>
        <line num="441" count="200" type="stmt"/>
        <line num="471" count="207" type="stmt"/>
        <line num="472" count="207" type="stmt"/>
        <line num="473" count="207" type="stmt"/>
        <line num="480" count="66" type="stmt"/>
        <line num="481" count="39" type="cond" truecount="2" falsecount="0"/>
        <line num="482" count="37" type="stmt"/>
        <line num="495" count="66" type="stmt"/>
        <line num="496" count="66" type="stmt"/>
        <line num="497" count="50" type="cond" truecount="2" falsecount="0"/>
        <line num="499" count="50" type="stmt"/>
        <line num="500" count="50" type="cond" truecount="2" falsecount="0"/>
        <line num="501" count="50" type="stmt"/>
        <line num="511" count="73" type="stmt"/>
        <line num="512" count="73" type="stmt"/>
        <line num="513" count="73" type="stmt"/>
        <line num="514" count="73" type="stmt"/>
        <line num="515" count="73" type="stmt"/>
        <line num="516" count="17" type="cond" truecount="2" falsecount="0"/>
        <line num="518" count="17" type="cond" truecount="2" falsecount="0"/>
        <line num="519" count="17" type="stmt"/>
        <line num="521" count="17" type="cond" truecount="5" falsecount="0"/>
        <line num="524" count="17" type="stmt"/>
        <line num="526" count="17" type="cond" truecount="5" falsecount="0"/>
        <line num="531" count="17" type="stmt"/>
        <line num="533" count="17" type="cond" truecount="4" falsecount="0"/>
        <line num="536" count="17" type="stmt"/>
        <line num="558" count="11" type="stmt"/>
        <line num="561" count="87" type="cond" truecount="4" falsecount="0"/>
        <line num="567" count="66" type="cond" truecount="1" falsecount="1"/>
        <line num="568" count="66" type="stmt"/>
        <line num="569" count="48" type="cond" truecount="2" falsecount="0"/>
        <line num="570" count="48" type="stmt"/>
        <line num="586" count="39" type="cond" truecount="1" falsecount="1"/>
        <line num="587" count="39" type="stmt"/>
        <line num="588" count="48" type="cond" truecount="2" falsecount="0"/>
        <line num="590" count="1" type="cond" truecount="1" falsecount="1"/>
        <line num="594" count="66" type="cond" truecount="1" falsecount="1"/>
        <line num="595" count="66" type="stmt"/>
        <line num="596" count="39" type="cond" truecount="2" falsecount="0"/>
        <line num="598" count="39" type="stmt"/>
        <line num="599" count="39" type="stmt"/>
        <line num="604" count="39" type="stmt"/>
        <line num="605" count="39" type="stmt"/>
        <line num="606" count="39" type="stmt"/>
        <line num="608" count="39" type="cond" truecount="4" falsecount="0"/>
        <line num="616" count="39" type="cond" truecount="2" falsecount="0"/>
        <line num="617" count="39" type="cond" truecount="4" falsecount="0"/>
        <line num="619" count="39" type="cond" truecount="4" falsecount="0"/>
        <line num="631" count="39" type="cond" truecount="1" falsecount="1"/>
        <line num="632" count="39" type="stmt"/>
        <line num="633" count="39" type="stmt"/>
        <line num="634" count="39" type="cond" truecount="2" falsecount="0"/>
        <line num="635" count="4" type="stmt"/>
        <line num="636" count="4" type="stmt"/>
        <line num="637" count="4" type="stmt"/>
        <line num="638" count="6" type="cond" truecount="2" falsecount="0"/>
        <line num="639" count="3" type="stmt"/>
        <line num="640" count="3" type="stmt"/>
        <line num="643" count="4" type="cond" truecount="2" falsecount="0"/>
        <line num="644" count="3" type="stmt"/>
        <line num="645" count="3" type="stmt"/>
        <line num="650" count="3" type="cond" truecount="1" falsecount="1"/>
        <line num="651" count="3" type="cond" truecount="4" falsecount="0"/>
        <line num="657" count="39" type="stmt"/>
        <line num="682" count="7" type="stmt"/>
        <line num="683" count="7" type="stmt"/>
        <line num="684" count="7" type="stmt"/>
        <line num="685" count="7" type="cond" truecount="2" falsecount="0"/>
        <line num="686" count="7" type="stmt"/>
        <line num="687" count="3" type="cond" truecount="2" falsecount="0"/>
        <line num="689" count="3" type="cond" truecount="1" falsecount="1"/>
        <line num="690" count="3" type="cond" truecount="2" falsecount="0"/>
        <line num="691" count="3" type="stmt"/>
        <line num="692" count="3" type="stmt"/>
        <line num="703" count="7" type="cond" truecount="2" falsecount="0"/>
        <line num="704" count="5" type="stmt"/>
        <line num="714" count="7" type="cond" truecount="2" falsecount="0"/>
        <line num="715" count="7" type="stmt"/>
        <line num="720" count="7" type="cond" truecount="2" falsecount="0"/>
        <line num="722" count="7" type="stmt"/>
        <line num="729" count="3" type="stmt"/>
        <line num="739" count="73" type="stmt"/>
        <line num="740" count="73" type="stmt"/>
        <line num="741" count="73" type="stmt"/>
        <line num="743" count="73" type="stmt"/>
        <line num="744" count="76" type="cond" truecount="2" falsecount="0"/>
        <line num="745" count="76" type="cond" truecount="2" falsecount="0"/>
        <line num="746" count="66" type="stmt"/>
        <line num="757" count="73" type="cond" truecount="2" falsecount="0"/>
        <line num="758" count="63" type="stmt"/>
        <line num="762" count="112" type="cond" truecount="2" falsecount="0"/>
        <line num="763" count="73" type="cond" truecount="2" falsecount="0"/>
        <line num="764" count="2" type="stmt"/>
        <line num="765" count="2" type="cond" truecount="2" falsecount="0"/>
        <line num="766" count="1" type="stmt"/>
        <line num="767" count="1" type="stmt"/>
        <line num="769" count="2" type="stmt"/>
        <line num="770" count="4" type="cond" truecount="4" falsecount="0"/>
        <line num="774" count="73" type="stmt"/>
        <line num="778" count="73" type="stmt"/>
        <line num="779" count="73" type="stmt"/>
        <line num="780" count="73" type="stmt"/>
        <line num="782" count="73" type="stmt"/>
        <line num="783" count="77" type="stmt"/>
        <line num="784" count="123" type="cond" truecount="2" falsecount="0"/>
        <line num="785" count="76" type="stmt"/>
        <line num="795" count="73" type="cond" truecount="2" falsecount="0"/>
        <line num="796" count="72" type="stmt"/>
        <line num="799" count="73" type="stmt"/>
        <line num="803" count="17" type="cond" truecount="2" falsecount="0"/>
        <line num="804" count="10" type="stmt"/>
        <line num="805" count="10" type="stmt"/>
        <line num="806" count="10" type="stmt"/>
        <line num="807" count="10" type="stmt"/>
        <line num="809" count="7" type="stmt"/>
        <line num="811" count="7" type="cond" truecount="6" falsecount="0"/>
        <line num="812" count="17" type="stmt"/>
        <line num="813" count="17" type="stmt"/>
        <line num="822" count="73" type="cond" truecount="1" falsecount="1"/>
        <line num="823" count="73" type="cond" truecount="1" falsecount="1"/>
        <line num="824" count="73" type="cond" truecount="2" falsecount="0"/>
        <line num="825" count="20" type="stmt"/>
        <line num="826" count="20" type="stmt"/>
        <line num="828" count="73" type="stmt"/>
        <line num="829" count="73" type="stmt"/>
        <line num="831" count="39" type="cond" truecount="2" falsecount="0"/>
        <line num="833" count="73" type="stmt"/>
        <line num="837" count="73" type="stmt"/>
        <line num="838" count="73" type="stmt"/>
        <line num="839" count="73" type="stmt"/>
        <line num="840" count="73" type="stmt"/>
        <line num="844" count="77" type="stmt"/>
        <line num="845" count="77" type="cond" truecount="4" falsecount="0"/>
        <line num="847" count="74" type="stmt"/>
        <line num="848" count="74" type="cond" truecount="2" falsecount="0"/>
        <line num="850" count="77" type="cond" truecount="2" falsecount="0"/>
        <line num="851" count="1" type="stmt"/>
        <line num="854" count="73" type="cond" truecount="2" falsecount="0"/>
        <line num="855" count="7" type="stmt"/>
        <line num="858" count="66" type="cond" truecount="2" falsecount="0"/>
        <line num="859" count="77" type="cond" truecount="2" falsecount="0"/>
        <line num="860" count="77" type="cond" truecount="2" falsecount="0"/>
        <line num="861" count="77" type="cond" truecount="2" falsecount="0"/>
        <line num="862" count="3" type="stmt"/>
        <line num="864" count="77" type="cond" truecount="2" falsecount="0"/>
        <line num="865" count="77" type="cond" truecount="2" falsecount="0"/>
        <line num="866" count="77" type="cond" truecount="2" falsecount="0"/>
        <line num="868" count="77" type="cond" truecount="2" falsecount="0"/>
        <line num="869" count="19" type="stmt"/>
        <line num="870" count="19" type="stmt"/>
        <line num="871" count="19" type="cond" truecount="0" falsecount="2"/>
        <line num="874" count="66" type="stmt"/>
        <line num="875" count="66" type="stmt"/>
        <line num="876" count="66" type="stmt"/>
        <line num="877" count="66" type="stmt"/>
        <line num="889" count="66" type="stmt"/>
        <line num="890" count="66" type="cond" truecount="4" falsecount="0"/>
        <line num="891" count="1" type="stmt"/>
        <line num="894" count="66" type="stmt"/>
        <line num="900" count="1" type="cond" truecount="3" falsecount="1"/>
        <line num="911" count="77" type="stmt"/>
        <line num="912" count="77" type="stmt"/>
        <line num="913" count="77" type="stmt"/>
        <line num="915" count="77" type="stmt"/>
        <line num="949" count="7" type="cond" truecount="2" falsecount="0"/>
        <line num="950" count="5" type="stmt"/>
        <line num="954" count="11" type="cond" truecount="2" falsecount="0"/>
        <line num="955" count="5" type="stmt"/>
        <line num="956" count="5" type="stmt"/>
        <line num="957" count="5" type="stmt"/>
        <line num="958" count="5" type="stmt"/>
        <line num="959" count="5" type="stmt"/>
        <line num="960" count="5" type="stmt"/>
        <line num="964" count="66" type="cond" truecount="4" falsecount="0"/>
        <line num="965" count="4" type="stmt"/>
        <line num="966" count="4" type="stmt"/>
        <line num="968" count="4" type="cond" truecount="4" falsecount="0"/>
        <line num="971" count="66" type="cond" truecount="4" falsecount="0"/>
        <line num="972" count="66" type="cond" truecount="4" falsecount="0"/>
        <line num="973" count="66" type="cond" truecount="2" falsecount="0"/>
        <line num="975" count="66" type="cond" truecount="2" falsecount="0"/>
        <line num="976" count="66" type="cond" truecount="7" falsecount="0"/>
        <line num="977" count="2" type="stmt"/>
        <line num="981" count="66" type="cond" truecount="2" falsecount="0"/>
        <line num="982" count="45" type="stmt"/>
        <line num="983" count="45" type="stmt"/>
        <line num="984" count="18" type="cond" truecount="4" falsecount="0"/>
        <line num="985" count="17" type="stmt"/>
        <line num="986" count="17" type="cond" truecount="4" falsecount="0"/>
        <line num="987" count="16" type="stmt"/>
        <line num="988" count="16" type="cond" truecount="5" falsecount="0"/>
        <line num="990" count="8" type="stmt"/>
        <line num="991" count="8" type="cond" truecount="4" falsecount="0"/>
        <line num="992" count="7" type="stmt"/>
        <line num="994" count="1" type="stmt"/>
        <line num="997" count="18" type="stmt"/>
        <line num="1014" count="45" type="stmt"/>
        <line num="1018" count="66" type="cond" truecount="4" falsecount="0"/>
        <line num="1019" count="3" type="stmt"/>
        <line num="1020" count="3" type="cond" truecount="2" falsecount="0"/>
        <line num="1021" count="2" type="stmt"/>
        <line num="1031" count="66" type="cond" truecount="4" falsecount="0"/>
        <line num="1032" count="3" type="stmt"/>
        <line num="1033" count="3" type="cond" truecount="1" falsecount="1"/>
        <line num="1034" count="3" type="stmt"/>
        <line num="1043" count="66" type="cond" truecount="4" falsecount="0"/>
        <line num="1044" count="6" type="stmt"/>
        <line num="1045" count="6" type="cond" truecount="2" falsecount="0"/>
        <line num="1050" count="1" type="stmt"/>
        <line num="1053" count="5" type="cond" truecount="4" falsecount="0"/>
        <line num="1054" count="3" type="stmt"/>
        <line num="1055" count="3" type="cond" truecount="2" falsecount="0"/>
        <line num="1060" count="2" type="stmt"/>
        <line num="1063" count="5" type="stmt"/>
        <line num="1082" count="66" type="cond" truecount="4" falsecount="0"/>
        <line num="1083" count="4" type="stmt"/>
        <line num="1084" count="4" type="cond" truecount="1" falsecount="1"/>
        <line num="1085" count="6" type="stmt"/>
        <line num="1088" count="66" type="cond" truecount="3" falsecount="1"/>
        <line num="1091" count="66" type="stmt"/>
        <line num="1103" count="73" type="cond" truecount="2" falsecount="0"/>
        <line num="1107" count="73" type="cond" truecount="1" falsecount="1"/>
        <line num="1108" count="77" type="stmt"/>
        <line num="1113" count="73" type="cond" truecount="2" falsecount="2"/>
        <line num="1116" count="73" type="stmt"/>
        <line num="1125" count="73" type="stmt"/>
      </file>
      <file name="unsupportedDataVersion.ts" path="/Users/sercancelenk/development/workspaces/projects/leeadman/src/core/model/unsupportedDataVersion.ts">
        <metrics statements="5" coveredstatements="5" conditionals="0" coveredconditionals="0" methods="2" coveredmethods="2"/>
        <line num="2" count="2" type="stmt"/>
        <line num="7" count="2" type="stmt"/>
        <line num="10" count="2" type="stmt"/>
        <line num="11" count="2" type="stmt"/>
        <line num="16" count="1" type="stmt"/>
      </file>
    </package>
    <package name="lib">
      <metrics statements="1780" coveredstatements="1677" conditionals="1395" coveredconditionals="1094" methods="376" coveredmethods="343"/>
      <file name="NotesUnlockContext.tsx" path="/Users/sercancelenk/development/workspaces/projects/leeadman/src/lib/NotesUnlockContext.tsx">
        <metrics statements="0" coveredstatements="0" conditionals="0" coveredconditionals="0" methods="0" coveredmethods="0"/>
      </file>
      <file name="agendaEntries.ts" path="/Users/sercancelenk/development/workspaces/projects/leeadman/src/lib/agendaEntries.ts">
        <metrics statements="53" coveredstatements="53" conditionals="58" coveredconditionals="57" methods="16" coveredmethods="16"/>
        <line num="33" count="12" type="stmt"/>
        <line num="34" count="12" type="stmt"/>
        <line num="35" count="12" type="stmt"/>
        <line num="39" count="7" type="stmt"/>
        <line num="47" count="20" type="stmt"/>
        <line num="49" count="20" type="stmt"/>
        <line num="50" count="11" type="cond" truecount="4" falsecount="0"/>
        <line num="51" count="9" type="stmt"/>
        <line num="52" count="9" type="cond" truecount="2" falsecount="0"/>
        <line num="53" count="11" type="cond" truecount="2" falsecount="0"/>
        <line num="54" count="4" type="stmt"/>
        <line num="55" count="4" type="cond" truecount="2" falsecount="0"/>
        <line num="56" count="3" type="stmt"/>
        <line num="68" count="9" type="cond" truecount="4" falsecount="0"/>
        <line num="69" count="7" type="stmt"/>
        <line num="70" count="7" type="cond" truecount="2" falsecount="0"/>
        <line num="71" count="6" type="stmt"/>
        <line num="85" count="20" type="stmt"/>
        <line num="86" count="18" type="cond" truecount="2" falsecount="0"/>
        <line num="87" count="17" type="cond" truecount="4" falsecount="0"/>
        <line num="88" count="15" type="cond" truecount="1" falsecount="1"/>
        <line num="89" count="15" type="stmt"/>
        <line num="90" count="15" type="cond" truecount="2" falsecount="0"/>
        <line num="91" count="14" type="stmt"/>
        <line num="92" count="14" type="stmt"/>
        <line num="95" count="20" type="stmt"/>
        <line num="99" count="4" type="stmt"/>
        <line num="100" count="4" type="stmt"/>
        <line num="102" count="5" type="cond" truecount="2" falsecount="0"/>
        <line num="108" count="1" type="stmt"/>
        <line num="109" count="1" type="stmt"/>
        <line num="110" count="1" type="stmt"/>
        <line num="111" count="1" type="cond" truecount="2" falsecount="0"/>
        <line num="115" count="3" type="stmt"/>
        <line num="116" count="3" type="stmt"/>
        <line num="117" count="3" type="stmt"/>
        <line num="118" count="21" type="stmt"/>
        <line num="119" count="21" type="stmt"/>
        <line num="120" count="21" type="stmt"/>
        <line num="121" count="21" type="stmt"/>
        <line num="122" count="28" type="cond" truecount="2" falsecount="0"/>
        <line num="123" count="21" type="cond" truecount="4" falsecount="0"/>
        <line num="124" count="6" type="stmt"/>
        <line num="137" count="21" type="stmt"/>
        <line num="141" count="4" type="cond" truecount="2" falsecount="0"/>
        <line num="142" count="2" type="cond" truecount="2" falsecount="0"/>
        <line num="144" count="2" type="cond" truecount="2" falsecount="0"/>
        <line num="148" count="2" type="cond" truecount="2" falsecount="0"/>
        <line num="152" count="3" type="cond" truecount="2" falsecount="0"/>
        <line num="153" count="1" type="stmt"/>
        <line num="155" count="2" type="cond" truecount="2" falsecount="0"/>
        <line num="156" count="1" type="stmt"/>
        <line num="158" count="1" type="stmt"/>
      </file>
      <file name="ai.ts" path="/Users/sercancelenk/development/workspaces/projects/leeadman/src/lib/ai.ts">
        <metrics statements="122" coveredstatements="112" conditionals="132" coveredconditionals="91" methods="20" coveredmethods="20"/>
        <line num="54" count="6" type="stmt"/>
        <line num="55" count="6" type="stmt"/>
        <line num="56" count="6" type="stmt"/>
        <line num="57" count="6" type="stmt"/>
        <line num="58" count="6" type="cond" truecount="1" falsecount="1"/>
        <line num="63" count="9" type="cond" truecount="2" falsecount="0"/>
        <line num="69" count="20" type="cond" truecount="2" falsecount="0"/>
        <line num="72" count="1" type="stmt"/>
        <line num="87" count="11" type="stmt"/>
        <line num="88" count="11" type="cond" truecount="2" falsecount="0"/>
        <line num="89" count="1" type="stmt"/>
        <line num="93" count="10" type="cond" truecount="2" falsecount="0"/>
        <line num="94" count="1" type="stmt"/>
        <line num="96" count="9" type="stmt"/>
        <line num="97" count="9" type="cond" truecount="1" falsecount="1"/>
        <line num="98" count="11" type="cond" truecount="3" falsecount="0"/>
        <line num="99" count="11" type="cond" truecount="2" falsecount="0"/>
        <line num="101" count="11" type="cond" truecount="3" falsecount="1"/>
        <line num="103" count="1" type="stmt"/>
        <line num="105" count="6" type="stmt"/>
        <line num="107" count="2" type="stmt"/>
        <line num="109" count="0" type="stmt"/>
        <line num="130" count="1" type="stmt"/>
        <line num="144" count="1" type="stmt"/>
        <line num="147" count="1" type="cond" truecount="1" falsecount="1"/>
        <line num="148" count="1" type="stmt"/>
        <line num="152" count="1" type="cond" truecount="1" falsecount="1"/>
        <line num="153" count="1" type="cond" truecount="2" falsecount="0"/>
        <line num="154" count="1" type="stmt"/>
        <line num="157" count="1" type="cond" truecount="1" falsecount="1"/>
        <line num="162" count="1" type="cond" truecount="1" falsecount="1"/>
        <line num="167" count="1" type="stmt"/>
        <line num="178" count="6" type="stmt"/>
        <line num="190" count="6" type="stmt"/>
        <line num="194" count="6" type="cond" truecount="2" falsecount="0"/>
        <line num="195" count="5" type="stmt"/>
        <line num="198" count="5" type="cond" truecount="1" falsecount="1"/>
        <line num="199" count="6" type="cond" truecount="1" falsecount="1"/>
        <line num="200" count="5" type="stmt"/>
        <line num="206" count="6" type="cond" truecount="3" falsecount="1"/>
        <line num="207" count="6" type="stmt"/>
        <line num="221" count="2" type="stmt"/>
        <line num="223" count="2" type="stmt"/>
        <line num="227" count="2" type="stmt"/>
        <line num="237" count="2" type="cond" truecount="2" falsecount="0"/>
        <line num="241" count="1" type="cond" truecount="3" falsecount="1"/>
        <line num="242" count="1" type="stmt"/>
        <line num="248" count="0" type="stmt"/>
        <line num="250" count="1" type="stmt"/>
        <line num="256" count="1" type="cond" truecount="1" falsecount="1"/>
        <line num="257" count="2" type="stmt"/>
        <line num="258" count="1" type="cond" truecount="1" falsecount="1"/>
        <line num="261" count="2" type="cond" truecount="1" falsecount="1"/>
        <line num="264" count="1" type="stmt"/>
        <line num="266" count="2" type="cond" truecount="2" falsecount="2"/>
        <line num="267" count="2" type="stmt"/>
        <line num="271" count="1" type="stmt"/>
        <line num="272" count="1" type="stmt"/>
        <line num="273" count="1" type="stmt"/>
        <line num="275" count="0" type="stmt"/>
        <line num="277" count="1" type="stmt"/>
        <line num="278" count="1" type="stmt"/>
        <line num="279" count="1" type="stmt"/>
        <line num="280" count="1" type="stmt"/>
        <line num="281" count="1" type="cond" truecount="3" falsecount="1"/>
        <line num="285" count="1" type="stmt"/>
        <line num="286" count="1" type="cond" truecount="1" falsecount="1"/>
        <line num="287" count="1" type="stmt"/>
        <line num="292" count="1" type="cond" truecount="2" falsecount="2"/>
        <line num="293" count="1" type="cond" truecount="2" falsecount="2"/>
        <line num="294" count="0" type="cond" truecount="0" falsecount="2"/>
        <line num="295" count="0" type="cond" truecount="0" falsecount="2"/>
        <line num="296" count="0" type="cond" truecount="0" falsecount="2"/>
        <line num="297" count="0" type="stmt"/>
        <line num="301" count="1" type="cond" truecount="1" falsecount="1"/>
        <line num="309" count="2" type="stmt"/>
        <line num="310" count="2" type="stmt"/>
        <line num="311" count="2" type="cond" truecount="4" falsecount="0"/>
        <line num="312" count="1" type="stmt"/>
        <line num="313" count="1" type="stmt"/>
        <line num="314" count="1" type="stmt"/>
        <line num="316" count="2" type="cond" truecount="4" falsecount="0"/>
        <line num="317" count="1" type="stmt"/>
        <line num="318" count="1" type="stmt"/>
        <line num="319" count="1" type="stmt"/>
        <line num="321" count="2" type="stmt"/>
        <line num="322" count="2" type="stmt"/>
        <line num="323" count="2" type="stmt"/>
        <line num="347" count="1" type="stmt"/>
        <line num="402" count="4" type="cond" truecount="1" falsecount="1"/>
        <line num="403" count="0" type="stmt"/>
        <line num="405" count="4" type="stmt"/>
        <line num="406" count="4" type="cond" truecount="2" falsecount="0"/>
        <line num="408" count="3" type="cond" truecount="2" falsecount="0"/>
        <line num="410" count="4" type="cond" truecount="1" falsecount="1"/>
        <line num="418" count="4" type="stmt"/>
        <line num="423" count="4" type="stmt"/>
        <line num="433" count="3" type="stmt"/>
        <line num="438" count="3" type="stmt"/>
        <line num="439" count="3" type="stmt"/>
        <line num="440" count="3" type="cond" truecount="2" falsecount="0"/>
        <line num="444" count="3" type="stmt"/>
        <line num="445" count="3" type="stmt"/>
        <line num="446" count="3" type="cond" truecount="4" falsecount="0"/>
        <line num="447" count="1" type="stmt"/>
        <line num="449" count="2" type="stmt"/>
        <line num="452" count="2" type="stmt"/>
        <line num="453" count="2" type="stmt"/>
        <line num="455" count="0" type="cond" truecount="0" falsecount="2"/>
        <line num="457" count="2" type="cond" truecount="1" falsecount="1"/>
        <line num="458" count="0" type="stmt"/>
        <line num="461" count="2" type="stmt"/>
        <line num="462" count="2" type="stmt"/>
        <line num="463" count="3" type="cond" truecount="3" falsecount="1"/>
        <line num="464" count="3" type="stmt"/>
        <line num="465" count="3" type="cond" truecount="1" falsecount="1"/>
        <line num="466" count="3" type="cond" truecount="2" falsecount="0"/>
        <line num="467" count="2" type="cond" truecount="2" falsecount="2"/>
        <line num="468" count="3" type="cond" truecount="2" falsecount="0"/>
        <line num="470" count="3" type="cond" truecount="6" falsecount="0"/>
        <line num="471" count="3" type="stmt"/>
        <line num="473" count="2" type="stmt"/>
      </file>
      <file name="appBranding.ts" path="/Users/sercancelenk/development/workspaces/projects/leeadman/src/lib/appBranding.ts">
        <metrics statements="18" coveredstatements="18" conditionals="6" coveredconditionals="4" methods="2" coveredmethods="2"/>
        <line num="27" count="12" type="stmt"/>
        <line num="28" count="12" type="stmt"/>
        <line num="31" count="12" type="stmt"/>
        <line num="32" count="12" type="stmt"/>
        <line num="38" count="12" type="stmt"/>
        <line num="45" count="12" type="stmt"/>
        <line num="46" count="12" type="stmt"/>
        <line num="52" count="12" type="stmt"/>
        <line num="53" count="12" type="stmt"/>
        <line num="60" count="12" type="stmt"/>
        <line num="61" count="12" type="stmt"/>
        <line num="69" count="12" type="stmt"/>
        <line num="70" count="12" type="stmt"/>
        <line num="86" count="5" type="cond" truecount="1" falsecount="1"/>
        <line num="87" count="5" type="cond" truecount="1" falsecount="1"/>
        <line num="88" count="5" type="cond" truecount="2" falsecount="0"/>
        <line num="89" count="5" type="stmt"/>
        <line num="94" count="1" type="stmt"/>
      </file>
      <file name="appDataSave.ts" path="/Users/sercancelenk/development/workspaces/projects/leeadman/src/lib/appDataSave.ts">
        <metrics statements="9" coveredstatements="8" conditionals="20" coveredconditionals="16" methods="1" coveredmethods="1"/>
        <line num="14" count="4" type="cond" truecount="2" falsecount="0"/>
        <line num="15" count="1" type="stmt"/>
        <line num="17" count="3" type="cond" truecount="2" falsecount="0"/>
        <line num="18" count="1" type="stmt"/>
        <line num="25" count="2" type="cond" truecount="5" falsecount="0"/>
        <line num="26" count="1" type="stmt"/>
        <line num="32" count="1" type="cond" truecount="4" falsecount="1"/>
        <line num="33" count="1" type="stmt"/>
        <line num="41" count="0" type="stmt"/>
      </file>
      <file name="appProfileLabel.ts" path="/Users/sercancelenk/development/workspaces/projects/leeadman/src/lib/appProfileLabel.ts">
        <metrics statements="18" coveredstatements="18" conditionals="23" coveredconditionals="22" methods="3" coveredmethods="3"/>
        <line num="19" count="6" type="stmt"/>
        <line num="20" count="13" type="stmt"/>
        <line num="21" count="13" type="cond" truecount="2" falsecount="0"/>
        <line num="28" count="4" type="stmt"/>
        <line num="31" count="2" type="stmt"/>
        <line num="35" count="3" type="cond" truecount="4" falsecount="0"/>
        <line num="36" count="1" type="stmt"/>
        <line num="38" count="2" type="cond" truecount="2" falsecount="0"/>
        <line num="39" count="1" type="stmt"/>
        <line num="41" count="1" type="stmt"/>
        <line num="50" count="6" type="stmt"/>
        <line num="52" count="6" type="cond" truecount="2" falsecount="0"/>
        <line num="53" count="3" type="cond" truecount="3" falsecount="1"/>
        <line num="54" count="3" type="stmt"/>
        <line num="62" count="3" type="cond" truecount="2" falsecount="0"/>
        <line num="63" count="1" type="stmt"/>
        <line num="66" count="2" type="stmt"/>
        <line num="67" count="2" type="stmt"/>
      </file>
      <file name="categories.ts" path="/Users/sercancelenk/development/workspaces/projects/leeadman/src/lib/categories.ts">
        <metrics statements="8" coveredstatements="8" conditionals="4" coveredconditionals="4" methods="4" coveredmethods="4"/>
        <line num="4" count="1" type="stmt"/>
        <line num="7" count="3" type="stmt"/>
        <line num="8" count="2" type="stmt"/>
        <line num="9" count="2" type="stmt"/>
        <line num="10" count="6" type="cond" truecount="2" falsecount="0"/>
        <line num="11" count="5" type="stmt"/>
        <line num="12" count="6" type="cond" truecount="2" falsecount="0"/>
        <line num="14" count="2" type="stmt"/>
      </file>
      <file name="datetime.ts" path="/Users/sercancelenk/development/workspaces/projects/leeadman/src/lib/datetime.ts">
        <metrics statements="28" coveredstatements="28" conditionals="30" coveredconditionals="30" methods="8" coveredmethods="8"/>
        <line num="2" count="8" type="stmt"/>
        <line num="7" count="4" type="cond" truecount="2" falsecount="0"/>
        <line num="8" count="2" type="stmt"/>
        <line num="9" count="2" type="cond" truecount="2" falsecount="0"/>
        <line num="10" count="1" type="stmt"/>
        <line num="14" count="4" type="cond" truecount="2" falsecount="0"/>
        <line num="15" count="2" type="stmt"/>
        <line num="16" count="2" type="cond" truecount="2" falsecount="0"/>
        <line num="17" count="1" type="stmt"/>
        <line num="21" count="4" type="cond" truecount="2" falsecount="0"/>
        <line num="22" count="2" type="stmt"/>
        <line num="23" count="2" type="cond" truecount="2" falsecount="0"/>
        <line num="24" count="1" type="stmt"/>
        <line num="29" count="3" type="cond" truecount="2" falsecount="0"/>
        <line num="30" count="2" type="stmt"/>
        <line num="31" count="2" type="cond" truecount="2" falsecount="0"/>
        <line num="32" count="1" type="stmt"/>
        <line num="37" count="3" type="cond" truecount="2" falsecount="0"/>
        <line num="38" count="2" type="stmt"/>
        <line num="39" count="2" type="cond" truecount="2" falsecount="0"/>
        <line num="40" count="1" type="stmt"/>
        <line num="45" count="3" type="stmt"/>
        <line num="46" count="3" type="cond" truecount="2" falsecount="0"/>
        <line num="47" count="2" type="stmt"/>
        <line num="53" count="5" type="cond" truecount="2" falsecount="0"/>
        <line num="54" count="3" type="stmt"/>
        <line num="55" count="3" type="cond" truecount="2" falsecount="0"/>
        <line num="56" count="2" type="stmt"/>
      </file>
      <file name="features.tsx" path="/Users/sercancelenk/development/workspaces/projects/leeadman/src/lib/features.tsx">
        <metrics statements="75" coveredstatements="75" conditionals="100" coveredconditionals="91" methods="13" coveredmethods="12"/>
        <line num="67" count="3" type="stmt"/>
        <line num="95" count="3" type="stmt"/>
        <line num="132" count="3" type="stmt"/>
        <line num="180" count="18" type="cond" truecount="4" falsecount="0"/>
        <line num="181" count="14" type="stmt"/>
        <line num="182" count="14" type="cond" truecount="2" falsecount="0"/>
        <line num="183" count="18" type="cond" truecount="2" falsecount="0"/>
        <line num="184" count="11" type="cond" truecount="2" falsecount="0"/>
        <line num="186" count="18" type="cond" truecount="6" falsecount="0"/>
        <line num="191" count="18" type="cond" truecount="4" falsecount="0"/>
        <line num="192" count="5" type="stmt"/>
        <line num="193" count="5" type="stmt"/>
        <line num="194" count="5" type="cond" truecount="4" falsecount="0"/>
        <line num="195" count="2" type="stmt"/>
        <line num="196" count="2" type="stmt"/>
        <line num="197" count="2" type="cond" truecount="2" falsecount="0"/>
        <line num="198" count="2" type="cond" truecount="2" falsecount="0"/>
        <line num="200" count="5" type="cond" truecount="2" falsecount="0"/>
        <line num="201" count="5" type="cond" truecount="1" falsecount="1"/>
        <line num="202" count="5" type="cond" truecount="2" falsecount="0"/>
        <line num="203" count="5" type="cond" truecount="2" falsecount="0"/>
        <line num="206" count="11" type="cond" truecount="4" falsecount="0"/>
        <line num="207" count="8" type="stmt"/>
        <line num="226" count="23" type="cond" truecount="2" falsecount="0"/>
        <line num="228" count="23" type="cond" truecount="2" falsecount="0"/>
        <line num="232" count="6" type="stmt"/>
        <line num="233" count="6" type="stmt"/>
        <line num="242" count="6" type="stmt"/>
        <line num="253" count="17" type="cond" truecount="2" falsecount="0"/>
        <line num="254" count="8" type="cond" truecount="2" falsecount="0"/>
        <line num="255" count="8" type="stmt"/>
        <line num="256" count="8" type="stmt"/>
        <line num="265" count="8" type="stmt"/>
        <line num="276" count="9" type="cond" truecount="2" falsecount="0"/>
        <line num="277" count="2" type="stmt"/>
        <line num="283" count="7" type="stmt"/>
        <line num="294" count="3" type="stmt"/>
        <line num="297" count="3" type="cond" truecount="3" falsecount="1"/>
        <line num="298" count="3" type="stmt"/>
        <line num="299" count="3" type="stmt"/>
        <line num="300" count="3" type="cond" truecount="4" falsecount="1"/>
        <line num="304" count="3" type="stmt"/>
        <line num="308" count="1" type="cond" truecount="3" falsecount="1"/>
        <line num="309" count="1" type="stmt"/>
        <line num="310" count="1" type="cond" truecount="1" falsecount="1"/>
        <line num="311" count="1" type="stmt"/>
        <line num="325" count="3" type="stmt"/>
        <line num="328" count="7" type="stmt"/>
        <line num="329" count="7" type="stmt"/>
        <line num="330" count="7" type="stmt"/>
        <line num="332" count="7" type="stmt"/>
        <line num="333" count="3" type="stmt"/>
        <line num="334" count="3" type="stmt"/>
        <line num="335" count="3" type="stmt"/>
        <line num="336" count="3" type="cond" truecount="1" falsecount="1"/>
        <line num="337" count="3" type="stmt"/>
        <line num="338" count="3" type="stmt"/>
        <line num="339" count="2" type="cond" truecount="1" falsecount="1"/>
        <line num="340" count="2" type="cond" truecount="2" falsecount="0"/>
        <line num="342" count="1" type="cond" truecount="1" falsecount="1"/>
        <line num="345" count="3" type="cond" truecount="1" falsecount="1"/>
        <line num="347" count="3" type="stmt"/>
        <line num="348" count="3" type="stmt"/>
        <line num="352" count="7" type="stmt"/>
        <line num="353" count="1" type="stmt"/>
        <line num="354" count="1" type="stmt"/>
        <line num="357" count="7" type="stmt"/>
        <line num="358" count="7" type="stmt"/>
        <line num="359" count="7" type="stmt"/>
        <line num="367" count="7" type="stmt"/>
        <line num="371" count="8" type="stmt"/>
        <line num="372" count="8" type="cond" truecount="2" falsecount="0"/>
        <line num="380" count="1" type="stmt"/>
        <line num="381" count="1" type="stmt"/>
        <line num="388" count="7" type="stmt"/>
      </file>
      <file name="labels.ts" path="/Users/sercancelenk/development/workspaces/projects/leeadman/src/lib/labels.ts">
        <metrics statements="2" coveredstatements="2" conditionals="2" coveredconditionals="2" methods="1" coveredmethods="1"/>
        <line num="3" count="1" type="stmt"/>
        <line num="12" count="11" type="cond" truecount="2" falsecount="0"/>
      </file>
      <file name="lanAttachmentSync.ts" path="/Users/sercancelenk/development/workspaces/projects/leeadman/src/lib/lanAttachmentSync.ts">
        <metrics statements="16" coveredstatements="16" conditionals="18" coveredconditionals="15" methods="1" coveredmethods="1"/>
        <line num="25" count="9" type="stmt"/>
        <line num="26" count="9" type="cond" truecount="4" falsecount="0"/>
        <line num="28" count="5" type="stmt"/>
        <line num="29" count="5" type="cond" truecount="2" falsecount="0"/>
        <line num="31" count="4" type="stmt"/>
        <line num="33" count="4" type="stmt"/>
        <line num="34" count="4" type="cond" truecount="2" falsecount="0"/>
        <line num="35" count="1" type="stmt"/>
        <line num="36" count="1" type="cond" truecount="1" falsecount="1"/>
        <line num="37" count="1" type="stmt"/>
        <line num="38" count="1" type="cond" truecount="1" falsecount="1"/>
        <line num="41" count="4" type="stmt"/>
        <line num="42" count="4" type="cond" truecount="2" falsecount="0"/>
        <line num="43" count="2" type="cond" truecount="1" falsecount="1"/>
        <line num="44" count="2" type="stmt"/>
        <line num="45" count="2" type="cond" truecount="2" falsecount="0"/>
      </file>
      <file name="lanSyncClient.ts" path="/Users/sercancelenk/development/workspaces/projects/leeadman/src/lib/lanSyncClient.ts">
        <metrics statements="169" coveredstatements="151" conditionals="164" coveredconditionals="117" methods="23" coveredmethods="22"/>
        <line num="26" count="3" type="stmt"/>
        <line num="27" count="3" type="stmt"/>
        <line num="53" count="11" type="cond" truecount="3" falsecount="1"/>
        <line num="54" count="11" type="stmt"/>
        <line num="55" count="11" type="stmt"/>
        <line num="56" count="11" type="cond" truecount="2" falsecount="0"/>
        <line num="57" count="6" type="stmt"/>
        <line num="58" count="6" type="cond" truecount="3" falsecount="1"/>
        <line num="59" count="5" type="cond" truecount="4" falsecount="0"/>
        <line num="60" count="4" type="stmt"/>
        <line num="70" count="1" type="stmt"/>
        <line num="80" count="2" type="stmt"/>
        <line num="81" count="2" type="stmt"/>
        <line num="89" count="2" type="cond" truecount="3" falsecount="1"/>
        <line num="90" count="2" type="stmt"/>
        <line num="91" count="2" type="stmt"/>
        <line num="98" count="2" type="stmt"/>
        <line num="103" count="1" type="cond" truecount="3" falsecount="1"/>
        <line num="104" count="1" type="stmt"/>
        <line num="105" count="1" type="stmt"/>
        <line num="118" count="2" type="stmt"/>
        <line num="119" count="2" type="cond" truecount="2" falsecount="0"/>
        <line num="120" count="1" type="stmt"/>
        <line num="142" count="3" type="stmt"/>
        <line num="145" count="9" type="stmt"/>
        <line num="146" count="9" type="cond" truecount="2" falsecount="0"/>
        <line num="147" count="7" type="cond" truecount="2" falsecount="0"/>
        <line num="148" count="9" type="stmt"/>
        <line num="149" count="9" type="stmt"/>
        <line num="150" count="9" type="cond" truecount="2" falsecount="0"/>
        <line num="151" count="7" type="stmt"/>
        <line num="153" count="0" type="stmt"/>
        <line num="172" count="1" type="stmt"/>
        <line num="173" count="1" type="cond" truecount="1" falsecount="1"/>
        <line num="174" count="1" type="stmt"/>
        <line num="175" count="1" type="cond" truecount="1" falsecount="1"/>
        <line num="176" count="1" type="stmt"/>
        <line num="188" count="1" type="cond" truecount="1" falsecount="1"/>
        <line num="189" count="1" type="stmt"/>
        <line num="190" count="1" type="stmt"/>
        <line num="191" count="1" type="cond" truecount="1" falsecount="1"/>
        <line num="192" count="1" type="stmt"/>
        <line num="193" count="1" type="cond" truecount="1" falsecount="1"/>
        <line num="199" count="1" type="stmt"/>
        <line num="208" count="1" type="cond" truecount="3" falsecount="1"/>
        <line num="209" count="1" type="stmt"/>
        <line num="210" count="1" type="stmt"/>
        <line num="211" count="1" type="cond" truecount="1" falsecount="1"/>
        <line num="212" count="1" type="stmt"/>
        <line num="213" count="1" type="stmt"/>
        <line num="214" count="1" type="cond" truecount="1" falsecount="1"/>
        <line num="215" count="1" type="stmt"/>
        <line num="245" count="37" type="cond" truecount="3" falsecount="1"/>
        <line num="250" count="0" type="stmt"/>
        <line num="252" count="37" type="stmt"/>
        <line num="253" count="37" type="stmt"/>
        <line num="254" count="37" type="stmt"/>
        <line num="255" count="37" type="stmt"/>
        <line num="256" count="1184" type="stmt"/>
        <line num="257" count="37" type="stmt"/>
        <line num="261" count="1" type="cond" truecount="1" falsecount="1"/>
        <line num="262" count="1" type="stmt"/>
        <line num="263" count="1" type="stmt"/>
        <line num="267" count="1" type="cond" truecount="1" falsecount="1"/>
        <line num="268" count="1" type="stmt"/>
        <line num="269" count="1" type="stmt"/>
        <line num="270" count="1" type="cond" truecount="1" falsecount="1"/>
        <line num="271" count="1" type="stmt"/>
        <line num="272" count="1" type="stmt"/>
        <line num="274" count="0" type="stmt"/>
        <line num="283" count="7" type="cond" truecount="2" falsecount="0"/>
        <line num="284" count="6" type="stmt"/>
        <line num="285" count="6" type="cond" truecount="2" falsecount="0"/>
        <line num="286" count="5" type="stmt"/>
        <line num="287" count="5" type="stmt"/>
        <line num="288" count="5" type="cond" truecount="2" falsecount="0"/>
        <line num="289" count="4" type="cond" truecount="2" falsecount="0"/>
        <line num="290" count="3" type="stmt"/>
        <line num="291" count="3" type="cond" truecount="2" falsecount="0"/>
        <line num="292" count="2" type="stmt"/>
        <line num="293" count="2" type="cond" truecount="2" falsecount="0"/>
        <line num="294" count="1" type="stmt"/>
        <line num="295" count="1" type="stmt"/>
        <line num="325" count="17" type="cond" truecount="1" falsecount="1"/>
        <line num="326" count="17" type="cond" truecount="2" falsecount="0"/>
        <line num="327" count="1" type="stmt"/>
        <line num="331" count="16" type="stmt"/>
        <line num="332" count="16" type="stmt"/>
        <line num="333" count="16" type="stmt"/>
        <line num="347" count="5" type="cond" truecount="2" falsecount="0"/>
        <line num="349" count="4" type="stmt"/>
        <line num="350" count="4" type="cond" truecount="1" falsecount="1"/>
        <line num="353" count="4" type="stmt"/>
        <line num="354" count="4" type="stmt"/>
        <line num="356" count="0" type="cond" truecount="0" falsecount="2"/>
        <line num="357" count="0" type="cond" truecount="0" falsecount="2"/>
        <line num="360" count="4" type="cond" truecount="2" falsecount="0"/>
        <line num="361" count="3" type="cond" truecount="2" falsecount="0"/>
        <line num="362" count="2" type="cond" truecount="2" falsecount="0"/>
        <line num="363" count="1" type="cond" truecount="1" falsecount="1"/>
        <line num="365" count="0" type="stmt"/>
        <line num="366" count="0" type="stmt"/>
        <line num="367" count="0" type="stmt"/>
        <line num="371" count="0" type="stmt"/>
        <line num="374" count="1" type="cond" truecount="1" falsecount="1"/>
        <line num="375" count="5" type="stmt"/>
        <line num="376" count="5" type="stmt"/>
        <line num="377" count="1" type="stmt"/>
        <line num="378" count="5" type="cond" truecount="3" falsecount="1"/>
        <line num="379" count="0" type="stmt"/>
        <line num="381" count="1" type="cond" truecount="1" falsecount="1"/>
        <line num="383" count="0" type="cond" truecount="0" falsecount="2"/>
        <line num="400" count="4" type="cond" truecount="1" falsecount="1"/>
        <line num="402" count="4" type="stmt"/>
        <line num="406" count="4" type="cond" truecount="1" falsecount="1"/>
        <line num="409" count="4" type="stmt"/>
        <line num="410" count="4" type="stmt"/>
        <line num="416" count="1" type="cond" truecount="1" falsecount="1"/>
        <line num="417" count="0" type="cond" truecount="0" falsecount="2"/>
        <line num="420" count="3" type="cond" truecount="1" falsecount="1"/>
        <line num="421" count="3" type="cond" truecount="2" falsecount="0"/>
        <line num="422" count="2" type="cond" truecount="2" falsecount="0"/>
        <line num="425" count="1" type="stmt"/>
        <line num="426" count="1" type="stmt"/>
        <line num="427" count="1" type="stmt"/>
        <line num="428" count="1" type="stmt"/>
        <line num="432" count="1" type="cond" truecount="1" falsecount="2"/>
        <line num="434" count="1" type="cond" truecount="1" falsecount="1"/>
        <line num="436" count="0" type="stmt"/>
        <line num="437" count="0" type="stmt"/>
        <line num="438" count="0" type="stmt"/>
        <line num="442" count="0" type="stmt"/>
        <line num="445" count="1" type="cond" truecount="1" falsecount="1"/>
        <line num="447" count="4" type="stmt"/>
        <line num="448" count="4" type="stmt"/>
        <line num="449" count="1" type="stmt"/>
        <line num="453" count="1" type="cond" truecount="1" falsecount="1"/>
        <line num="465" count="1" type="cond" truecount="1" falsecount="1"/>
        <line num="466" count="1" type="stmt"/>
        <line num="468" count="1" type="stmt"/>
        <line num="469" count="1" type="stmt"/>
        <line num="471" count="0" type="stmt"/>
        <line num="473" count="1" type="cond" truecount="1" falsecount="1"/>
        <line num="474" count="1" type="stmt"/>
        <line num="475" count="1" type="stmt"/>
        <line num="476" count="1" type="cond" truecount="1" falsecount="1"/>
        <line num="477" count="3" type="stmt"/>
        <line num="480" count="0" type="stmt"/>
        <line num="490" count="4" type="cond" truecount="1" falsecount="1"/>
        <line num="491" count="4" type="stmt"/>
        <line num="492" count="4" type="stmt"/>
        <line num="494" count="4" type="stmt"/>
        <line num="495" count="4" type="stmt"/>
        <line num="497" count="1" type="stmt"/>
        <line num="499" count="3" type="cond" truecount="2" falsecount="0"/>
        <line num="500" count="2" type="stmt"/>
        <line num="501" count="2" type="stmt"/>
        <line num="503" count="1" type="stmt"/>
        <line num="514" count="3" type="cond" truecount="1" falsecount="1"/>
        <line num="515" count="3" type="stmt"/>
        <line num="516" count="3" type="stmt"/>
        <line num="521" count="3" type="stmt"/>
        <line num="522" count="3" type="stmt"/>
        <line num="528" count="1" type="stmt"/>
        <line num="530" count="2" type="cond" truecount="1" falsecount="1"/>
        <line num="531" count="2" type="stmt"/>
        <line num="532" count="2" type="stmt"/>
        <line num="533" count="1" type="stmt"/>
        <line num="535" count="1" type="stmt"/>
      </file>
      <file name="legacyStorageMigration.ts" path="/Users/sercancelenk/development/workspaces/projects/leeadman/src/lib/legacyStorageMigration.ts">
        <metrics statements="30" coveredstatements="29" conditionals="21" coveredconditionals="19" methods="3" coveredmethods="3"/>
        <line num="21" count="1" type="stmt"/>
        <line num="28" count="6" type="stmt"/>
        <line num="29" count="6" type="cond" truecount="2" falsecount="0"/>
        <line num="30" count="5" type="stmt"/>
        <line num="31" count="5" type="cond" truecount="1" falsecount="1"/>
        <line num="32" count="5" type="stmt"/>
        <line num="33" count="5" type="stmt"/>
        <line num="35" count="0" type="stmt"/>
        <line num="40" count="8" type="stmt"/>
        <line num="41" count="8" type="stmt"/>
        <line num="42" count="8" type="stmt"/>
        <line num="43" count="8" type="stmt"/>
        <line num="44" count="7" type="stmt"/>
        <line num="45" count="7" type="cond" truecount="1" falsecount="1"/>
        <line num="46" count="7" type="cond" truecount="5" falsecount="0"/>
        <line num="49" count="6" type="stmt"/>
        <line num="50" count="6" type="stmt"/>
        <line num="56" count="8" type="stmt"/>
        <line num="57" count="6" type="cond" truecount="2" falsecount="0"/>
        <line num="59" count="8" type="stmt"/>
        <line num="63" count="7" type="cond" truecount="2" falsecount="0"/>
        <line num="64" count="6" type="stmt"/>
        <line num="65" count="6" type="cond" truecount="2" falsecount="0"/>
        <line num="67" count="1" type="stmt"/>
        <line num="69" count="4" type="stmt"/>
        <line num="70" count="4" type="stmt"/>
        <line num="71" count="4" type="stmt"/>
        <line num="72" count="4" type="cond" truecount="4" falsecount="0"/>
        <line num="74" count="3" type="stmt"/>
        <line num="78" count="4" type="stmt"/>
      </file>
      <file name="notesCrypto.ts" path="/Users/sercancelenk/development/workspaces/projects/leeadman/src/lib/notesCrypto.ts">
        <metrics statements="59" coveredstatements="56" conditionals="8" coveredconditionals="6" methods="11" coveredmethods="11"/>
        <line num="33" count="1" type="stmt"/>
        <line num="34" count="1" type="stmt"/>
        <line num="35" count="1" type="stmt"/>
        <line num="41" count="26" type="cond" truecount="2" falsecount="0"/>
        <line num="42" count="26" type="stmt"/>
        <line num="43" count="524" type="stmt"/>
        <line num="44" count="26" type="stmt"/>
        <line num="48" count="26" type="stmt"/>
        <line num="49" count="26" type="stmt"/>
        <line num="50" count="537" type="stmt"/>
        <line num="51" count="26" type="stmt"/>
        <line num="86" count="32" type="cond" truecount="3" falsecount="1"/>
        <line num="87" count="0" type="stmt"/>
        <line num="89" count="32" type="stmt"/>
        <line num="93" count="9" type="stmt"/>
        <line num="94" count="9" type="stmt"/>
        <line num="104" count="9" type="stmt"/>
        <line num="117" count="5" type="stmt"/>
        <line num="118" count="5" type="stmt"/>
        <line num="119" count="5" type="stmt"/>
        <line num="120" count="5" type="stmt"/>
        <line num="123" count="5" type="stmt"/>
        <line num="128" count="5" type="stmt"/>
        <line num="144" count="4" type="stmt"/>
        <line num="146" count="4" type="stmt"/>
        <line num="147" count="4" type="stmt"/>
        <line num="149" count="0" type="stmt"/>
        <line num="151" count="4" type="stmt"/>
        <line num="152" count="4" type="stmt"/>
        <line num="157" count="3" type="stmt"/>
        <line num="158" count="3" type="cond" truecount="1" falsecount="1"/>
        <line num="159" count="3" type="stmt"/>
        <line num="161" count="1" type="stmt"/>
        <line num="167" count="4" type="stmt"/>
        <line num="168" count="4" type="stmt"/>
        <line num="169" count="4" type="stmt"/>
        <line num="174" count="4" type="stmt"/>
        <line num="181" count="4" type="stmt"/>
        <line num="182" count="4" type="stmt"/>
        <line num="183" count="4" type="stmt"/>
        <line num="188" count="3" type="stmt"/>
        <line num="190" count="1" type="stmt"/>
        <line num="202" count="3" type="stmt"/>
        <line num="203" count="3" type="stmt"/>
        <line num="210" count="3" type="stmt"/>
        <line num="233" count="1" type="stmt"/>
        <line num="234" count="1" type="stmt"/>
        <line num="235" count="1" type="stmt"/>
        <line num="236" count="1" type="stmt"/>
        <line num="237" count="1" type="stmt"/>
        <line num="242" count="1" type="stmt"/>
        <line num="253" count="2" type="stmt"/>
        <line num="255" count="2" type="stmt"/>
        <line num="256" count="2" type="stmt"/>
        <line num="258" count="0" type="stmt"/>
        <line num="260" count="2" type="stmt"/>
        <line num="261" count="2" type="stmt"/>
        <line num="266" count="1" type="stmt"/>
        <line num="268" count="1" type="stmt"/>
      </file>
      <file name="passwordPbkdf2.ts" path="/Users/sercancelenk/development/workspaces/projects/leeadman/src/lib/passwordPbkdf2.ts">
        <metrics statements="23" coveredstatements="23" conditionals="2" coveredconditionals="2" methods="4" coveredmethods="4"/>
        <line num="4" count="12" type="stmt"/>
        <line num="5" count="12" type="stmt"/>
        <line num="6" count="288" type="stmt"/>
        <line num="7" count="12" type="stmt"/>
        <line num="11" count="6" type="stmt"/>
        <line num="12" count="6" type="stmt"/>
        <line num="13" count="120" type="stmt"/>
        <line num="14" count="6" type="stmt"/>
        <line num="18" count="6" type="stmt"/>
        <line num="19" count="6" type="stmt"/>
        <line num="20" count="6" type="stmt"/>
        <line num="21" count="6" type="stmt"/>
        <line num="26" count="6" type="stmt"/>
        <line num="30" count="3" type="stmt"/>
        <line num="31" count="3" type="stmt"/>
        <line num="32" count="3" type="stmt"/>
        <line num="33" count="3" type="stmt"/>
        <line num="38" count="3" type="stmt"/>
        <line num="39" count="3" type="stmt"/>
        <line num="40" count="3" type="cond" truecount="2" falsecount="0"/>
        <line num="41" count="2" type="stmt"/>
        <line num="42" count="64" type="stmt"/>
        <line num="43" count="2" type="stmt"/>
      </file>
      <file name="pendingSaveFlush.ts" path="/Users/sercancelenk/development/workspaces/projects/leeadman/src/lib/pendingSaveFlush.ts">
        <metrics statements="4" coveredstatements="1" conditionals="2" coveredconditionals="0" methods="3" coveredmethods="0"/>
        <line num="6" count="2" type="stmt"/>
        <line num="9" count="0" type="stmt"/>
        <line num="13" count="0" type="stmt"/>
        <line num="17" count="0" type="cond" truecount="0" falsecount="2"/>
      </file>
      <file name="persistQueue.ts" path="/Users/sercancelenk/development/workspaces/projects/leeadman/src/lib/persistQueue.ts">
        <metrics statements="18" coveredstatements="18" conditionals="2" coveredconditionals="2" methods="7" coveredmethods="7"/>
        <line num="20" count="6" type="stmt"/>
        <line num="21" count="6" type="stmt"/>
        <line num="22" count="6" type="stmt"/>
        <line num="24" count="6" type="stmt"/>
        <line num="25" count="3" type="stmt"/>
        <line num="28" count="11" type="stmt"/>
        <line num="29" count="11" type="stmt"/>
        <line num="31" count="11" type="stmt"/>
        <line num="32" count="11" type="stmt"/>
        <line num="33" count="10" type="cond" truecount="2" falsecount="0"/>
        <line num="34" count="2" type="stmt"/>
        <line num="36" count="8" type="stmt"/>
        <line num="39" count="11" type="stmt"/>
        <line num="40" count="11" type="stmt"/>
        <line num="41" count="10" type="stmt"/>
        <line num="42" count="1" type="stmt"/>
        <line num="44" count="11" type="stmt"/>
        <line num="48" count="2" type="stmt"/>
      </file>
      <file name="reminderNotify.ts" path="/Users/sercancelenk/development/workspaces/projects/leeadman/src/lib/reminderNotify.ts">
        <metrics statements="11" coveredstatements="11" conditionals="12" coveredconditionals="12" methods="5" coveredmethods="5"/>
        <line num="1" count="7" type="stmt"/>
        <line num="5" count="74" type="stmt"/>
        <line num="9" count="18" type="stmt"/>
        <line num="10" count="18" type="cond" truecount="2" falsecount="0"/>
        <line num="18" count="27" type="cond" truecount="2" falsecount="0"/>
        <line num="20" count="23" type="cond" truecount="2" falsecount="0"/>
        <line num="21" count="7" type="stmt"/>
        <line num="22" count="7" type="cond" truecount="4" falsecount="0"/>
        <line num="24" count="20" type="stmt"/>
        <line num="31" count="20" type="stmt"/>
        <line num="32" count="15" type="cond" truecount="2" falsecount="0"/>
      </file>
      <file name="richText.ts" path="/Users/sercancelenk/development/workspaces/projects/leeadman/src/lib/richText.ts">
        <metrics statements="37" coveredstatements="36" conditionals="37" coveredconditionals="32" methods="6" coveredmethods="5"/>
        <line num="35" count="9" type="stmt"/>
        <line num="36" count="9" type="stmt"/>
        <line num="39" count="2" type="stmt"/>
        <line num="42" count="9" type="stmt"/>
        <line num="48" count="9" type="stmt"/>
        <line num="103" count="19" type="cond" truecount="2" falsecount="0"/>
        <line num="104" count="18" type="stmt"/>
        <line num="106" count="18" type="stmt"/>
        <line num="107" count="73" type="cond" truecount="4" falsecount="0"/>
        <line num="109" count="1" type="cond" truecount="2" falsecount="1"/>
        <line num="111" count="1" type="cond" truecount="1" falsecount="1"/>
        <line num="112" count="1" type="stmt"/>
        <line num="114" count="72" type="cond" truecount="5" falsecount="0"/>
        <line num="115" count="1" type="stmt"/>
        <line num="116" count="1" type="cond" truecount="1" falsecount="1"/>
        <line num="117" count="1" type="stmt"/>
        <line num="119" count="71" type="cond" truecount="2" falsecount="0"/>
        <line num="120" count="24" type="stmt"/>
        <line num="121" count="24" type="stmt"/>
        <line num="123" count="47" type="stmt"/>
        <line num="124" count="47" type="cond" truecount="2" falsecount="0"/>
        <line num="125" count="55" type="stmt"/>
        <line num="126" count="40" type="cond" truecount="5" falsecount="0"/>
        <line num="127" count="18" type="stmt"/>
        <line num="131" count="18" type="stmt"/>
        <line num="132" count="18" type="stmt"/>
        <line num="139" count="31" type="stmt"/>
        <line num="143" count="27" type="cond" truecount="2" falsecount="0"/>
        <line num="144" count="26" type="stmt"/>
        <line num="145" count="26" type="stmt"/>
        <line num="146" count="26" type="cond" truecount="4" falsecount="0"/>
        <line num="147" count="22" type="stmt"/>
        <line num="148" count="22" type="cond" truecount="2" falsecount="0"/>
        <line num="149" count="21" type="stmt"/>
        <line num="151" count="3" type="stmt"/>
        <line num="156" count="0" type="stmt"/>
        <line num="160" count="9" type="stmt"/>
      </file>
      <file name="richTextAttachmentIndex.ts" path="/Users/sercancelenk/development/workspaces/projects/leeadman/src/lib/richTextAttachmentIndex.ts">
        <metrics statements="10" coveredstatements="10" conditionals="8" coveredconditionals="7" methods="2" coveredmethods="2"/>
        <line num="15" count="4" type="cond" truecount="4" falsecount="0"/>
        <line num="16" count="3" type="stmt"/>
        <line num="17" count="3" type="cond" truecount="1" falsecount="1"/>
        <line num="18" count="3" type="stmt"/>
        <line num="23" count="3" type="stmt"/>
        <line num="24" count="3" type="stmt"/>
        <line num="25" count="3" type="stmt"/>
        <line num="26" count="3" type="cond" truecount="2" falsecount="0"/>
        <line num="27" count="1" type="stmt"/>
        <line num="29" count="3" type="stmt"/>
      </file>
      <file name="richTextAttachmentStore.ts" path="/Users/sercancelenk/development/workspaces/projects/leeadman/src/lib/richTextAttachmentStore.ts">
        <metrics statements="94" coveredstatements="78" conditionals="65" coveredconditionals="32" methods="30" coveredmethods="23"/>
        <line num="18" count="8" type="stmt"/>
        <line num="19" count="8" type="stmt"/>
        <line num="20" count="8" type="stmt"/>
        <line num="22" count="8" type="stmt"/>
        <line num="25" count="1" type="stmt"/>
        <line num="26" count="1" type="stmt"/>
[...]
        <line num="295" count="34" type="cond" truecount="3" falsecount="1"/>
        <line num="296" count="34" type="stmt"/>
        <line num="297" count="34" type="stmt"/>
        <line num="315" count="22" type="stmt"/>
        <line num="322" count="22" type="stmt"/>
        <line num="323" count="22" type="stmt"/>
        <line num="324" count="29" type="stmt"/>
        <line num="329" count="2" type="cond" truecount="1" falsecount="1"/>
        <line num="331" count="20" type="cond" truecount="2" falsecount="0"/>
        <line num="332" count="19" type="cond" truecount="2" falsecount="0"/>
        <line num="334" count="2" type="stmt"/>
        <line num="335" count="2" type="stmt"/>
        <line num="336" count="1" type="stmt"/>
        <line num="340" count="2" type="stmt"/>
        <line num="342" count="17" type="stmt"/>
        <line num="343" count="17" type="stmt"/>
        <line num="344" count="16" type="cond" truecount="2" falsecount="0"/>
        <line num="346" count="1" type="cond" truecount="1" falsecount="1"/>
        <line num="358" count="7" type="stmt"/>
        <line num="359" count="7" type="stmt"/>
        <line num="360" count="9" type="stmt"/>
        <line num="365" count="1" type="cond" truecount="1" falsecount="1"/>
        <line num="367" count="6" type="cond" truecount="2" falsecount="0"/>
        <line num="368" count="5" type="cond" truecount="1" falsecount="1"/>
        <line num="369" count="5" type="stmt"/>
        <line num="370" count="5" type="stmt"/>
        <line num="371" count="5" type="stmt"/>
        <line num="373" count="0" type="cond" truecount="0" falsecount="2"/>
        <line num="389" count="1" type="stmt"/>
        <line num="390" count="1" type="stmt"/>
        <line num="397" count="1" type="stmt"/>
        <line num="398" count="1" type="stmt"/>
        <line num="402" count="1" type="stmt"/>
        <line num="403" count="1" type="stmt"/>
        <line num="404" count="1" type="stmt"/>
        <line num="405" count="1" type="stmt"/>
        <line num="406" count="1" type="stmt"/>
        <line num="409" count="1" type="stmt"/>
        <line num="410" count="1" type="stmt"/>
        <line num="411" count="1" type="stmt"/>
        <line num="421" count="0" type="cond" truecount="0" falsecount="2"/>
        <line num="423" count="1" type="cond" truecount="1" falsecount="1"/>
        <line num="424" count="1" type="cond" truecount="1" falsecount="1"/>
        <line num="426" count="0" type="stmt"/>
        <line num="427" count="0" type="stmt"/>
        <line num="428" count="0" type="stmt"/>
        <line num="432" count="0" type="stmt"/>
        <line num="434" count="1" type="stmt"/>
        <line num="435" count="1" type="stmt"/>
        <line num="436" count="1" type="stmt"/>
        <line num="438" count="0" type="cond" truecount="0" falsecount="2"/>
        <line num="449" count="4" type="stmt"/>
        <line num="450" count="4" type="stmt"/>
        <line num="451" count="4" type="stmt"/>
        <line num="464" count="0" type="cond" truecount="0" falsecount="2"/>
        <line num="466" count="4" type="cond" truecount="2" falsecount="0"/>
        <line num="467" count="3" type="cond" truecount="2" falsecount="0"/>
        <line num="468" count="2" type="cond" truecount="2" falsecount="0"/>
        <line num="470" count="1" type="stmt"/>
        <line num="471" count="1" type="stmt"/>
        <line num="472" count="1" type="stmt"/>
        <line num="476" count="1" type="stmt"/>
        <line num="478" count="1" type="stmt"/>
        <line num="479" count="1" type="stmt"/>
        <line num="480" count="1" type="stmt"/>
        <line num="482" count="0" type="cond" truecount="0" falsecount="2"/>
        <line num="491" count="5" type="cond" truecount="1" falsecount="1"/>
        <line num="492" count="5" type="cond" truecount="2" falsecount="0"/>
        <line num="493" count="4" type="cond" truecount="3" falsecount="1"/>
        <line num="494" count="2" type="stmt"/>
        <line num="498" count="2" type="cond" truecount="1" falsecount="1"/>
        <line num="501" count="0" type="stmt"/>
        <line num="502" count="2" type="cond" truecount="2" falsecount="0"/>
        <line num="503" count="1" type="cond" truecount="2" falsecount="2"/>
        <line num="504" count="0" type="stmt"/>
        <line num="508" count="3" type="cond" truecount="1" falsecount="1"/>
        <line num="509" count="0" type="stmt"/>
        <line num="510" count="3" type="cond" truecount="2" falsecount="0"/>
        <line num="511" count="2" type="cond" truecount="1" falsecount="3"/>
        <line num="512" count="2" type="cond" truecount="2" falsecount="0"/>
        <line num="513" count="1" type="stmt"/>
      </file>
      <file name="gdriveAuth.ts" path="/Users/sercancelenk/development/workspaces/projects/leeadman/src/lib/syncBackends/gdriveAuth.ts">
        <metrics statements="181" coveredstatements="177" conditionals="146" coveredconditionals="117" methods="31" coveredmethods="30"/>
        <line num="68" count="3" type="stmt"/>
        <line num="71" count="92" type="cond" truecount="3" falsecount="1"/>
        <line num="72" count="92" type="stmt"/>
        <line num="73" count="92" type="cond" truecount="2" falsecount="0"/>
        <line num="75" count="0" type="stmt"/>
        <line num="80" count="87" type="stmt"/>
        <line num="81" count="87" type="cond" truecount="2" falsecount="0"/>
        <line num="82" count="82" type="cond" truecount="1" falsecount="1"/>
        <line num="92" count="5" type="cond" truecount="2" falsecount="0"/>
        <line num="93" count="3" type="cond" truecount="1" falsecount="1"/>
        <line num="94" count="5" type="cond" truecount="2" falsecount="0"/>
        <line num="107" count="12" type="cond" truecount="3" falsecount="1"/>
        <line num="108" count="0" type="stmt"/>
        <line num="110" count="12" type="cond" truecount="2" falsecount="0"/>
        <line num="111" count="12" type="stmt"/>
        <line num="112" count="12" type="cond" truecount="2" falsecount="0"/>
        <line num="113" count="6" type="stmt"/>
        <line num="114" count="6" type="stmt"/>
        <line num="116" count="6" type="cond" truecount="2" falsecount="0"/>
        <line num="117" count="1" type="stmt"/>
        <line num="123" count="5" type="stmt"/>
        <line num="124" count="5" type="stmt"/>
        <line num="126" count="1" type="cond" truecount="1" falsecount="1"/>
        <line num="132" count="4" type="stmt"/>
        <line num="135" count="3" type="stmt"/>
        <line num="136" count="3" type="stmt"/>
        <line num="137" count="3" type="stmt"/>
        <line num="143" count="3" type="stmt"/>
        <line num="145" count="3" type="stmt"/>
        <line num="146" count="3" type="stmt"/>
        <line num="175" count="39" type="stmt"/>
        <line num="179" count="83" type="cond" truecount="3" falsecount="1"/>
        <line num="180" count="83" type="stmt"/>
        <line num="181" count="83" type="stmt"/>
        <line num="182" count="83" type="cond" truecount="2" falsecount="0"/>
        <line num="183" count="75" type="stmt"/>
        <line num="184" count="75" type="cond" truecount="4" falsecount="0"/>
        <line num="185" count="73" type="stmt"/>
        <line num="192" count="2" type="stmt"/>
        <line num="197" count="54" type="cond" truecount="3" falsecount="1"/>
        <line num="198" count="54" type="stmt"/>
        <line num="199" count="54" type="stmt"/>
        <line num="206" count="72" type="cond" truecount="3" falsecount="1"/>
        <line num="207" count="72" type="stmt"/>
        <line num="208" count="72" type="stmt"/>
        <line num="220" count="33" type="stmt"/>
        <line num="221" count="33" type="cond" truecount="2" falsecount="0"/>
        <line num="222" count="32" type="cond" truecount="2" falsecount="0"/>
        <line num="223" count="8" type="cond" truecount="2" falsecount="0"/>
        <line num="224" count="6" type="stmt"/>
        <line num="225" count="6" type="cond" truecount="2" falsecount="0"/>
        <line num="228" count="3" type="stmt"/>
        <line num="234" count="33" type="stmt"/>
        <line num="235" count="33" type="stmt"/>
        <line num="243" count="16" type="stmt"/>
        <line num="244" count="16" type="cond" truecount="2" falsecount="0"/>
        <line num="245" count="1" type="stmt"/>
        <line num="252" count="15" type="stmt"/>
        <line num="253" count="15" type="cond" truecount="2" falsecount="0"/>
        <line num="254" count="9" type="stmt"/>
        <line num="256" count="6" type="stmt"/>
        <line num="258" count="0" type="stmt"/>
        <line num="286" count="9" type="stmt"/>
        <line num="287" count="9" type="cond" truecount="2" falsecount="0"/>
        <line num="288" count="1" type="stmt"/>
        <line num="295" count="8" type="stmt"/>
        <line num="296" count="8" type="stmt"/>
        <line num="298" count="0" type="stmt"/>
        <line num="304" count="8" type="cond" truecount="4" falsecount="0"/>
        <line num="305" count="2" type="stmt"/>
        <line num="311" count="6" type="stmt"/>
        <line num="332" count="3" type="stmt"/>
        <line num="333" count="3" type="stmt"/>
        <line num="334" count="3" type="cond" truecount="2" falsecount="0"/>
        <line num="335" count="2" type="stmt"/>
        <line num="336" count="2" type="stmt"/>
        <line num="351" count="6" type="stmt"/>
        <line num="352" count="6" type="stmt"/>
        <line num="353" count="6" type="stmt"/>
        <line num="357" count="6" type="cond" truecount="3" falsecount="1"/>
        <line num="358" count="6" type="stmt"/>
        <line num="361" count="6" type="stmt"/>
        <line num="362" count="6" type="stmt"/>
        <line num="363" count="6" type="stmt"/>
        <line num="364" count="6" type="stmt"/>
        <line num="365" count="6" type="stmt"/>
        <line num="366" count="6" type="stmt"/>
        <line num="367" count="6" type="stmt"/>
        <line num="368" count="6" type="stmt"/>
        <line num="369" count="6" type="stmt"/>
        <line num="370" count="6" type="stmt"/>
        <line num="375" count="6" type="stmt"/>
        <line num="376" count="6" type="stmt"/>
        <line num="380" count="6" type="stmt"/>
        <line num="385" count="6" type="cond" truecount="2" falsecount="0"/>
        <line num="386" count="1" type="stmt"/>
        <line num="387" count="1" type="stmt"/>
        <line num="393" count="5" type="stmt"/>
        <line num="394" count="5" type="stmt"/>
        <line num="395" count="5" type="cond" truecount="2" falsecount="0"/>
        <line num="397" count="2" type="stmt"/>
        <line num="401" count="5" type="stmt"/>
        <line num="402" count="5" type="stmt"/>
        <line num="403" count="5" type="stmt"/>
        <line num="404" count="5" type="cond" truecount="2" falsecount="0"/>
        <line num="405" count="4" type="stmt"/>
        <line num="406" count="4" type="cond" truecount="3" falsecount="1"/>
        <line num="407" count="4" type="cond" truecount="2" falsecount="0"/>
        <line num="408" count="2" type="stmt"/>
        <line num="409" count="2" type="stmt"/>
        <line num="410" count="2" type="cond" truecount="1" falsecount="1"/>
        <line num="412" count="5" type="stmt"/>
        <line num="413" count="3" type="cond" truecount="3" falsecount="1"/>
        <line num="414" count="3" type="stmt"/>
        <line num="415" count="3" type="stmt"/>
        <line num="416" count="3" type="stmt"/>
        <line num="420" count="5" type="stmt"/>
        <line num="421" count="5" type="stmt"/>
        <line num="423" count="5" type="stmt"/>
        <line num="433" count="8" type="stmt"/>
        <line num="434" count="8" type="stmt"/>
        <line num="446" count="1" type="stmt"/>
        <line num="452" count="7" type="cond" truecount="2" falsecount="0"/>
        <line num="453" count="2" type="stmt"/>
        <line num="454" count="2" type="stmt"/>
        <line num="455" count="2" type="stmt"/>
        <line num="456" count="1" type="cond" truecount="1" falsecount="2"/>
        <line num="460" count="2" type="stmt"/>
        <line num="462" count="5" type="stmt"/>
        <line num="468" count="5" type="cond" truecount="1" falsecount="1"/>
        <line num="469" count="8" type="cond" truecount="2" falsecount="0"/>
        <line num="470" count="8" type="stmt"/>
        <line num="476" count="8" type="stmt"/>
        <line num="477" count="8" type="stmt"/>
        <line num="481" count="6" type="stmt"/>
        <line num="482" count="6" type="cond" truecount="2" falsecount="0"/>
        <line num="484" count="5" type="stmt"/>
        <line num="485" count="5" type="stmt"/>
        <line num="495" count="1" type="stmt"/>
        <line num="497" count="4" type="cond" truecount="2" falsecount="0"/>
        <line num="498" count="3" type="stmt"/>
        <line num="503" count="3" type="stmt"/>
        <line num="524" count="4" type="cond" truecount="1" falsecount="1"/>
        <line num="525" count="4" type="stmt"/>
        <line num="526" count="4" type="cond" truecount="2" falsecount="0"/>
        <line num="527" count="3" type="cond" truecount="1" falsecount="1"/>
        <line num="528" count="4" type="cond" truecount="2" falsecount="0"/>
        <line num="529" count="4" type="stmt"/>
        <line num="530" count="4" type="cond" truecount="2" falsecount="0"/>
        <line num="531" count="2" type="stmt"/>
        <line num="532" count="2" type="stmt"/>
        <line num="541" count="3" type="stmt"/>
        <line num="542" count="3" type="stmt"/>
        <line num="550" count="15" type="cond" truecount="1" falsecount="1"/>
        <line num="551" count="15" type="stmt"/>
        <line num="558" count="6" type="stmt"/>
        <line num="560" count="6" type="cond" truecount="1" falsecount="1"/>
        <line num="561" count="6" type="stmt"/>
        <line num="565" count="6" type="cond" truecount="3" falsecount="1"/>
        <line num="566" count="6" type="stmt"/>
        <line num="567" count="6" type="stmt"/>
        <line num="575" count="6" type="stmt"/>
        <line num="576" count="6" type="stmt"/>
        <line num="577" count="6" type="stmt"/>
        <line num="583" count="6" type="stmt"/>
        <line num="584" count="6" type="stmt"/>
        <line num="585" count="6" type="stmt"/>
        <line num="589" count="6" type="stmt"/>
        <line num="590" count="6" type="stmt"/>
        <line num="591" count="6" type="stmt"/>
        <line num="595" count="18" type="stmt"/>
        <line num="596" count="672" type="stmt"/>
        <line num="597" count="18" type="stmt"/>
        <line num="601" count="2" type="stmt"/>
        <line num="603" count="2" type="stmt"/>
        <line num="604" count="2" type="cond" truecount="1" falsecount="1"/>
        <line num="605" count="2" type="stmt"/>
        <line num="606" count="2" type="cond" truecount="1" falsecount="1"/>
        <line num="607" count="2" type="stmt"/>
        <line num="608" count="2" type="cond" truecount="1" falsecount="1"/>
        <line num="610" count="1" type="stmt"/>
      </file>
      <file name="index.ts" path="/Users/sercancelenk/development/workspaces/projects/leeadman/src/lib/syncBackends/index.ts">
        <metrics statements="24" coveredstatements="24" conditionals="24" coveredconditionals="21" methods="8" coveredmethods="7"/>
        <line num="26" count="2" type="stmt"/>
        <line num="27" count="2" type="stmt"/>
        <line num="30" count="9" type="cond" truecount="3" falsecount="1"/>
        <line num="31" count="9" type="stmt"/>
        <line num="32" count="9" type="cond" truecount="4" falsecount="0"/>
        <line num="41" count="4" type="stmt"/>
        <line num="42" count="4" type="cond" truecount="2" falsecount="0"/>
        <line num="46" count="4" type="cond" truecount="3" falsecount="1"/>
        <line num="47" count="4" type="cond" truecount="2" falsecount="0"/>
        <line num="48" count="1" type="stmt"/>
        <line num="52" count="4" type="stmt"/>
        <line num="62" count="4" type="stmt"/>
        <line num="63" count="4" type="cond" truecount="2" falsecount="0"/>
        <line num="64" count="2" type="cond" truecount="2" falsecount="0"/>
        <line num="65" count="1" type="stmt"/>
        <line num="75" count="2" type="cond" truecount="1" falsecount="1"/>
        <line num="76" count="2" type="stmt"/>
        <line num="77" count="2" type="stmt"/>
        <line num="78" count="2" type="cond" truecount="2" falsecount="0"/>
        <line num="80" count="2" type="stmt"/>
        <line num="81" count="2" type="stmt"/>
        <line num="82" count="2" type="stmt"/>
        <line num="83" count="2" type="stmt"/>
        <line num="84" count="2" type="stmt"/>
      </file>
      <file name="lan.ts" path="/Users/sercancelenk/development/workspaces/projects/leeadman/src/lib/syncBackends/lan.ts">
        <metrics statements="46" coveredstatements="46" conditionals="34" coveredconditionals="32" methods="11" coveredmethods="11"/>
        <line num="56" count="27" type="cond" truecount="2" falsecount="0"/>
        <line num="57" count="26" type="stmt"/>
        <line num="63" count="3" type="stmt"/>
        <line num="64" count="3" type="cond" truecount="2" falsecount="0"/>
        <line num="65" count="2" type="cond" truecount="4" falsecount="0"/>
        <line num="66" count="1" type="stmt"/>
        <line num="70" count="9" type="stmt"/>
        <line num="71" count="9" type="cond" truecount="2" falsecount="0"/>
        <line num="72" count="8" type="stmt"/>
        <line num="73" count="8" type="stmt"/>
        <line num="77" count="9" type="stmt"/>
        <line num="78" count="9" type="cond" truecount="2" falsecount="0"/>
        <line num="79" count="8" type="stmt"/>
        <line num="80" count="8" type="stmt"/>
        <line num="84" count="1" type="stmt"/>
        <line num="85" count="1" type="cond" truecount="1" falsecount="1"/>
        <line num="86" count="1" type="stmt"/>
        <line num="94" count="1" type="stmt"/>
        <line num="95" count="1" type="cond" truecount="1" falsecount="1"/>
        <line num="99" count="1" type="stmt"/>
        <line num="106" count="1" type="stmt"/>
        <line num="110" count="3" type="stmt"/>
        <line num="111" count="3" type="cond" truecount="2" falsecount="0"/>
        <line num="112" count="2" type="stmt"/>
        <line num="113" count="2" type="stmt"/>
        <line num="114" count="2" type="stmt"/>
        <line num="116" count="1" type="stmt"/>
        <line num="129" count="1" type="stmt"/>
        <line num="139" count="1" type="stmt"/>
        <line num="157" count="8" type="cond" truecount="8" falsecount="0"/>
        <line num="159" count="1" type="stmt"/>
        <line num="161" count="1" type="stmt"/>
        <line num="164" count="2" type="stmt"/>
        <line num="166" count="1" type="stmt"/>
        <line num="168" count="1" type="stmt"/>
        <line num="170" count="1" type="stmt"/>
        <line num="172" count="1" type="stmt"/>
        <line num="177" count="8" type="cond" truecount="8" falsecount="0"/>
        <line num="179" count="1" type="stmt"/>
        <line num="181" count="1" type="stmt"/>
        <line num="187" count="1" type="stmt"/>
        <line num="189" count="1" type="stmt"/>
        <line num="191" count="1" type="stmt"/>
        <line num="193" count="1" type="stmt"/>
        <line num="195" count="1" type="stmt"/>
        <line num="197" count="1" type="stmt"/>
      </file>
      <file name="types.ts" path="/Users/sercancelenk/development/workspaces/projects/leeadman/src/lib/syncBackends/types.ts">
        <metrics statements="0" coveredstatements="0" conditionals="0" coveredconditionals="0" methods="0" coveredmethods="0"/>
      </file>
    </package>
  </project>
</coverage>
